CRITICAL - 2024-05-16 01:48:18 --> syntax error, unexpected token ";", expecting ")"
in APPPATH\Controllers\LibraryController.php on line 425.
 1 SYSTEMPATH\Autoloader\Autoloader.php(285): CodeIgniter\Autoloader\Autoloader->includeFile('C:\\laragon\\www\\PGA-Management-System\\app\\Controllers\\LibraryController.php')
 2 SYSTEMPATH\Autoloader\Autoloader.php(263): CodeIgniter\Autoloader\Autoloader->loadInNamespace('App\\Controllers\\LibraryController')
 3 [internal function]: CodeIgniter\Autoloader\Autoloader->loadClass('App\\Controllers\\LibraryController')
 4 SYSTEMPATH\CodeIgniter.php(877): class_exists('\\App\\Controllers\\LibraryController', true)
 5 SYSTEMPATH\CodeIgniter.php(481): CodeIgniter\CodeIgniter->startController()
 6 SYSTEMPATH\CodeIgniter.php(353): CodeIgniter\CodeIgniter->handleRequest(null, Object(Config\Cache), false)
 7 FCPATH\index.php(79): CodeIgniter\CodeIgniter->run()
 8 SYSTEMPATH\Commands\Server\rewrite.php(47): require_once('C:\\laragon\\www\\PGA-Management-System\\public\\index.php')
ERROR - 2024-05-16 03:11:02 --> mysqli_sql_exception: Unknown column 'name' in 'order clause' in C:\laragon\www\PGA-Management-System\system\Database\MySQLi\Connection.php:306
Stack trace:
#0 C:\laragon\www\PGA-Management-System\system\Database\MySQLi\Connection.php(306): mysqli->query('SELECT `subject...', 0)
#1 C:\laragon\www\PGA-Management-System\system\Database\BaseConnection.php(692): CodeIgniter\Database\MySQLi\Connection->execute('SELECT `subject...')
#2 C:\laragon\www\PGA-Management-System\system\Database\BaseConnection.php(606): CodeIgniter\Database\BaseConnection->simpleQuery('SELECT `subject...')
#3 C:\laragon\www\PGA-Management-System\system\Database\BaseBuilder.php(1615): CodeIgniter\Database\BaseConnection->query('SELECT `subject...', Array, false)
#4 C:\laragon\www\PGA-Management-System\system\Model.php(237): CodeIgniter\Database\BaseBuilder->get()
#5 C:\laragon\www\PGA-Management-System\system\BaseModel.php(624): CodeIgniter\Model->doFindAll(0, 0)
#6 C:\laragon\www\PGA-Management-System\app\Controllers\RegistrarController.php(297): CodeIgniter\BaseModel->findAll()
#7 C:\laragon\www\PGA-Management-System\system\CodeIgniter.php(919): App\Controllers\RegistrarController->searchSubject()
#8 C:\laragon\www\PGA-Management-System\system\CodeIgniter.php(494): CodeIgniter\CodeIgniter->runController(Object(App\Controllers\RegistrarController))
#9 C:\laragon\www\PGA-Management-System\system\CodeIgniter.php(353): CodeIgniter\CodeIgniter->handleRequest(NULL, Object(Config\Cache), false)
#10 C:\laragon\www\PGA-Management-System\public\index.php(79): CodeIgniter\CodeIgniter->run()
#11 C:\laragon\www\PGA-Management-System\system\Commands\Server\rewrite.php(47): require_once('C:\\laragon\\www\\...')
#12 {main}
CRITICAL - 2024-05-16 03:11:02 --> Unknown column 'name' in 'order clause'
in SYSTEMPATH\Database\BaseConnection.php on line 646.
 1 SYSTEMPATH\Database\BaseBuilder.php(1615): CodeIgniter\Database\BaseConnection->query('SELECT `subjects`.`id` as `id`, `subject_name`, `type`, `teacher_id`, `yr_lvl`, `fname`, `mname`, `lname`
FROM `subjects`
INNER JOIN `teachers` ON `subjects`.`teacher_id` = `teachers`.`idnum`
WHERE `subject_name` LIKE :subject_name: ESCAPE \'!\'
ORDER BY `name`', [...], false)
 2 SYSTEMPATH\Model.php(237): CodeIgniter\Database\BaseBuilder->get()
 3 SYSTEMPATH\BaseModel.php(624): CodeIgniter\Model->doFindAll(0, 0)
 4 APPPATH\Controllers\RegistrarController.php(297): CodeIgniter\BaseModel->findAll()
 5 SYSTEMPATH\CodeIgniter.php(919): App\Controllers\RegistrarController->searchSubject()
 6 SYSTEMPATH\CodeIgniter.php(494): CodeIgniter\CodeIgniter->runController(Object(App\Controllers\RegistrarController))
 7 SYSTEMPATH\CodeIgniter.php(353): CodeIgniter\CodeIgniter->handleRequest(null, Object(Config\Cache), false)
 8 FCPATH\index.php(79): CodeIgniter\CodeIgniter->run()
 9 SYSTEMPATH\Commands\Server\rewrite.php(47): require_once('C:\\laragon\\www\\PGA-Management-System\\public\\index.php')
ERROR - 2024-05-16 03:11:02 --> mysqli_sql_exception: Unknown column 'name' in 'order clause' in C:\laragon\www\PGA-Management-System\system\Database\MySQLi\Connection.php:306
Stack trace:
#0 C:\laragon\www\PGA-Management-System\system\Database\MySQLi\Connection.php(306): mysqli->query('SELECT `subject...', 0)
#1 C:\laragon\www\PGA-Management-System\system\Database\BaseConnection.php(692): CodeIgniter\Database\MySQLi\Connection->execute('SELECT `subject...')
#2 C:\laragon\www\PGA-Management-System\system\Database\BaseConnection.php(606): CodeIgniter\Database\BaseConnection->simpleQuery('SELECT `subject...')
#3 C:\laragon\www\PGA-Management-System\system\Database\BaseBuilder.php(1615): CodeIgniter\Database\BaseConnection->query('SELECT `subject...', Array, false)
#4 C:\laragon\www\PGA-Management-System\system\Model.php(237): CodeIgniter\Database\BaseBuilder->get()
#5 C:\laragon\www\PGA-Management-System\system\BaseModel.php(624): CodeIgniter\Model->doFindAll(0, 0)
#6 C:\laragon\www\PGA-Management-System\app\Controllers\RegistrarController.php(297): CodeIgniter\BaseModel->findAll()
#7 C:\laragon\www\PGA-Management-System\system\CodeIgniter.php(919): App\Controllers\RegistrarController->searchSubject()
#8 C:\laragon\www\PGA-Management-System\system\CodeIgniter.php(494): CodeIgniter\CodeIgniter->runController(Object(App\Controllers\RegistrarController))
#9 C:\laragon\www\PGA-Management-System\system\CodeIgniter.php(353): CodeIgniter\CodeIgniter->handleRequest(NULL, Object(Config\Cache), false)
#10 C:\laragon\www\PGA-Management-System\public\index.php(79): CodeIgniter\CodeIgniter->run()
#11 C:\laragon\www\PGA-Management-System\system\Commands\Server\rewrite.php(47): require_once('C:\\laragon\\www\\...')
#12 {main}
CRITICAL - 2024-05-16 03:11:02 --> Unknown column 'name' in 'order clause'
in SYSTEMPATH\Database\BaseConnection.php on line 646.
 1 SYSTEMPATH\Database\BaseBuilder.php(1615): CodeIgniter\Database\BaseConnection->query('SELECT `subjects`.`id` as `id`, `subject_name`, `type`, `teacher_id`, `yr_lvl`, `fname`, `mname`, `lname`
FROM `subjects`
INNER JOIN `teachers` ON `subjects`.`teacher_id` = `teachers`.`idnum`
WHERE `subject_name` LIKE :subject_name: ESCAPE \'!\'
ORDER BY `name`', [...], false)
 2 SYSTEMPATH\Model.php(237): CodeIgniter\Database\BaseBuilder->get()
 3 SYSTEMPATH\BaseModel.php(624): CodeIgniter\Model->doFindAll(0, 0)
 4 APPPATH\Controllers\RegistrarController.php(297): CodeIgniter\BaseModel->findAll()
 5 SYSTEMPATH\CodeIgniter.php(919): App\Controllers\RegistrarController->searchSubject()
 6 SYSTEMPATH\CodeIgniter.php(494): CodeIgniter\CodeIgniter->runController(Object(App\Controllers\RegistrarController))
 7 SYSTEMPATH\CodeIgniter.php(353): CodeIgniter\CodeIgniter->handleRequest(null, Object(Config\Cache), false)
 8 FCPATH\index.php(79): CodeIgniter\CodeIgniter->run()
 9 SYSTEMPATH\Commands\Server\rewrite.php(47): require_once('C:\\laragon\\www\\PGA-Management-System\\public\\index.php')
ERROR - 2024-05-16 03:19:16 --> mysqli_sql_exception: Column 'student_id' in where clause is ambiguous in C:\laragon\www\PGA-Management-System\system\Database\MySQLi\Connection.php:306
Stack trace:
#0 C:\laragon\www\PGA-Management-System\system\Database\MySQLi\Connection.php(306): mysqli->query('SELECT `student...', 0)
#1 C:\laragon\www\PGA-Management-System\system\Database\BaseConnection.php(692): CodeIgniter\Database\MySQLi\Connection->execute('SELECT `student...')
#2 C:\laragon\www\PGA-Management-System\system\Database\BaseConnection.php(606): CodeIgniter\Database\BaseConnection->simpleQuery('SELECT `student...')
#3 C:\laragon\www\PGA-Management-System\system\Database\BaseBuilder.php(1615): CodeIgniter\Database\BaseConnection->query('SELECT `student...', Array, false)
#4 C:\laragon\www\PGA-Management-System\system\Model.php(237): CodeIgniter\Database\BaseBuilder->get()
#5 C:\laragon\www\PGA-Management-System\system\BaseModel.php(624): CodeIgniter\Model->doFindAll(0, 0)
#6 C:\laragon\www\PGA-Management-System\app\Controllers\RegistrarController.php(990): CodeIgniter\BaseModel->findAll()
#7 C:\laragon\www\PGA-Management-System\system\CodeIgniter.php(919): App\Controllers\RegistrarController->searchStudgrade()
#8 C:\laragon\www\PGA-Management-System\system\CodeIgniter.php(494): CodeIgniter\CodeIgniter->runController(Object(App\Controllers\RegistrarController))
#9 C:\laragon\www\PGA-Management-System\system\CodeIgniter.php(353): CodeIgniter\CodeIgniter->handleRequest(NULL, Object(Config\Cache), false)
#10 C:\laragon\www\PGA-Management-System\public\index.php(79): CodeIgniter\CodeIgniter->run()
#11 C:\laragon\www\PGA-Management-System\system\Commands\Server\rewrite.php(47): require_once('C:\\laragon\\www\\...')
#12 {main}
CRITICAL - 2024-05-16 03:19:16 --> Column 'student_id' in where clause is ambiguous
in SYSTEMPATH\Database\BaseConnection.php on line 646.
 1 SYSTEMPATH\Database\BaseBuilder.php(1615): CodeIgniter\Database\BaseConnection->query('SELECT `student_grades`.`id` as `id`, `student_grades`.`student_id`, `idnum`, `subject`, `grade`, `first_name`, `middle_name`, `last_name`, `name`, `subject_name`
FROM `student_grades`
INNER JOIN `teachers` ON `student_grades`.`teacher_account` = `teachers`.`id`
INNER JOIN `admissions` ON `student_grades`.`student_id` = `admissions`.`student_id`
INNER JOIN `student_learner` ON `student_learner`.`account_id` = `admissions`.`account_id`
INNER JOIN `sections` ON `sections`.`id` = `admissions`.`section`
INNER JOIN `subjects` ON `subjects`.`id` = `student_grades`.`subject`
WHERE `student_id` LIKE :student_id: ESCAPE \'!\'', [...], false)
 2 SYSTEMPATH\Model.php(237): CodeIgniter\Database\BaseBuilder->get()
 3 SYSTEMPATH\BaseModel.php(624): CodeIgniter\Model->doFindAll(0, 0)
 4 APPPATH\Controllers\RegistrarController.php(990): CodeIgniter\BaseModel->findAll()
 5 SYSTEMPATH\CodeIgniter.php(919): App\Controllers\RegistrarController->searchStudgrade()
 6 SYSTEMPATH\CodeIgniter.php(494): CodeIgniter\CodeIgniter->runController(Object(App\Controllers\RegistrarController))
 7 SYSTEMPATH\CodeIgniter.php(353): CodeIgniter\CodeIgniter->handleRequest(null, Object(Config\Cache), false)
 8 FCPATH\index.php(79): CodeIgniter\CodeIgniter->run()
 9 SYSTEMPATH\Commands\Server\rewrite.php(47): require_once('C:\\laragon\\www\\PGA-Management-System\\public\\index.php')
ERROR - 2024-05-16 03:19:59 --> mysqli_sql_exception: Column 'student_id' in where clause is ambiguous in C:\laragon\www\PGA-Management-System\system\Database\MySQLi\Connection.php:306
Stack trace:
#0 C:\laragon\www\PGA-Management-System\system\Database\MySQLi\Connection.php(306): mysqli->query('SELECT `student...', 0)
#1 C:\laragon\www\PGA-Management-System\system\Database\BaseConnection.php(692): CodeIgniter\Database\MySQLi\Connection->execute('SELECT `student...')
#2 C:\laragon\www\PGA-Management-System\system\Database\BaseConnection.php(606): CodeIgniter\Database\BaseConnection->simpleQuery('SELECT `student...')
#3 C:\laragon\www\PGA-Management-System\system\Database\BaseBuilder.php(1615): CodeIgniter\Database\BaseConnection->query('SELECT `student...', Array, false)
#4 C:\laragon\www\PGA-Management-System\system\Model.php(237): CodeIgniter\Database\BaseBuilder->get()
#5 C:\laragon\www\PGA-Management-System\system\BaseModel.php(624): CodeIgniter\Model->doFindAll(0, 0)
#6 C:\laragon\www\PGA-Management-System\app\Controllers\RegistrarController.php(990): CodeIgniter\BaseModel->findAll()
#7 C:\laragon\www\PGA-Management-System\system\CodeIgniter.php(919): App\Controllers\RegistrarController->searchStudgrade()
#8 C:\laragon\www\PGA-Management-System\system\CodeIgniter.php(494): CodeIgniter\CodeIgniter->runController(Object(App\Controllers\RegistrarController))
#9 C:\laragon\www\PGA-Management-System\system\CodeIgniter.php(353): CodeIgniter\CodeIgniter->handleRequest(NULL, Object(Config\Cache), false)
#10 C:\laragon\www\PGA-Management-System\public\index.php(79): CodeIgniter\CodeIgniter->run()
#11 C:\laragon\www\PGA-Management-System\system\Commands\Server\rewrite.php(47): require_once('C:\\laragon\\www\\...')
#12 {main}
CRITICAL - 2024-05-16 03:19:59 --> Column 'student_id' in where clause is ambiguous
in SYSTEMPATH\Database\BaseConnection.php on line 646.
 1 SYSTEMPATH\Database\BaseBuilder.php(1615): CodeIgniter\Database\BaseConnection->query('SELECT `student_grades`.`id` as `id`, `student_grades`.`student_id`, `idnum`, `subject`, `grade`, `first_name`, `middle_name`, `last_name`, `name`, `subject_name`
FROM `student_grades`
INNER JOIN `teachers` ON `student_grades`.`teacher_account` = `teachers`.`id`
INNER JOIN `admissions` ON `student_grades`.`student_id` = `admissions`.`student_id`
INNER JOIN `student_learner` ON `student_learner`.`account_id` = `admissions`.`account_id`
INNER JOIN `sections` ON `sections`.`id` = `admissions`.`section`
INNER JOIN `subjects` ON `subjects`.`id` = `student_grades`.`subject`
WHERE `student_id` LIKE :student_id: ESCAPE \'!\'', [...], false)
 2 SYSTEMPATH\Model.php(237): CodeIgniter\Database\BaseBuilder->get()
 3 SYSTEMPATH\BaseModel.php(624): CodeIgniter\Model->doFindAll(0, 0)
 4 APPPATH\Controllers\RegistrarController.php(990): CodeIgniter\BaseModel->findAll()
 5 SYSTEMPATH\CodeIgniter.php(919): App\Controllers\RegistrarController->searchStudgrade()
 6 SYSTEMPATH\CodeIgniter.php(494): CodeIgniter\CodeIgniter->runController(Object(App\Controllers\RegistrarController))
 7 SYSTEMPATH\CodeIgniter.php(353): CodeIgniter\CodeIgniter->handleRequest(null, Object(Config\Cache), false)
 8 FCPATH\index.php(79): CodeIgniter\CodeIgniter->run()
 9 SYSTEMPATH\Commands\Server\rewrite.php(47): require_once('C:\\laragon\\www\\PGA-Management-System\\public\\index.php')
CRITICAL - 2024-05-16 03:41:06 --> syntax error, unexpected single-quoted string "] ?></td>", expecting "," or ";"
in APPPATH\Views\registrar\enrollmentform.php on line 214.
 1 SYSTEMPATH\View\View.php(229): CodeIgniter\View\View->CodeIgniter\View\{closure}()
 2 SYSTEMPATH\View\View.php(467): CodeIgniter\View\View->render('registrar/enrollmentform', null, true)
 3 APPPATH\Views\enrollmentform.php(2): CodeIgniter\View\View->include('registrar/enrollmentform')
 4 SYSTEMPATH\View\View.php(226): include('C:\\laragon\\www\\PGA-Management-System\\app\\Views\\enrollmentform.php')
 5 SYSTEMPATH\View\View.php(229): CodeIgniter\View\View->CodeIgniter\View\{closure}()
 6 SYSTEMPATH\Common.php(1188): CodeIgniter\View\View->render('enrollmentform', [], true)
 7 APPPATH\Controllers\RegistrarController.php(784): view('enrollmentform', [...])
 8 SYSTEMPATH\CodeIgniter.php(919): App\Controllers\RegistrarController->enrollmentform()
 9 SYSTEMPATH\CodeIgniter.php(494): CodeIgniter\CodeIgniter->runController(Object(App\Controllers\RegistrarController))
10 SYSTEMPATH\CodeIgniter.php(353): CodeIgniter\CodeIgniter->handleRequest(null, Object(Config\Cache), false)
11 FCPATH\index.php(79): CodeIgniter\CodeIgniter->run()
12 SYSTEMPATH\Commands\Server\rewrite.php(47): require_once('C:\\laragon\\www\\PGA-Management-System\\public\\index.php')
CRITICAL - 2024-05-16 03:41:48 --> syntax error, unexpected single-quoted string "] ?></td>", expecting "," or ";"
in APPPATH\Views\registrar\enrollmentform.php on line 214.
 1 SYSTEMPATH\View\View.php(229): CodeIgniter\View\View->CodeIgniter\View\{closure}()
 2 SYSTEMPATH\View\View.php(467): CodeIgniter\View\View->render('registrar/enrollmentform', null, true)
 3 APPPATH\Views\enrollmentform.php(2): CodeIgniter\View\View->include('registrar/enrollmentform')
 4 SYSTEMPATH\View\View.php(226): include('C:\\laragon\\www\\PGA-Management-System\\app\\Views\\enrollmentform.php')
 5 SYSTEMPATH\View\View.php(229): CodeIgniter\View\View->CodeIgniter\View\{closure}()
 6 SYSTEMPATH\Common.php(1188): CodeIgniter\View\View->render('enrollmentform', [], true)
 7 APPPATH\Controllers\RegistrarController.php(784): view('enrollmentform', [...])
 8 SYSTEMPATH\CodeIgniter.php(919): App\Controllers\RegistrarController->enrollmentform()
 9 SYSTEMPATH\CodeIgniter.php(494): CodeIgniter\CodeIgniter->runController(Object(App\Controllers\RegistrarController))
10 SYSTEMPATH\CodeIgniter.php(353): CodeIgniter\CodeIgniter->handleRequest(null, Object(Config\Cache), false)
11 FCPATH\index.php(79): CodeIgniter\CodeIgniter->run()
12 SYSTEMPATH\Commands\Server\rewrite.php(47): require_once('C:\\laragon\\www\\PGA-Management-System\\public\\index.php')
ERROR - 2024-05-16 03:42:45 --> mysqli_sql_exception: Column 'status' in where clause is ambiguous in C:\laragon\www\PGA-Management-System\system\Database\MySQLi\Connection.php:306
Stack trace:
#0 C:\laragon\www\PGA-Management-System\system\Database\MySQLi\Connection.php(306): mysqli->query('SELECT `admissi...', 0)
#1 C:\laragon\www\PGA-Management-System\system\Database\BaseConnection.php(692): CodeIgniter\Database\MySQLi\Connection->execute('SELECT `admissi...')
#2 C:\laragon\www\PGA-Management-System\system\Database\BaseConnection.php(606): CodeIgniter\Database\BaseConnection->simpleQuery('SELECT `admissi...')
#3 C:\laragon\www\PGA-Management-System\system\Database\BaseBuilder.php(1615): CodeIgniter\Database\BaseConnection->query('SELECT `admissi...', Array, false)
#4 C:\laragon\www\PGA-Management-System\system\Model.php(237): CodeIgniter\Database\BaseBuilder->get()
#5 C:\laragon\www\PGA-Management-System\system\BaseModel.php(624): CodeIgniter\Model->doFindAll(0, 0)
#6 C:\laragon\www\PGA-Management-System\app\Controllers\RegistrarController.php(800): CodeIgniter\BaseModel->findAll()
#7 C:\laragon\www\PGA-Management-System\system\CodeIgniter.php(919): App\Controllers\RegistrarController->searchForm()
#8 C:\laragon\www\PGA-Management-System\system\CodeIgniter.php(494): CodeIgniter\CodeIgniter->runController(Object(App\Controllers\RegistrarController))
#9 C:\laragon\www\PGA-Management-System\system\CodeIgniter.php(353): CodeIgniter\CodeIgniter->handleRequest(NULL, Object(Config\Cache), false)
#10 C:\laragon\www\PGA-Management-System\public\index.php(79): CodeIgniter\CodeIgniter->run()
#11 C:\laragon\www\PGA-Management-System\system\Commands\Server\rewrite.php(47): require_once('C:\\laragon\\www\\...')
#12 {main}
CRITICAL - 2024-05-16 03:42:45 --> Column 'status' in where clause is ambiguous
in SYSTEMPATH\Database\BaseConnection.php on line 646.
 1 SYSTEMPATH\Database\BaseBuilder.php(1615): CodeIgniter\Database\BaseConnection->query('SELECT `admissions`.`id` as `id`, `first_name`, `middle_name`, `last_name`, `student_id`, `name`, `category`, `yr_lvl`, `program`, `admissions`.`status`, `birth_cert`, `report_card`, `good_moral`, `admissions`.`photo`, `schedule`, `fname`, `mname`, `lname`, `email`, `admissions`.`account_id`
FROM `student_learner`
INNER JOIN `admissions` ON `admissions`.`account_id` = `student_learner`.`account_id`
INNER JOIN `accounts` ON `accounts`.`id` = `student_learner`.`account_id`
LEFT JOIN `sections` ON `sections`.`id` = `admissions`.`section`
LEFT JOIN `teachers` ON `sections`.`adviser` = `teachers`.`idnum`
WHERE `status` LIKE :status: ESCAPE \'!\'
ORDER BY `student_learner`.`last_name`', [...], false)
 2 SYSTEMPATH\Model.php(237): CodeIgniter\Database\BaseBuilder->get()
 3 SYSTEMPATH\BaseModel.php(624): CodeIgniter\Model->doFindAll(0, 0)
 4 APPPATH\Controllers\RegistrarController.php(800): CodeIgniter\BaseModel->findAll()
 5 SYSTEMPATH\CodeIgniter.php(919): App\Controllers\RegistrarController->searchForm()
 6 SYSTEMPATH\CodeIgniter.php(494): CodeIgniter\CodeIgniter->runController(Object(App\Controllers\RegistrarController))
 7 SYSTEMPATH\CodeIgniter.php(353): CodeIgniter\CodeIgniter->handleRequest(null, Object(Config\Cache), false)
 8 FCPATH\index.php(79): CodeIgniter\CodeIgniter->run()
 9 SYSTEMPATH\Commands\Server\rewrite.php(47): require_once('C:\\laragon\\www\\PGA-Management-System\\public\\index.php')
ERROR - 2024-05-16 03:43:20 --> mysqli_sql_exception: Column 'status' in where clause is ambiguous in C:\laragon\www\PGA-Management-System\system\Database\MySQLi\Connection.php:306
Stack trace:
#0 C:\laragon\www\PGA-Management-System\system\Database\MySQLi\Connection.php(306): mysqli->query('SELECT `admissi...', 0)
#1 C:\laragon\www\PGA-Management-System\system\Database\BaseConnection.php(692): CodeIgniter\Database\MySQLi\Connection->execute('SELECT `admissi...')
#2 C:\laragon\www\PGA-Management-System\system\Database\BaseConnection.php(606): CodeIgniter\Database\BaseConnection->simpleQuery('SELECT `admissi...')
#3 C:\laragon\www\PGA-Management-System\system\Database\BaseBuilder.php(1615): CodeIgniter\Database\BaseConnection->query('SELECT `admissi...', Array, false)
#4 C:\laragon\www\PGA-Management-System\system\Model.php(237): CodeIgniter\Database\BaseBuilder->get()
#5 C:\laragon\www\PGA-Management-System\system\BaseModel.php(624): CodeIgniter\Model->doFindAll(0, 0)
#6 C:\laragon\www\PGA-Management-System\app\Controllers\RegistrarController.php(800): CodeIgniter\BaseModel->findAll()
#7 C:\laragon\www\PGA-Management-System\system\CodeIgniter.php(919): App\Controllers\RegistrarController->searchForm()
#8 C:\laragon\www\PGA-Management-System\system\CodeIgniter.php(494): CodeIgniter\CodeIgniter->runController(Object(App\Controllers\RegistrarController))
#9 C:\laragon\www\PGA-Management-System\system\CodeIgniter.php(353): CodeIgniter\CodeIgniter->handleRequest(NULL, Object(Config\Cache), false)
#10 C:\laragon\www\PGA-Management-System\public\index.php(79): CodeIgniter\CodeIgniter->run()
#11 C:\laragon\www\PGA-Management-System\system\Commands\Server\rewrite.php(47): require_once('C:\\laragon\\www\\...')
#12 {main}
CRITICAL - 2024-05-16 03:43:20 --> Column 'status' in where clause is ambiguous
in SYSTEMPATH\Database\BaseConnection.php on line 646.
 1 SYSTEMPATH\Database\BaseBuilder.php(1615): CodeIgniter\Database\BaseConnection->query('SELECT `admissions`.`id` as `id`, `first_name`, `middle_name`, `last_name`, `student_id`, `name`, `category`, `yr_lvl`, `program`, `admissions`.`status`, `birth_cert`, `report_card`, `good_moral`, `admissions`.`photo`, `schedule`, `fname`, `mname`, `lname`, `email`, `admissions`.`account_id`
FROM `student_learner`
INNER JOIN `admissions` ON `admissions`.`account_id` = `student_learner`.`account_id`
INNER JOIN `accounts` ON `accounts`.`id` = `student_learner`.`account_id`
LEFT JOIN `sections` ON `sections`.`id` = `admissions`.`section`
LEFT JOIN `teachers` ON `sections`.`adviser` = `teachers`.`idnum`
WHERE `status` LIKE :status: ESCAPE \'!\'
ORDER BY `student_learner`.`last_name`', [...], false)
 2 SYSTEMPATH\Model.php(237): CodeIgniter\Database\BaseBuilder->get()
 3 SYSTEMPATH\BaseModel.php(624): CodeIgniter\Model->doFindAll(0, 0)
 4 APPPATH\Controllers\RegistrarController.php(800): CodeIgniter\BaseModel->findAll()
 5 SYSTEMPATH\CodeIgniter.php(919): App\Controllers\RegistrarController->searchForm()
 6 SYSTEMPATH\CodeIgniter.php(494): CodeIgniter\CodeIgniter->runController(Object(App\Controllers\RegistrarController))
 7 SYSTEMPATH\CodeIgniter.php(353): CodeIgniter\CodeIgniter->handleRequest(null, Object(Config\Cache), false)
 8 FCPATH\index.php(79): CodeIgniter\CodeIgniter->run()
 9 SYSTEMPATH\Commands\Server\rewrite.php(47): require_once('C:\\laragon\\www\\PGA-Management-System\\public\\index.php')
CRITICAL - 2024-05-16 05:52:55 --> Class "App\Controllers\AnnouncementModel" not found
in APPPATH\Controllers\GeneralController.php on line 16.
 1 SYSTEMPATH\CodeIgniter.php(891): App\Controllers\GeneralController->__construct()
 2 SYSTEMPATH\CodeIgniter.php(485): CodeIgniter\CodeIgniter->createController()
 3 SYSTEMPATH\CodeIgniter.php(353): CodeIgniter\CodeIgniter->handleRequest(null, Object(Config\Cache), false)
 4 FCPATH\index.php(79): CodeIgniter\CodeIgniter->run()
 5 SYSTEMPATH\Commands\Server\rewrite.php(47): require_once('C:\\laragon\\www\\PGA-Management-System\\public\\index.php')
CRITICAL - 2024-05-16 05:58:29 --> syntax error, unexpected end of file
in APPPATH\Views\general\generalbody.php on line 487.
 1 SYSTEMPATH\View\View.php(229): CodeIgniter\View\View->CodeIgniter\View\{closure}()
 2 SYSTEMPATH\View\View.php(467): CodeIgniter\View\View->render('general/generalbody', null, true)
 3 APPPATH\Views\general.php(2): CodeIgniter\View\View->include('general/generalbody')
 4 SYSTEMPATH\View\View.php(226): include('C:\\laragon\\www\\PGA-Management-System\\app\\Views\\general.php')
 5 SYSTEMPATH\View\View.php(229): CodeIgniter\View\View->CodeIgniter\View\{closure}()
 6 SYSTEMPATH\Common.php(1188): CodeIgniter\View\View->render('general', [], true)
 7 APPPATH\Controllers\GeneralController.php(27): view('general', [...])
 8 SYSTEMPATH\CodeIgniter.php(919): App\Controllers\GeneralController->general()
 9 SYSTEMPATH\CodeIgniter.php(494): CodeIgniter\CodeIgniter->runController(Object(App\Controllers\GeneralController))
10 SYSTEMPATH\CodeIgniter.php(353): CodeIgniter\CodeIgniter->handleRequest(null, Object(Config\Cache), false)
11 FCPATH\index.php(79): CodeIgniter\CodeIgniter->run()
12 SYSTEMPATH\Commands\Server\rewrite.php(47): require_once('C:\\laragon\\www\\PGA-Management-System\\public\\index.php')
ERROR - 2024-05-16 07:16:29 --> mysqli_sql_exception: Column 'student_id' in where clause is ambiguous in C:\laragon\www\PGA-Management-System\system\Database\MySQLi\Connection.php:306
Stack trace:
#0 C:\laragon\www\PGA-Management-System\system\Database\MySQLi\Connection.php(306): mysqli->query('SELECT `student...', 0)
#1 C:\laragon\www\PGA-Management-System\system\Database\BaseConnection.php(692): CodeIgniter\Database\MySQLi\Connection->execute('SELECT `student...')
#2 C:\laragon\www\PGA-Management-System\system\Database\BaseConnection.php(606): CodeIgniter\Database\BaseConnection->simpleQuery('SELECT `student...')
#3 C:\laragon\www\PGA-Management-System\system\Database\BaseBuilder.php(1615): CodeIgniter\Database\BaseConnection->query('SELECT `student...', Array, false)
#4 C:\laragon\www\PGA-Management-System\system\Model.php(237): CodeIgniter\Database\BaseBuilder->get()
#5 C:\laragon\www\PGA-Management-System\system\BaseModel.php(624): CodeIgniter\Model->doFindAll(0, 0)
#6 C:\laragon\www\PGA-Management-System\app\Controllers\TeacherController.php(197): CodeIgniter\BaseModel->findAll()
#7 C:\laragon\www\PGA-Management-System\system\CodeIgniter.php(919): App\Controllers\TeacherController->searchGrade()
#8 C:\laragon\www\PGA-Management-System\system\CodeIgniter.php(494): CodeIgniter\CodeIgniter->runController(Object(App\Controllers\TeacherController))
#9 C:\laragon\www\PGA-Management-System\system\CodeIgniter.php(353): CodeIgniter\CodeIgniter->handleRequest(NULL, Object(Config\Cache), false)
#10 C:\laragon\www\PGA-Management-System\public\index.php(79): CodeIgniter\CodeIgniter->run()
#11 C:\laragon\www\PGA-Management-System\system\Commands\Server\rewrite.php(47): require_once('C:\\laragon\\www\\...')
#12 {main}
CRITICAL - 2024-05-16 07:16:29 --> Column 'student_id' in where clause is ambiguous
in SYSTEMPATH\Database\BaseConnection.php on line 646.
 1 SYSTEMPATH\Database\BaseBuilder.php(1615): CodeIgniter\Database\BaseConnection->query('SELECT `student_grades`.`id` as `id`, `student_grades`.`student_id`, `idnum`, `subject`, `grade`, `first_name`, `middle_name`, `last_name`, `name`, `subject_name`, `teacher_id`
FROM `student_grades`
INNER JOIN `teachers` ON `student_grades`.`teacher_account` = `teachers`.`id`
INNER JOIN `admissions` ON `student_grades`.`student_id` = `admissions`.`student_id`
INNER JOIN `student_learner` ON `student_learner`.`account_id` = `admissions`.`account_id`
INNER JOIN `sections` ON `sections`.`id` = `admissions`.`section`
INNER JOIN `subjects` ON `subjects`.`id` = `student_grades`.`subject`
WHERE `teacher_id` = :teacher_id:
AND  `student_id` LIKE :student_id: ESCAPE \'!\'', [...], false)
 2 SYSTEMPATH\Model.php(237): CodeIgniter\Database\BaseBuilder->get()
 3 SYSTEMPATH\BaseModel.php(624): CodeIgniter\Model->doFindAll(0, 0)
 4 APPPATH\Controllers\TeacherController.php(197): CodeIgniter\BaseModel->findAll()
 5 SYSTEMPATH\CodeIgniter.php(919): App\Controllers\TeacherController->searchGrade()
 6 SYSTEMPATH\CodeIgniter.php(494): CodeIgniter\CodeIgniter->runController(Object(App\Controllers\TeacherController))
 7 SYSTEMPATH\CodeIgniter.php(353): CodeIgniter\CodeIgniter->handleRequest(null, Object(Config\Cache), false)
 8 FCPATH\index.php(79): CodeIgniter\CodeIgniter->run()
 9 SYSTEMPATH\Commands\Server\rewrite.php(47): require_once('C:\\laragon\\www\\PGA-Management-System\\public\\index.php')
ERROR - 2024-05-16 07:16:54 --> mysqli_sql_exception: Column 'student_id' in where clause is ambiguous in C:\laragon\www\PGA-Management-System\system\Database\MySQLi\Connection.php:306
Stack trace:
#0 C:\laragon\www\PGA-Management-System\system\Database\MySQLi\Connection.php(306): mysqli->query('SELECT `student...', 0)
#1 C:\laragon\www\PGA-Management-System\system\Database\BaseConnection.php(692): CodeIgniter\Database\MySQLi\Connection->execute('SELECT `student...')
#2 C:\laragon\www\PGA-Management-System\system\Database\BaseConnection.php(606): CodeIgniter\Database\BaseConnection->simpleQuery('SELECT `student...')
#3 C:\laragon\www\PGA-Management-System\system\Database\BaseBuilder.php(1615): CodeIgniter\Database\BaseConnection->query('SELECT `student...', Array, false)
#4 C:\laragon\www\PGA-Management-System\system\Model.php(237): CodeIgniter\Database\BaseBuilder->get()
#5 C:\laragon\www\PGA-Management-System\system\BaseModel.php(624): CodeIgniter\Model->doFindAll(0, 0)
#6 C:\laragon\www\PGA-Management-System\app\Controllers\TeacherController.php(197): CodeIgniter\BaseModel->findAll()
#7 C:\laragon\www\PGA-Management-System\system\CodeIgniter.php(919): App\Controllers\TeacherController->searchGrade()
#8 C:\laragon\www\PGA-Management-System\system\CodeIgniter.php(494): CodeIgniter\CodeIgniter->runController(Object(App\Controllers\TeacherController))
#9 C:\laragon\www\PGA-Management-System\system\CodeIgniter.php(353): CodeIgniter\CodeIgniter->handleRequest(NULL, Object(Config\Cache), false)
#10 C:\laragon\www\PGA-Management-System\public\index.php(79): CodeIgniter\CodeIgniter->run()
#11 C:\laragon\www\PGA-Management-System\system\Commands\Server\rewrite.php(47): require_once('C:\\laragon\\www\\...')
#12 {main}
CRITICAL - 2024-05-16 07:16:54 --> Column 'student_id' in where clause is ambiguous
in SYSTEMPATH\Database\BaseConnection.php on line 646.
 1 SYSTEMPATH\Database\BaseBuilder.php(1615): CodeIgniter\Database\BaseConnection->query('SELECT `student_grades`.`id` as `id`, `student_grades`.`student_id`, `idnum`, `subject`, `grade`, `first_name`, `middle_name`, `last_name`, `name`, `subject_name`, `teacher_id`
FROM `student_grades`
INNER JOIN `teachers` ON `student_grades`.`teacher_account` = `teachers`.`id`
INNER JOIN `admissions` ON `student_grades`.`student_id` = `admissions`.`student_id`
INNER JOIN `student_learner` ON `student_learner`.`account_id` = `admissions`.`account_id`
INNER JOIN `sections` ON `sections`.`id` = `admissions`.`section`
INNER JOIN `subjects` ON `subjects`.`id` = `student_grades`.`subject`
WHERE `teacher_id` = :teacher_id:
AND  `student_id` LIKE :student_id: ESCAPE \'!\'', [...], false)
 2 SYSTEMPATH\Model.php(237): CodeIgniter\Database\BaseBuilder->get()
 3 SYSTEMPATH\BaseModel.php(624): CodeIgniter\Model->doFindAll(0, 0)
 4 APPPATH\Controllers\TeacherController.php(197): CodeIgniter\BaseModel->findAll()
 5 SYSTEMPATH\CodeIgniter.php(919): App\Controllers\TeacherController->searchGrade()
 6 SYSTEMPATH\CodeIgniter.php(494): CodeIgniter\CodeIgniter->runController(Object(App\Controllers\TeacherController))
 7 SYSTEMPATH\CodeIgniter.php(353): CodeIgniter\CodeIgniter->handleRequest(null, Object(Config\Cache), false)
 8 FCPATH\index.php(79): CodeIgniter\CodeIgniter->run()
 9 SYSTEMPATH\Commands\Server\rewrite.php(47): require_once('C:\\laragon\\www\\PGA-Management-System\\public\\index.php')
ERROR - 2024-05-16 07:16:56 --> mysqli_sql_exception: Column 'student_id' in where clause is ambiguous in C:\laragon\www\PGA-Management-System\system\Database\MySQLi\Connection.php:306
Stack trace:
#0 C:\laragon\www\PGA-Management-System\system\Database\MySQLi\Connection.php(306): mysqli->query('SELECT `student...', 0)
#1 C:\laragon\www\PGA-Management-System\system\Database\BaseConnection.php(692): CodeIgniter\Database\MySQLi\Connection->execute('SELECT `student...')
#2 C:\laragon\www\PGA-Management-System\system\Database\BaseConnection.php(606): CodeIgniter\Database\BaseConnection->simpleQuery('SELECT `student...')
#3 C:\laragon\www\PGA-Management-System\system\Database\BaseBuilder.php(1615): CodeIgniter\Database\BaseConnection->query('SELECT `student...', Array, false)
#4 C:\laragon\www\PGA-Management-System\system\Model.php(237): CodeIgniter\Database\BaseBuilder->get()
#5 C:\laragon\www\PGA-Management-System\system\BaseModel.php(624): CodeIgniter\Model->doFindAll(0, 0)
#6 C:\laragon\www\PGA-Management-System\app\Controllers\TeacherController.php(197): CodeIgniter\BaseModel->findAll()
#7 C:\laragon\www\PGA-Management-System\system\CodeIgniter.php(919): App\Controllers\TeacherController->searchGrade()
#8 C:\laragon\www\PGA-Management-System\system\CodeIgniter.php(494): CodeIgniter\CodeIgniter->runController(Object(App\Controllers\TeacherController))
#9 C:\laragon\www\PGA-Management-System\system\CodeIgniter.php(353): CodeIgniter\CodeIgniter->handleRequest(NULL, Object(Config\Cache), false)
#10 C:\laragon\www\PGA-Management-System\public\index.php(79): CodeIgniter\CodeIgniter->run()
#11 C:\laragon\www\PGA-Management-System\system\Commands\Server\rewrite.php(47): require_once('C:\\laragon\\www\\...')
#12 {main}
CRITICAL - 2024-05-16 07:16:56 --> Column 'student_id' in where clause is ambiguous
in SYSTEMPATH\Database\BaseConnection.php on line 646.
 1 SYSTEMPATH\Database\BaseBuilder.php(1615): CodeIgniter\Database\BaseConnection->query('SELECT `student_grades`.`id` as `id`, `student_grades`.`student_id`, `idnum`, `subject`, `grade`, `first_name`, `middle_name`, `last_name`, `name`, `subject_name`, `teacher_id`
FROM `student_grades`
INNER JOIN `teachers` ON `student_grades`.`teacher_account` = `teachers`.`id`
INNER JOIN `admissions` ON `student_grades`.`student_id` = `admissions`.`student_id`
INNER JOIN `student_learner` ON `student_learner`.`account_id` = `admissions`.`account_id`
INNER JOIN `sections` ON `sections`.`id` = `admissions`.`section`
INNER JOIN `subjects` ON `subjects`.`id` = `student_grades`.`subject`
WHERE `teacher_id` = :teacher_id:
AND  `student_id` LIKE :student_id: ESCAPE \'!\'', [...], false)
 2 SYSTEMPATH\Model.php(237): CodeIgniter\Database\BaseBuilder->get()
 3 SYSTEMPATH\BaseModel.php(624): CodeIgniter\Model->doFindAll(0, 0)
 4 APPPATH\Controllers\TeacherController.php(197): CodeIgniter\BaseModel->findAll()
 5 SYSTEMPATH\CodeIgniter.php(919): App\Controllers\TeacherController->searchGrade()
 6 SYSTEMPATH\CodeIgniter.php(494): CodeIgniter\CodeIgniter->runController(Object(App\Controllers\TeacherController))
 7 SYSTEMPATH\CodeIgniter.php(353): CodeIgniter\CodeIgniter->handleRequest(null, Object(Config\Cache), false)
 8 FCPATH\index.php(79): CodeIgniter\CodeIgniter->run()
 9 SYSTEMPATH\Commands\Server\rewrite.php(47): require_once('C:\\laragon\\www\\PGA-Management-System\\public\\index.php')
ERROR - 2024-05-16 14:45:27 --> Error connecting to the database: mysqli_sql_exception: No connection could be made because the target machine actively refused it in C:\laragon\www\PGA-Management-System\system\Database\MySQLi\Connection.php:185
Stack trace:
#0 C:\laragon\www\PGA-Management-System\system\Database\MySQLi\Connection.php(185): mysqli->real_connect('localhost', 'root', '', 'pga', 3306, '', 0)
#1 C:\laragon\www\PGA-Management-System\system\Database\BaseConnection.php(391): CodeIgniter\Database\MySQLi\Connection->connect(false)
#2 C:\laragon\www\PGA-Management-System\system\Database\BaseConnection.php(574): CodeIgniter\Database\BaseConnection->initialize()
#3 C:\laragon\www\PGA-Management-System\system\Database\BaseBuilder.php(1615): CodeIgniter\Database\BaseConnection->query('SELECT *\nFROM `...', Array, false)
#4 C:\laragon\www\PGA-Management-System\system\Model.php(264): CodeIgniter\Database\BaseBuilder->get()
#5 C:\laragon\www\PGA-Management-System\system\BaseModel.php(662): CodeIgniter\Model->doFirst()
#6 C:\laragon\www\PGA-Management-System\app\Controllers\Authentication.php(44): CodeIgniter\BaseModel->first()
#7 C:\laragon\www\PGA-Management-System\system\CodeIgniter.php(919): App\Controllers\Authentication->LoginAuth()
#8 C:\laragon\www\PGA-Management-System\system\CodeIgniter.php(494): CodeIgniter\CodeIgniter->runController(Object(App\Controllers\Authentication))
#9 C:\laragon\www\PGA-Management-System\system\CodeIgniter.php(353): CodeIgniter\CodeIgniter->handleRequest(NULL, Object(Config\Cache), false)
#10 C:\laragon\www\PGA-Management-System\public\index.php(79): CodeIgniter\CodeIgniter->run()
#11 C:\laragon\www\PGA-Management-System\system\Commands\Server\rewrite.php(47): require_once('C:\\laragon\\www\\...')
#12 {main}

Next CodeIgniter\Database\Exceptions\DatabaseException: No connection could be made because the target machine actively refused it in C:\laragon\www\PGA-Management-System\system\Database\MySQLi\Connection.php:229
Stack trace:
#0 C:\laragon\www\PGA-Management-System\system\Database\BaseConnection.php(391): CodeIgniter\Database\MySQLi\Connection->connect(false)
#1 C:\laragon\www\PGA-Management-System\system\Database\BaseConnection.php(574): CodeIgniter\Database\BaseConnection->initialize()
#2 C:\laragon\www\PGA-Management-System\system\Database\BaseBuilder.php(1615): CodeIgniter\Database\BaseConnection->query('SELECT *\nFROM `...', Array, false)
#3 C:\laragon\www\PGA-Management-System\system\Model.php(264): CodeIgniter\Database\BaseBuilder->get()
#4 C:\laragon\www\PGA-Management-System\system\BaseModel.php(662): CodeIgniter\Model->doFirst()
#5 C:\laragon\www\PGA-Management-System\app\Controllers\Authentication.php(44): CodeIgniter\BaseModel->first()
#6 C:\laragon\www\PGA-Management-System\system\CodeIgniter.php(919): App\Controllers\Authentication->LoginAuth()
#7 C:\laragon\www\PGA-Management-System\system\CodeIgniter.php(494): CodeIgniter\CodeIgniter->runController(Object(App\Controllers\Authentication))
#8 C:\laragon\www\PGA-Management-System\system\CodeIgniter.php(353): CodeIgniter\CodeIgniter->handleRequest(NULL, Object(Config\Cache), false)
#9 C:\laragon\www\PGA-Management-System\public\index.php(79): CodeIgniter\CodeIgniter->run()
#10 C:\laragon\www\PGA-Management-System\system\Commands\Server\rewrite.php(47): require_once('C:\\laragon\\www\\...')
#11 {main}
CRITICAL - 2024-05-16 14:45:27 --> Unable to connect to the database.
Main connection [MySQLi]: No connection could be made because the target machine actively refused it
in SYSTEMPATH\Database\BaseConnection.php on line 427.
 1 SYSTEMPATH\Database\BaseConnection.php(574): CodeIgniter\Database\BaseConnection->initialize()
 2 SYSTEMPATH\Database\BaseBuilder.php(1615): CodeIgniter\Database\BaseConnection->query('SELECT *
FROM `accounts`
WHERE `username` = :username:
 LIMIT 1', [...], false)
 3 SYSTEMPATH\Model.php(264): CodeIgniter\Database\BaseBuilder->get()
 4 SYSTEMPATH\BaseModel.php(662): CodeIgniter\Model->doFirst()
 5 APPPATH\Controllers\Authentication.php(44): CodeIgniter\BaseModel->first()
 6 SYSTEMPATH\CodeIgniter.php(919): App\Controllers\Authentication->LoginAuth()
 7 SYSTEMPATH\CodeIgniter.php(494): CodeIgniter\CodeIgniter->runController(Object(App\Controllers\Authentication))
 8 SYSTEMPATH\CodeIgniter.php(353): CodeIgniter\CodeIgniter->handleRequest(null, Object(Config\Cache), false)
 9 FCPATH\index.php(79): CodeIgniter\CodeIgniter->run()
10 SYSTEMPATH\Commands\Server\rewrite.php(47): require_once('C:\\laragon\\www\\PGA-Management-System\\public\\index.php')
