CRITICAL - 2024-02-21 02:43:08 --> Invalid file: "attendance.php"
in SYSTEMPATH\Exceptions\FrameworkException.php on line 39.
 1 SYSTEMPATH\View\View.php(214): CodeIgniter\Exceptions\FrameworkException::forInvalidFile('attendance.php')
 2 SYSTEMPATH\Common.php(1188): CodeIgniter\View\View->render('attendance', [], true)
 3 APPPATH\Controllers\Home.php(51): view('attendance')
 4 SYSTEMPATH\CodeIgniter.php(919): App\Controllers\Home->attendance()
 5 SYSTEMPATH\CodeIgniter.php(494): CodeIgniter\CodeIgniter->runController(Object(App\Controllers\Home))
 6 SYSTEMPATH\CodeIgniter.php(353): CodeIgniter\CodeIgniter->handleRequest(null, Object(Config\Cache), false)
 7 FCPATH\index.php(79): CodeIgniter\CodeIgniter->run()
 8 SYSTEMPATH\Commands\Server\rewrite.php(47): require_once('C:\\laragon\\www\\PGA-Management-System\\public\\index.php')
CRITICAL - 2024-02-21 05:05:16 --> Array to string conversion
in APPPATH\Controllers\EnrollmentController.php on line 43.
 1 APPPATH\Controllers\EnrollmentController.php(43): CodeIgniter\Debug\Exceptions->errorHandler(2, 'Array to string conversion', 'C:\\laragon\\www\\PGA-Management-System\\app\\Controllers\\EnrollmentController.php', 43)
 2 SYSTEMPATH\CodeIgniter.php(919): App\Controllers\EnrollmentController->save()
 3 SYSTEMPATH\CodeIgniter.php(494): CodeIgniter\CodeIgniter->runController(Object(App\Controllers\EnrollmentController))
 4 SYSTEMPATH\CodeIgniter.php(353): CodeIgniter\CodeIgniter->handleRequest(null, Object(Config\Cache), false)
 5 FCPATH\index.php(79): CodeIgniter\CodeIgniter->run()
 6 SYSTEMPATH\Commands\Server\rewrite.php(47): require_once('C:\\laragon\\www\\PGA-Management-System\\public\\index.php')
CRITICAL - 2024-02-21 05:06:46 --> Array to string conversion
in APPPATH\Controllers\EnrollmentController.php on line 44.
 1 APPPATH\Controllers\EnrollmentController.php(44): CodeIgniter\Debug\Exceptions->errorHandler(2, 'Array to string conversion', 'C:\\laragon\\www\\PGA-Management-System\\app\\Controllers\\EnrollmentController.php', 44)
 2 SYSTEMPATH\CodeIgniter.php(919): App\Controllers\EnrollmentController->save()
 3 SYSTEMPATH\CodeIgniter.php(494): CodeIgniter\CodeIgniter->runController(Object(App\Controllers\EnrollmentController))
 4 SYSTEMPATH\CodeIgniter.php(353): CodeIgniter\CodeIgniter->handleRequest(null, Object(Config\Cache), false)
 5 FCPATH\index.php(79): CodeIgniter\CodeIgniter->run()
 6 SYSTEMPATH\Commands\Server\rewrite.php(47): require_once('C:\\laragon\\www\\PGA-Management-System\\public\\index.php')
CRITICAL - 2024-02-21 05:54:46 --> unlink(C:\laragon\www\PGA-Management-System\public): Resource temporarily unavailable
in APPPATH\Controllers\AdminController.php on line 353.
 1 [internal function]: CodeIgniter\Debug\Exceptions->errorHandler(2, 'unlink(C:\\laragon\\www\\PGA-Management-System\\public): Resource temporarily unavailable', 'C:\\laragon\\www\\PGA-Management-System\\app\\Controllers\\AdminController.php', 353)
 2 APPPATH\Controllers\AdminController.php(353): unlink('C:\\laragon\\www\\PGA-Management-System\\public')
 3 SYSTEMPATH\CodeIgniter.php(919): App\Controllers\AdminController->saveLearner()
 4 SYSTEMPATH\CodeIgniter.php(494): CodeIgniter\CodeIgniter->runController(Object(App\Controllers\AdminController))
 5 SYSTEMPATH\CodeIgniter.php(353): CodeIgniter\CodeIgniter->handleRequest(null, Object(Config\Cache), false)
 6 FCPATH\index.php(79): CodeIgniter\CodeIgniter->run()
 7 SYSTEMPATH\Commands\Server\rewrite.php(47): require_once('C:\\laragon\\www\\PGA-Management-System\\public\\index.php')
CRITICAL - 2024-02-21 05:56:13 --> Invalid file: "attendance.php"
in SYSTEMPATH\Exceptions\FrameworkException.php on line 39.
 1 SYSTEMPATH\View\View.php(214): CodeIgniter\Exceptions\FrameworkException::forInvalidFile('attendance.php')
 2 SYSTEMPATH\Common.php(1188): CodeIgniter\View\View->render('attendance', [], true)
 3 APPPATH\Controllers\Home.php(51): view('attendance')
 4 SYSTEMPATH\CodeIgniter.php(919): App\Controllers\Home->attendance()
 5 SYSTEMPATH\CodeIgniter.php(494): CodeIgniter\CodeIgniter->runController(Object(App\Controllers\Home))
 6 SYSTEMPATH\CodeIgniter.php(353): CodeIgniter\CodeIgniter->handleRequest(null, Object(Config\Cache), false)
 7 FCPATH\index.php(79): CodeIgniter\CodeIgniter->run()
 8 SYSTEMPATH\Commands\Server\rewrite.php(47): require_once('C:\\laragon\\www\\PGA-Management-System\\public\\index.php')
ERROR - 2024-02-21 06:03:00 --> mysqli_sql_exception: Unknown column 'addbooks.id' in 'on clause' in C:\laragon\www\PGA-Management-System\system\Database\MySQLi\Connection.php:306
Stack trace:
#0 C:\laragon\www\PGA-Management-System\system\Database\MySQLi\Connection.php(306): mysqli->query('SELECT *\nFROM `...', 0)
#1 C:\laragon\www\PGA-Management-System\system\Database\BaseConnection.php(692): CodeIgniter\Database\MySQLi\Connection->execute('SELECT *\nFROM `...')
#2 C:\laragon\www\PGA-Management-System\system\Database\BaseConnection.php(606): CodeIgniter\Database\BaseConnection->simpleQuery('SELECT *\nFROM `...')
#3 C:\laragon\www\PGA-Management-System\system\Database\BaseBuilder.php(1615): CodeIgniter\Database\BaseConnection->query('SELECT *\nFROM `...', Array, false)
#4 C:\laragon\www\PGA-Management-System\system\Model.php(237): CodeIgniter\Database\BaseBuilder->get()
#5 C:\laragon\www\PGA-Management-System\system\BaseModel.php(624): CodeIgniter\Model->doFindAll(0, 0)
#6 C:\laragon\www\PGA-Management-System\app\Controllers\LibraryController.php(137): CodeIgniter\BaseModel->findAll()
#7 C:\laragon\www\PGA-Management-System\system\CodeIgniter.php(919): App\Controllers\LibraryController->librarian()
#8 C:\laragon\www\PGA-Management-System\system\CodeIgniter.php(494): CodeIgniter\CodeIgniter->runController(Object(App\Controllers\LibraryController))
#9 C:\laragon\www\PGA-Management-System\system\CodeIgniter.php(353): CodeIgniter\CodeIgniter->handleRequest(NULL, Object(Config\Cache), false)
#10 C:\laragon\www\PGA-Management-System\public\index.php(79): CodeIgniter\CodeIgniter->run()
#11 C:\laragon\www\PGA-Management-System\system\Commands\Server\rewrite.php(47): require_once('C:\\laragon\\www\\...')
#12 {main}
CRITICAL - 2024-02-21 06:03:00 --> Unknown column 'addbooks.id' in 'on clause'
in SYSTEMPATH\Database\BaseConnection.php on line 646.
 1 SYSTEMPATH\Database\BaseBuilder.php(1615): CodeIgniter\Database\BaseConnection->query('SELECT *
FROM `books`
INNER JOIN `borrowedbooks` ON `borrowedbooks`.`book_id` = `addbooks`.`id`
ORDER BY `addbooks`.`book_title`', [], false)
 2 SYSTEMPATH\Model.php(237): CodeIgniter\Database\BaseBuilder->get()
 3 SYSTEMPATH\BaseModel.php(624): CodeIgniter\Model->doFindAll(0, 0)
 4 APPPATH\Controllers\LibraryController.php(137): CodeIgniter\BaseModel->findAll()
 5 SYSTEMPATH\CodeIgniter.php(919): App\Controllers\LibraryController->librarian()
 6 SYSTEMPATH\CodeIgniter.php(494): CodeIgniter\CodeIgniter->runController(Object(App\Controllers\LibraryController))
 7 SYSTEMPATH\CodeIgniter.php(353): CodeIgniter\CodeIgniter->handleRequest(null, Object(Config\Cache), false)
 8 FCPATH\index.php(79): CodeIgniter\CodeIgniter->run()
 9 SYSTEMPATH\Commands\Server\rewrite.php(47): require_once('C:\\laragon\\www\\PGA-Management-System\\public\\index.php')
CRITICAL - 2024-02-21 06:04:43 --> Class "App\Models\BooksModel" not found
in APPPATH\Controllers\LibraryController.php on line 15.
 1 SYSTEMPATH\CodeIgniter.php(891): App\Controllers\LibraryController->__construct()
 2 SYSTEMPATH\CodeIgniter.php(485): CodeIgniter\CodeIgniter->createController()
 3 SYSTEMPATH\CodeIgniter.php(353): CodeIgniter\CodeIgniter->handleRequest(null, Object(Config\Cache), false)
 4 FCPATH\index.php(79): CodeIgniter\CodeIgniter->run()
 5 SYSTEMPATH\Commands\Server\rewrite.php(47): require_once('C:\\laragon\\www\\PGA-Management-System\\public\\index.php')
CRITICAL - 2024-02-21 06:05:13 --> Class "App\Controllers\AddBooksModel" not found
in APPPATH\Controllers\LibraryController.php on line 15.
 1 SYSTEMPATH\CodeIgniter.php(891): App\Controllers\LibraryController->__construct()
 2 SYSTEMPATH\CodeIgniter.php(485): CodeIgniter\CodeIgniter->createController()
 3 SYSTEMPATH\CodeIgniter.php(353): CodeIgniter\CodeIgniter->handleRequest(null, Object(Config\Cache), false)
 4 FCPATH\index.php(79): CodeIgniter\CodeIgniter->run()
 5 SYSTEMPATH\Commands\Server\rewrite.php(47): require_once('C:\\laragon\\www\\PGA-Management-System\\public\\index.php')
