CRITICAL - 2024-05-17 00:25:15 --> Undefined property: App\Controllers\StudentController::$grade
in APPPATH\Controllers\StudentController.php on line 40.
 1 APPPATH\Controllers\StudentController.php(40): CodeIgniter\Debug\Exceptions->errorHandler(2, 'Undefined property: App\\Controllers\\StudentController::$grade', 'C:\\laragon\\www\\PGA-Management-System\\app\\Controllers\\StudentController.php', 40)
 2 SYSTEMPATH\CodeIgniter.php(919): App\Controllers\StudentController->index()
 3 SYSTEMPATH\CodeIgniter.php(494): CodeIgniter\CodeIgniter->runController(Object(App\Controllers\StudentController))
 4 SYSTEMPATH\CodeIgniter.php(353): CodeIgniter\CodeIgniter->handleRequest(null, Object(Config\Cache), false)
 5 FCPATH\index.php(79): CodeIgniter\CodeIgniter->run()
 6 SYSTEMPATH\Commands\Server\rewrite.php(47): require_once('C:\\laragon\\www\\PGA-Management-System\\public\\index.php')
CRITICAL - 2024-05-17 00:34:07 --> Undefined array key "quarter"
in APPPATH\Views\teacher\gradebody.php on line 90.
 1 APPPATH\Views\teacher\gradebody.php(90): CodeIgniter\Debug\Exceptions->errorHandler(2, 'Undefined array key "quarter"', 'C:\\laragon\\www\\PGA-Management-System\\app\\Views\\teacher\\gradebody.php', 90)
 2 SYSTEMPATH\View\View.php(226): include('C:\\laragon\\www\\PGA-Management-System\\app\\Views\\teacher\\gradebody.php')
 3 SYSTEMPATH\View\View.php(229): CodeIgniter\View\View->CodeIgniter\View\{closure}()
 4 SYSTEMPATH\View\View.php(467): CodeIgniter\View\View->render('teacher/gradebody', null, true)
 5 APPPATH\Views\grade.php(2): CodeIgniter\View\View->include('teacher/gradebody')
 6 SYSTEMPATH\View\View.php(226): include('C:\\laragon\\www\\PGA-Management-System\\app\\Views\\grade.php')
 7 SYSTEMPATH\View\View.php(229): CodeIgniter\View\View->CodeIgniter\View\{closure}()
 8 SYSTEMPATH\Common.php(1188): CodeIgniter\View\View->render('grade', [], true)
 9 APPPATH\Controllers\TeacherController.php(116): view('grade', [...])
10 SYSTEMPATH\CodeIgniter.php(919): App\Controllers\TeacherController->grade()
11 SYSTEMPATH\CodeIgniter.php(494): CodeIgniter\CodeIgniter->runController(Object(App\Controllers\TeacherController))
12 SYSTEMPATH\CodeIgniter.php(353): CodeIgniter\CodeIgniter->handleRequest(null, Object(Config\Cache), false)
13 FCPATH\index.php(79): CodeIgniter\CodeIgniter->run()
14 SYSTEMPATH\Commands\Server\rewrite.php(47): require_once('C:\\laragon\\www\\PGA-Management-System\\public\\index.php')
CRITICAL - 2024-05-17 00:58:39 --> Undefined variable $currentPage
in APPPATH\Views\teacher\expandStudent.php on line 191.
 1 APPPATH\Views\teacher\expandStudent.php(191): CodeIgniter\Debug\Exceptions->errorHandler(2, 'Undefined variable $currentPage', 'C:\\laragon\\www\\PGA-Management-System\\app\\Views\\teacher\\expandStudent.php', 191)
 2 SYSTEMPATH\View\View.php(226): include('C:\\laragon\\www\\PGA-Management-System\\app\\Views\\teacher\\expandStudent.php')
 3 SYSTEMPATH\View\View.php(229): CodeIgniter\View\View->CodeIgniter\View\{closure}()
 4 SYSTEMPATH\View\View.php(467): CodeIgniter\View\View->render('teacher/expandStudent', null, true)
 5 APPPATH\Views\expandStudent.php(2): CodeIgniter\View\View->include('teacher/expandStudent')
 6 SYSTEMPATH\View\View.php(226): include('C:\\laragon\\www\\PGA-Management-System\\app\\Views\\expandStudent.php')
 7 SYSTEMPATH\View\View.php(229): CodeIgniter\View\View->CodeIgniter\View\{closure}()
 8 SYSTEMPATH\Common.php(1188): CodeIgniter\View\View->render('expandStudent', [], true)
 9 APPPATH\Controllers\TeacherController.php(177): view('expandStudent', [...])
10 SYSTEMPATH\CodeIgniter.php(919): App\Controllers\TeacherController->expandStudent('17')
11 SYSTEMPATH\CodeIgniter.php(494): CodeIgniter\CodeIgniter->runController(Object(App\Controllers\TeacherController))
12 SYSTEMPATH\CodeIgniter.php(353): CodeIgniter\CodeIgniter->handleRequest(null, Object(Config\Cache), false)
13 FCPATH\index.php(79): CodeIgniter\CodeIgniter->run()
14 SYSTEMPATH\Commands\Server\rewrite.php(47): require_once('C:\\laragon\\www\\PGA-Management-System\\public\\index.php')
CRITICAL - 2024-05-17 00:59:25 --> Undefined array key "idnum"
in APPPATH\Views\teacher\expandStudent.php on line 211.
 1 APPPATH\Views\teacher\expandStudent.php(211): CodeIgniter\Debug\Exceptions->errorHandler(2, 'Undefined array key "idnum"', 'C:\\laragon\\www\\PGA-Management-System\\app\\Views\\teacher\\expandStudent.php', 211)
 2 SYSTEMPATH\View\View.php(226): include('C:\\laragon\\www\\PGA-Management-System\\app\\Views\\teacher\\expandStudent.php')
 3 SYSTEMPATH\View\View.php(229): CodeIgniter\View\View->CodeIgniter\View\{closure}()
 4 SYSTEMPATH\View\View.php(467): CodeIgniter\View\View->render('teacher/expandStudent', null, true)
 5 APPPATH\Views\expandStudent.php(2): CodeIgniter\View\View->include('teacher/expandStudent')
 6 SYSTEMPATH\View\View.php(226): include('C:\\laragon\\www\\PGA-Management-System\\app\\Views\\expandStudent.php')
 7 SYSTEMPATH\View\View.php(229): CodeIgniter\View\View->CodeIgniter\View\{closure}()
 8 SYSTEMPATH\Common.php(1188): CodeIgniter\View\View->render('expandStudent', [], true)
 9 APPPATH\Controllers\TeacherController.php(177): view('expandStudent', [...])
10 SYSTEMPATH\CodeIgniter.php(919): App\Controllers\TeacherController->expandStudent('17')
11 SYSTEMPATH\CodeIgniter.php(494): CodeIgniter\CodeIgniter->runController(Object(App\Controllers\TeacherController))
12 SYSTEMPATH\CodeIgniter.php(353): CodeIgniter\CodeIgniter->handleRequest(null, Object(Config\Cache), false)
13 FCPATH\index.php(79): CodeIgniter\CodeIgniter->run()
14 SYSTEMPATH\Commands\Server\rewrite.php(47): require_once('C:\\laragon\\www\\PGA-Management-System\\public\\index.php')
CRITICAL - 2024-05-17 01:24:39 --> Undefined variable $currentPage
in APPPATH\Views\student\studgrade.php on line 78.
 1 APPPATH\Views\student\studgrade.php(78): CodeIgniter\Debug\Exceptions->errorHandler(2, 'Undefined variable $currentPage', 'C:\\laragon\\www\\PGA-Management-System\\app\\Views\\student\\studgrade.php', 78)
 2 SYSTEMPATH\View\View.php(226): include('C:\\laragon\\www\\PGA-Management-System\\app\\Views\\student\\studgrade.php')
 3 SYSTEMPATH\View\View.php(229): CodeIgniter\View\View->CodeIgniter\View\{closure}()
 4 SYSTEMPATH\View\View.php(467): CodeIgniter\View\View->render('student/studgrade', null, true)
 5 APPPATH\Views\studgrade.php(2): CodeIgniter\View\View->include('student/studgrade')
 6 SYSTEMPATH\View\View.php(226): include('C:\\laragon\\www\\PGA-Management-System\\app\\Views\\studgrade.php')
 7 SYSTEMPATH\View\View.php(229): CodeIgniter\View\View->CodeIgniter\View\{closure}()
 8 SYSTEMPATH\Common.php(1188): CodeIgniter\View\View->render('studgrade', [], true)
 9 APPPATH\Controllers\StudentController.php(81): view('studgrade', [...])
10 SYSTEMPATH\CodeIgniter.php(919): App\Controllers\StudentController->studgrade()
11 SYSTEMPATH\CodeIgniter.php(494): CodeIgniter\CodeIgniter->runController(Object(App\Controllers\StudentController))
12 SYSTEMPATH\CodeIgniter.php(353): CodeIgniter\CodeIgniter->handleRequest(null, Object(Config\Cache), false)
13 FCPATH\index.php(79): CodeIgniter\CodeIgniter->run()
14 SYSTEMPATH\Commands\Server\rewrite.php(47): require_once('C:\\laragon\\www\\PGA-Management-System\\public\\index.php')
CRITICAL - 2024-05-17 01:25:33 --> Undefined variable $currentPage
in APPPATH\Views\student\studgrade.php on line 78.
 1 APPPATH\Views\student\studgrade.php(78): CodeIgniter\Debug\Exceptions->errorHandler(2, 'Undefined variable $currentPage', 'C:\\laragon\\www\\PGA-Management-System\\app\\Views\\student\\studgrade.php', 78)
 2 SYSTEMPATH\View\View.php(226): include('C:\\laragon\\www\\PGA-Management-System\\app\\Views\\student\\studgrade.php')
 3 SYSTEMPATH\View\View.php(229): CodeIgniter\View\View->CodeIgniter\View\{closure}()
 4 SYSTEMPATH\View\View.php(467): CodeIgniter\View\View->render('student/studgrade', null, true)
 5 APPPATH\Views\studgrade.php(2): CodeIgniter\View\View->include('student/studgrade')
 6 SYSTEMPATH\View\View.php(226): include('C:\\laragon\\www\\PGA-Management-System\\app\\Views\\studgrade.php')
 7 SYSTEMPATH\View\View.php(229): CodeIgniter\View\View->CodeIgniter\View\{closure}()
 8 SYSTEMPATH\Common.php(1188): CodeIgniter\View\View->render('studgrade', [], true)
 9 APPPATH\Controllers\StudentController.php(81): view('studgrade', [...])
10 SYSTEMPATH\CodeIgniter.php(919): App\Controllers\StudentController->studgrade()
11 SYSTEMPATH\CodeIgniter.php(494): CodeIgniter\CodeIgniter->runController(Object(App\Controllers\StudentController))
12 SYSTEMPATH\CodeIgniter.php(353): CodeIgniter\CodeIgniter->handleRequest(null, Object(Config\Cache), false)
13 FCPATH\index.php(79): CodeIgniter\CodeIgniter->run()
14 SYSTEMPATH\Commands\Server\rewrite.php(47): require_once('C:\\laragon\\www\\PGA-Management-System\\public\\index.php')
