CRITICAL - 2024-05-22 06:54:34 --> hex2bin(): Input string must be hexadecimal string
in APPPATH\Controllers\RegistrarController.php on line 83.
 1 [internal function]: CodeIgniter\Debug\Exceptions->errorHandler(2, 'hex2bin(): Input string must be hexadecimal string', 'C:\\laragon\\www\\PGA-Management-System\\app\\Controllers\\RegistrarController.php', 83)
 2 APPPATH\Controllers\RegistrarController.php(83): hex2bin('assets')
 3 SYSTEMPATH\CodeIgniter.php(919): App\Controllers\RegistrarController->editApplication('assets', 'js', 'book.js')
 4 SYSTEMPATH\CodeIgniter.php(494): CodeIgniter\CodeIgniter->runController(Object(App\Controllers\RegistrarController))
 5 SYSTEMPATH\CodeIgniter.php(353): CodeIgniter\CodeIgniter->handleRequest(null, Object(Config\Cache), false)
 6 FCPATH\index.php(79): CodeIgniter\CodeIgniter->run()
 7 SYSTEMPATH\Commands\Server\rewrite.php(47): require_once('C:\\laragon\\www\\PGA-Management-System\\public\\index.php')
CRITICAL - 2024-05-22 06:54:35 --> hex2bin(): Input string must be hexadecimal string
in APPPATH\Controllers\RegistrarController.php on line 83.
 1 [internal function]: CodeIgniter\Debug\Exceptions->errorHandler(2, 'hex2bin(): Input string must be hexadecimal string', 'C:\\laragon\\www\\PGA-Management-System\\app\\Controllers\\RegistrarController.php', 83)
 2 APPPATH\Controllers\RegistrarController.php(83): hex2bin('assets')
 3 SYSTEMPATH\CodeIgniter.php(919): App\Controllers\RegistrarController->editApplication('assets', 'js', 'book.js')
 4 SYSTEMPATH\CodeIgniter.php(494): CodeIgniter\CodeIgniter->runController(Object(App\Controllers\RegistrarController))
 5 SYSTEMPATH\CodeIgniter.php(353): CodeIgniter\CodeIgniter->handleRequest(null, Object(Config\Cache), false)
 6 FCPATH\index.php(79): CodeIgniter\CodeIgniter->run()
 7 SYSTEMPATH\Commands\Server\rewrite.php(47): require_once('C:\\laragon\\www\\PGA-Management-System\\public\\index.php')
CRITICAL - 2024-05-22 06:55:48 --> hex2bin(): Input string must be hexadecimal string
in APPPATH\Controllers\RegistrarController.php on line 889.
 1 [internal function]: CodeIgniter\Debug\Exceptions->errorHandler(2, 'hex2bin(): Input string must be hexadecimal string', 'C:\\laragon\\www\\PGA-Management-System\\app\\Controllers\\RegistrarController.php', 889)
 2 APPPATH\Controllers\RegistrarController.php(889): hex2bin('assets')
 3 SYSTEMPATH\CodeIgniter.php(919): App\Controllers\RegistrarController->expandAdmissions('assets', 'js', 'book.js')
 4 SYSTEMPATH\CodeIgniter.php(494): CodeIgniter\CodeIgniter->runController(Object(App\Controllers\RegistrarController))
 5 SYSTEMPATH\CodeIgniter.php(353): CodeIgniter\CodeIgniter->handleRequest(null, Object(Config\Cache), false)
 6 FCPATH\index.php(79): CodeIgniter\CodeIgniter->run()
 7 SYSTEMPATH\Commands\Server\rewrite.php(47): require_once('C:\\laragon\\www\\PGA-Management-System\\public\\index.php')
CRITICAL - 2024-05-22 06:56:04 --> hex2bin(): Input string must be hexadecimal string
in APPPATH\Controllers\RegistrarController.php on line 889.
 1 [internal function]: CodeIgniter\Debug\Exceptions->errorHandler(2, 'hex2bin(): Input string must be hexadecimal string', 'C:\\laragon\\www\\PGA-Management-System\\app\\Controllers\\RegistrarController.php', 889)
 2 APPPATH\Controllers\RegistrarController.php(889): hex2bin('assets')
 3 SYSTEMPATH\CodeIgniter.php(919): App\Controllers\RegistrarController->expandAdmissions('assets', 'js', 'book.js')
 4 SYSTEMPATH\CodeIgniter.php(494): CodeIgniter\CodeIgniter->runController(Object(App\Controllers\RegistrarController))
 5 SYSTEMPATH\CodeIgniter.php(353): CodeIgniter\CodeIgniter->handleRequest(null, Object(Config\Cache), false)
 6 FCPATH\index.php(79): CodeIgniter\CodeIgniter->run()
 7 SYSTEMPATH\Commands\Server\rewrite.php(47): require_once('C:\\laragon\\www\\PGA-Management-System\\public\\index.php')
CRITICAL - 2024-05-22 11:32:14 --> Array to string conversion
in APPPATH\Views\logreg\js.php on line 58.
 1 APPPATH\Views\logreg\js.php(58): CodeIgniter\Debug\Exceptions->errorHandler(2, 'Array to string conversion', 'C:\\laragon\\www\\PGA-Management-System\\app\\Views\\logreg\\js.php', 58)
 2 SYSTEMPATH\View\View.php(226): include('C:\\laragon\\www\\PGA-Management-System\\app\\Views\\logreg\\js.php')
 3 SYSTEMPATH\View\View.php(229): CodeIgniter\View\View->CodeIgniter\View\{closure}()
 4 SYSTEMPATH\View\View.php(467): CodeIgniter\View\View->render('logreg/js', null, true)
 5 APPPATH\Views\register.php(3): CodeIgniter\View\View->include('logreg/js')
 6 SYSTEMPATH\View\View.php(226): include('C:\\laragon\\www\\PGA-Management-System\\app\\Views\\register.php')
 7 SYSTEMPATH\View\View.php(229): CodeIgniter\View\View->CodeIgniter\View\{closure}()
 8 SYSTEMPATH\Common.php(1188): CodeIgniter\View\View->render('register', [], true)
 9 APPPATH\Controllers\Home.php(31): view('register')
10 SYSTEMPATH\CodeIgniter.php(919): App\Controllers\Home->reg()
11 SYSTEMPATH\CodeIgniter.php(494): CodeIgniter\CodeIgniter->runController(Object(App\Controllers\Home))
12 SYSTEMPATH\CodeIgniter.php(353): CodeIgniter\CodeIgniter->handleRequest(null, Object(Config\Cache), false)
13 FCPATH\index.php(79): CodeIgniter\CodeIgniter->run()
14 SYSTEMPATH\Commands\Server\rewrite.php(47): require_once('C:\\laragon\\www\\PGA-Management-System\\public\\index.php')
CRITICAL - 2024-05-22 11:34:48 --> Array to string conversion
in APPPATH\Views\logreg\js.php on line 58.
 1 APPPATH\Views\logreg\js.php(58): CodeIgniter\Debug\Exceptions->errorHandler(2, 'Array to string conversion', 'C:\\laragon\\www\\PGA-Management-System\\app\\Views\\logreg\\js.php', 58)
 2 SYSTEMPATH\View\View.php(226): include('C:\\laragon\\www\\PGA-Management-System\\app\\Views\\logreg\\js.php')
 3 SYSTEMPATH\View\View.php(229): CodeIgniter\View\View->CodeIgniter\View\{closure}()
 4 SYSTEMPATH\View\View.php(467): CodeIgniter\View\View->render('logreg/js', null, true)
 5 APPPATH\Views\register.php(3): CodeIgniter\View\View->include('logreg/js')
 6 SYSTEMPATH\View\View.php(226): include('C:\\laragon\\www\\PGA-Management-System\\app\\Views\\register.php')
 7 SYSTEMPATH\View\View.php(229): CodeIgniter\View\View->CodeIgniter\View\{closure}()
 8 SYSTEMPATH\Common.php(1188): CodeIgniter\View\View->render('register', [], true)
 9 APPPATH\Controllers\Home.php(31): view('register')
10 SYSTEMPATH\CodeIgniter.php(919): App\Controllers\Home->reg()
11 SYSTEMPATH\CodeIgniter.php(494): CodeIgniter\CodeIgniter->runController(Object(App\Controllers\Home))
12 SYSTEMPATH\CodeIgniter.php(353): CodeIgniter\CodeIgniter->handleRequest(null, Object(Config\Cache), false)
13 FCPATH\index.php(79): CodeIgniter\CodeIgniter->run()
14 SYSTEMPATH\Commands\Server\rewrite.php(47): require_once('C:\\laragon\\www\\PGA-Management-System\\public\\index.php')
CRITICAL - 2024-05-22 11:45:43 --> Undefined array key "verifier"
in APPPATH\Controllers\Authentication.php on line 497.
 1 APPPATH\Controllers\Authentication.php(497): CodeIgniter\Debug\Exceptions->errorHandler(2, 'Undefined array key "verifier"', 'C:\\laragon\\www\\PGA-Management-System\\app\\Controllers\\Authentication.php', 497)
 2 SYSTEMPATH\CodeIgniter.php(919): App\Controllers\Authentication->checking()
 3 SYSTEMPATH\CodeIgniter.php(494): CodeIgniter\CodeIgniter->runController(Object(App\Controllers\Authentication))
 4 SYSTEMPATH\CodeIgniter.php(353): CodeIgniter\CodeIgniter->handleRequest(null, Object(Config\Cache), false)
 5 FCPATH\index.php(79): CodeIgniter\CodeIgniter->run()
 6 SYSTEMPATH\Commands\Server\rewrite.php(47): require_once('C:\\laragon\\www\\PGA-Management-System\\public\\index.php')
CRITICAL - 2024-05-22 12:25:28 --> syntax error, unexpected token "if"
in APPPATH\Views\teacher\gradebody.php on line 25.
 1 SYSTEMPATH\View\View.php(229): CodeIgniter\View\View->CodeIgniter\View\{closure}()
 2 SYSTEMPATH\View\View.php(467): CodeIgniter\View\View->render('teacher/gradebody', null, true)
 3 APPPATH\Views\grade.php(2): CodeIgniter\View\View->include('teacher/gradebody')
 4 SYSTEMPATH\View\View.php(226): include('C:\\laragon\\www\\PGA-Management-System\\app\\Views\\grade.php')
 5 SYSTEMPATH\View\View.php(229): CodeIgniter\View\View->CodeIgniter\View\{closure}()
 6 SYSTEMPATH\Common.php(1188): CodeIgniter\View\View->render('grade', [], true)
 7 APPPATH\Controllers\TeacherController.php(116): view('grade', [...])
 8 SYSTEMPATH\CodeIgniter.php(919): App\Controllers\TeacherController->grade()
 9 SYSTEMPATH\CodeIgniter.php(494): CodeIgniter\CodeIgniter->runController(Object(App\Controllers\TeacherController))
10 SYSTEMPATH\CodeIgniter.php(353): CodeIgniter\CodeIgniter->handleRequest(null, Object(Config\Cache), false)
11 FCPATH\index.php(79): CodeIgniter\CodeIgniter->run()
12 SYSTEMPATH\Commands\Server\rewrite.php(47): require_once('C:\\laragon\\www\\PGA-Management-System\\public\\index.php')
CRITICAL - 2024-05-22 23:19:15 --> Undefined array key "id"
in APPPATH\Controllers\TeacherController.php on line 258.
 1 APPPATH\Controllers\TeacherController.php(258): CodeIgniter\Debug\Exceptions->errorHandler(2, 'Undefined array key "id"', 'C:\\laragon\\www\\PGA-Management-System\\app\\Controllers\\TeacherController.php', 258)
 2 SYSTEMPATH\CodeIgniter.php(919): App\Controllers\TeacherController->saveGrade()
 3 SYSTEMPATH\CodeIgniter.php(494): CodeIgniter\CodeIgniter->runController(Object(App\Controllers\TeacherController))
 4 SYSTEMPATH\CodeIgniter.php(353): CodeIgniter\CodeIgniter->handleRequest(null, Object(Config\Cache), false)
 5 FCPATH\index.php(79): CodeIgniter\CodeIgniter->run()
 6 SYSTEMPATH\Commands\Server\rewrite.php(47): require_once('C:\\laragon\\www\\PGA-Management-System\\public\\index.php')
