CRITICAL - 2024-04-13 03:21:05 --> Undefined array key "address"
in APPPATH\Views\registrar\studentaddress.php on line 60.
 1 APPPATH\Views\registrar\studentaddress.php(60): CodeIgniter\Debug\Exceptions->errorHandler(2, 'Undefined array key "address"', 'C:\\laragon\\www\\PGA-Management-System\\app\\Views\\registrar\\studentaddress.php', 60)
 2 SYSTEMPATH\View\View.php(226): include('C:\\laragon\\www\\PGA-Management-System\\app\\Views\\registrar\\studentaddress.php')
 3 SYSTEMPATH\View\View.php(229): CodeIgniter\View\View->CodeIgniter\View\{closure}()
 4 SYSTEMPATH\View\View.php(467): CodeIgniter\View\View->render('registrar/studentaddress', null, true)
 5 APPPATH\Views\regaddress.php(2): CodeIgniter\View\View->include('registrar/studentaddress')
 6 SYSTEMPATH\View\View.php(226): include('C:\\laragon\\www\\PGA-Management-System\\app\\Views\\regaddress.php')
 7 SYSTEMPATH\View\View.php(229): CodeIgniter\View\View->CodeIgniter\View\{closure}()
 8 SYSTEMPATH\Common.php(1188): CodeIgniter\View\View->render('regaddress', [], true)
 9 APPPATH\Controllers\RegistrarController.php(430): view('regaddress', [...])
10 SYSTEMPATH\CodeIgniter.php(919): App\Controllers\RegistrarController->regaddress()
11 SYSTEMPATH\CodeIgniter.php(494): CodeIgniter\CodeIgniter->runController(Object(App\Controllers\RegistrarController))
12 SYSTEMPATH\CodeIgniter.php(353): CodeIgniter\CodeIgniter->handleRequest(null, Object(Config\Cache), false)
13 FCPATH\index.php(79): CodeIgniter\CodeIgniter->run()
14 SYSTEMPATH\Commands\Server\rewrite.php(47): require_once('C:\\laragon\\www\\PGA-Management-System\\public\\index.php')
ERROR - 2024-04-13 04:40:58 --> Error connecting to the database: mysqli_sql_exception: No connection could be made because the target machine actively refused it in C:\laragon\www\PGA-Management-System\system\Database\MySQLi\Connection.php:185
Stack trace:
#0 C:\laragon\www\PGA-Management-System\system\Database\MySQLi\Connection.php(185): mysqli->real_connect('localhost', 'root', '', 'pga', 3306, '', 0)
#1 C:\laragon\www\PGA-Management-System\system\Database\BaseConnection.php(391): CodeIgniter\Database\MySQLi\Connection->connect(false)
#2 C:\laragon\www\PGA-Management-System\system\Database\BaseConnection.php(574): CodeIgniter\Database\BaseConnection->initialize()
#3 C:\laragon\www\PGA-Management-System\system\Database\BaseBuilder.php(1615): CodeIgniter\Database\BaseConnection->query('SELECT *\nFROM `...', Array, false)
#4 C:\laragon\www\PGA-Management-System\system\Model.php(264): CodeIgniter\Database\BaseBuilder->get()
#5 C:\laragon\www\PGA-Management-System\system\BaseModel.php(662): CodeIgniter\Model->doFirst()
#6 C:\laragon\www\PGA-Management-System\app\Controllers\Authentication.php(44): CodeIgniter\BaseModel->first()
#7 C:\laragon\www\PGA-Management-System\system\CodeIgniter.php(919): App\Controllers\Authentication->LoginAuth()
#8 C:\laragon\www\PGA-Management-System\system\CodeIgniter.php(494): CodeIgniter\CodeIgniter->runController(Object(App\Controllers\Authentication))
#9 C:\laragon\www\PGA-Management-System\system\CodeIgniter.php(353): CodeIgniter\CodeIgniter->handleRequest(NULL, Object(Config\Cache), false)
#10 C:\laragon\www\PGA-Management-System\public\index.php(79): CodeIgniter\CodeIgniter->run()
#11 C:\laragon\www\PGA-Management-System\system\Commands\Server\rewrite.php(47): require_once('C:\\laragon\\www\\...')
#12 {main}

Next CodeIgniter\Database\Exceptions\DatabaseException: No connection could be made because the target machine actively refused it in C:\laragon\www\PGA-Management-System\system\Database\MySQLi\Connection.php:229
Stack trace:
#0 C:\laragon\www\PGA-Management-System\system\Database\BaseConnection.php(391): CodeIgniter\Database\MySQLi\Connection->connect(false)
#1 C:\laragon\www\PGA-Management-System\system\Database\BaseConnection.php(574): CodeIgniter\Database\BaseConnection->initialize()
#2 C:\laragon\www\PGA-Management-System\system\Database\BaseBuilder.php(1615): CodeIgniter\Database\BaseConnection->query('SELECT *\nFROM `...', Array, false)
#3 C:\laragon\www\PGA-Management-System\system\Model.php(264): CodeIgniter\Database\BaseBuilder->get()
#4 C:\laragon\www\PGA-Management-System\system\BaseModel.php(662): CodeIgniter\Model->doFirst()
#5 C:\laragon\www\PGA-Management-System\app\Controllers\Authentication.php(44): CodeIgniter\BaseModel->first()
#6 C:\laragon\www\PGA-Management-System\system\CodeIgniter.php(919): App\Controllers\Authentication->LoginAuth()
#7 C:\laragon\www\PGA-Management-System\system\CodeIgniter.php(494): CodeIgniter\CodeIgniter->runController(Object(App\Controllers\Authentication))
#8 C:\laragon\www\PGA-Management-System\system\CodeIgniter.php(353): CodeIgniter\CodeIgniter->handleRequest(NULL, Object(Config\Cache), false)
#9 C:\laragon\www\PGA-Management-System\public\index.php(79): CodeIgniter\CodeIgniter->run()
#10 C:\laragon\www\PGA-Management-System\system\Commands\Server\rewrite.php(47): require_once('C:\\laragon\\www\\...')
#11 {main}
CRITICAL - 2024-04-13 04:40:58 --> Unable to connect to the database.
Main connection [MySQLi]: No connection could be made because the target machine actively refused it
in SYSTEMPATH\Database\BaseConnection.php on line 427.
 1 SYSTEMPATH\Database\BaseConnection.php(574): CodeIgniter\Database\BaseConnection->initialize()
 2 SYSTEMPATH\Database\BaseBuilder.php(1615): CodeIgniter\Database\BaseConnection->query('SELECT *
FROM `accounts`
WHERE `username` = :username:
 LIMIT 1', [...], false)
 3 SYSTEMPATH\Model.php(264): CodeIgniter\Database\BaseBuilder->get()
 4 SYSTEMPATH\BaseModel.php(662): CodeIgniter\Model->doFirst()
 5 APPPATH\Controllers\Authentication.php(44): CodeIgniter\BaseModel->first()
 6 SYSTEMPATH\CodeIgniter.php(919): App\Controllers\Authentication->LoginAuth()
 7 SYSTEMPATH\CodeIgniter.php(494): CodeIgniter\CodeIgniter->runController(Object(App\Controllers\Authentication))
 8 SYSTEMPATH\CodeIgniter.php(353): CodeIgniter\CodeIgniter->handleRequest(null, Object(Config\Cache), false)
 9 FCPATH\index.php(79): CodeIgniter\CodeIgniter->run()
10 SYSTEMPATH\Commands\Server\rewrite.php(47): require_once('C:\\laragon\\www\\PGA-Management-System\\public\\index.php')
CRITICAL - 2024-04-13 06:16:12 --> Invalid file: "about.php"
in SYSTEMPATH\Exceptions\FrameworkException.php on line 39.
 1 SYSTEMPATH\View\View.php(214): CodeIgniter\Exceptions\FrameworkException::forInvalidFile('about.php')
 2 SYSTEMPATH\Common.php(1188): CodeIgniter\View\View->render('about', [], true)
 3 APPPATH\Controllers\Home.php(27): view('about')
 4 SYSTEMPATH\CodeIgniter.php(919): App\Controllers\Home->ab()
 5 SYSTEMPATH\CodeIgniter.php(494): CodeIgniter\CodeIgniter->runController(Object(App\Controllers\Home))
 6 SYSTEMPATH\CodeIgniter.php(353): CodeIgniter\CodeIgniter->handleRequest(null, Object(Config\Cache), false)
 7 FCPATH\index.php(79): CodeIgniter\CodeIgniter->run()
 8 SYSTEMPATH\Commands\Server\rewrite.php(47): require_once('C:\\laragon\\www\\PGA-Management-System\\public\\index.php')
CRITICAL - 2024-04-13 07:01:55 --> Class "SimpleSoftwareIO\QrCode\Generator" not found
in APPPATH\Controllers\Attendance.php on line 24.
 1 SYSTEMPATH\CodeIgniter.php(919): App\Controllers\Attendance->simple_qr()
 2 SYSTEMPATH\CodeIgniter.php(494): CodeIgniter\CodeIgniter->runController(Object(App\Controllers\Attendance))
 3 SYSTEMPATH\CodeIgniter.php(353): CodeIgniter\CodeIgniter->handleRequest(null, Object(Config\Cache), false)
 4 FCPATH\index.php(79): CodeIgniter\CodeIgniter->run()
 5 SYSTEMPATH\Commands\Server\rewrite.php(47): require_once('C:\\laragon\\www\\PGA-Management-System\\public\\index.php')
CRITICAL - 2024-04-13 07:47:40 --> Undefined array key "username"
in APPPATH\Views\general\generalbody.php on line 20.
 1 APPPATH\Views\general\generalbody.php(20): CodeIgniter\Debug\Exceptions->errorHandler(2, 'Undefined array key "username"', 'C:\\laragon\\www\\PGA-Management-System\\app\\Views\\general\\generalbody.php', 20)
 2 SYSTEMPATH\View\View.php(226): include('C:\\laragon\\www\\PGA-Management-System\\app\\Views\\general\\generalbody.php')
 3 SYSTEMPATH\View\View.php(229): CodeIgniter\View\View->CodeIgniter\View\{closure}()
 4 SYSTEMPATH\View\View.php(467): CodeIgniter\View\View->render('general/generalbody', null, true)
 5 APPPATH\Views\general.php(2): CodeIgniter\View\View->include('general/generalbody')
 6 SYSTEMPATH\View\View.php(226): include('C:\\laragon\\www\\PGA-Management-System\\app\\Views\\general.php')
 7 SYSTEMPATH\View\View.php(229): CodeIgniter\View\View->CodeIgniter\View\{closure}()
 8 SYSTEMPATH\Common.php(1188): CodeIgniter\View\View->render('general', [], true)
 9 APPPATH\Controllers\GeneralController.php(10): view('general')
10 SYSTEMPATH\CodeIgniter.php(919): App\Controllers\GeneralController->general()
11 SYSTEMPATH\CodeIgniter.php(494): CodeIgniter\CodeIgniter->runController(Object(App\Controllers\GeneralController))
12 SYSTEMPATH\CodeIgniter.php(353): CodeIgniter\CodeIgniter->handleRequest(null, Object(Config\Cache), false)
13 FCPATH\index.php(79): CodeIgniter\CodeIgniter->run()
14 SYSTEMPATH\Commands\Server\rewrite.php(47): require_once('C:\\laragon\\www\\PGA-Management-System\\public\\index.php')
CRITICAL - 2024-04-13 10:30:24 --> SimpleSoftwareIO\QrCode\Generator::generate(): Argument #1 ($text) must be of type string, null given, called in C:\laragon\www\PGA-Management-System\app\Controllers\StudentController.php on line 56
in VENDORPATH\simplesoftwareio\simple-qrcode\src\Generator.php on line 169.
 1 APPPATH\Controllers\StudentController.php(56): SimpleSoftwareIO\QrCode\Generator->generate(null)
 2 SYSTEMPATH\CodeIgniter.php(919): App\Controllers\StudentController->simple_qr()
 3 SYSTEMPATH\CodeIgniter.php(494): CodeIgniter\CodeIgniter->runController(Object(App\Controllers\StudentController))
 4 SYSTEMPATH\CodeIgniter.php(353): CodeIgniter\CodeIgniter->handleRequest(null, Object(Config\Cache), false)
 5 FCPATH\index.php(79): CodeIgniter\CodeIgniter->run()
 6 SYSTEMPATH\Commands\Server\rewrite.php(47): require_once('C:\\laragon\\www\\PGA-Management-System\\public\\index.php')
CRITICAL - 2024-04-13 10:35:25 --> SimpleSoftwareIO\QrCode\Generator::generate(): Argument #1 ($text) must be of type string, array given, called in C:\laragon\www\PGA-Management-System\app\Controllers\StudentController.php on line 57
in VENDORPATH\simplesoftwareio\simple-qrcode\src\Generator.php on line 169.
 1 APPPATH\Controllers\StudentController.php(57): SimpleSoftwareIO\QrCode\Generator->generate([...])
 2 SYSTEMPATH\CodeIgniter.php(919): App\Controllers\StudentController->simple_qr()
 3 SYSTEMPATH\CodeIgniter.php(494): CodeIgniter\CodeIgniter->runController(Object(App\Controllers\StudentController))
 4 SYSTEMPATH\CodeIgniter.php(353): CodeIgniter\CodeIgniter->handleRequest(null, Object(Config\Cache), false)
 5 FCPATH\index.php(79): CodeIgniter\CodeIgniter->run()
 6 SYSTEMPATH\Commands\Server\rewrite.php(47): require_once('C:\\laragon\\www\\PGA-Management-System\\public\\index.php')
CRITICAL - 2024-04-13 11:57:04 --> syntax error, unexpected end of file, expecting "elseif" or "else" or "endif"
in APPPATH\Views\general\generalbody.php on line 184.
 1 SYSTEMPATH\View\View.php(229): CodeIgniter\View\View->CodeIgniter\View\{closure}()
 2 SYSTEMPATH\View\View.php(467): CodeIgniter\View\View->render('general/generalbody', null, true)
 3 APPPATH\Views\general.php(2): CodeIgniter\View\View->include('general/generalbody')
 4 SYSTEMPATH\View\View.php(226): include('C:\\laragon\\www\\PGA-Management-System\\app\\Views\\general.php')
 5 SYSTEMPATH\View\View.php(229): CodeIgniter\View\View->CodeIgniter\View\{closure}()
 6 SYSTEMPATH\Common.php(1188): CodeIgniter\View\View->render('general', [], true)
 7 APPPATH\Controllers\GeneralController.php(10): view('general')
 8 SYSTEMPATH\CodeIgniter.php(919): App\Controllers\GeneralController->general()
 9 SYSTEMPATH\CodeIgniter.php(494): CodeIgniter\CodeIgniter->runController(Object(App\Controllers\GeneralController))
10 SYSTEMPATH\CodeIgniter.php(353): CodeIgniter\CodeIgniter->handleRequest(null, Object(Config\Cache), false)
11 FCPATH\index.php(79): CodeIgniter\CodeIgniter->run()
12 SYSTEMPATH\Commands\Server\rewrite.php(47): require_once('C:\\laragon\\www\\PGA-Management-System\\public\\index.php')
CRITICAL - 2024-04-13 13:55:17 --> Invalid file: "about.php"
in SYSTEMPATH\Exceptions\FrameworkException.php on line 39.
 1 SYSTEMPATH\View\View.php(214): CodeIgniter\Exceptions\FrameworkException::forInvalidFile('about.php')
 2 SYSTEMPATH\Common.php(1188): CodeIgniter\View\View->render('about', [], true)
 3 APPPATH\Controllers\Home.php(27): view('about')
 4 SYSTEMPATH\CodeIgniter.php(919): App\Controllers\Home->ab()
 5 SYSTEMPATH\CodeIgniter.php(494): CodeIgniter\CodeIgniter->runController(Object(App\Controllers\Home))
 6 SYSTEMPATH\CodeIgniter.php(353): CodeIgniter\CodeIgniter->handleRequest(null, Object(Config\Cache), false)
 7 FCPATH\index.php(79): CodeIgniter\CodeIgniter->run()
 8 SYSTEMPATH\Commands\Server\rewrite.php(47): require_once('C:\\laragon\\www\\PGA-Management-System\\public\\index.php')
