ERROR - 2024-05-30 00:17:40 --> mysqli_sql_exception: Unknown column 'section_name' in 'field list' in C:\laragon\www\PGA-Management-System\system\Database\MySQLi\Connection.php:306
Stack trace:
#0 C:\laragon\www\PGA-Management-System\system\Database\MySQLi\Connection.php(306): mysqli->query('SELECT `school_...', 0)
#1 C:\laragon\www\PGA-Management-System\system\Database\BaseConnection.php(692): CodeIgniter\Database\MySQLi\Connection->execute('SELECT `school_...')
#2 C:\laragon\www\PGA-Management-System\system\Database\BaseConnection.php(606): CodeIgniter\Database\BaseConnection->simpleQuery('SELECT `school_...')
#3 C:\laragon\www\PGA-Management-System\system\Database\BaseBuilder.php(1615): CodeIgniter\Database\BaseConnection->query('SELECT `school_...', Array, false)
#4 C:\laragon\www\PGA-Management-System\system\Model.php(264): CodeIgniter\Database\BaseBuilder->get()
#5 C:\laragon\www\PGA-Management-System\system\BaseModel.php(662): CodeIgniter\Model->doFirst()
#6 C:\laragon\www\PGA-Management-System\app\Controllers\TeacherController.php(358): CodeIgniter\BaseModel->first()
#7 C:\laragon\www\PGA-Management-System\system\CodeIgniter.php(919): App\Controllers\TeacherController->generateGrade()
#8 C:\laragon\www\PGA-Management-System\system\CodeIgniter.php(494): CodeIgniter\CodeIgniter->runController(Object(App\Controllers\TeacherController))
#9 C:\laragon\www\PGA-Management-System\system\CodeIgniter.php(353): CodeIgniter\CodeIgniter->handleRequest(NULL, Object(Config\Cache), false)
#10 C:\laragon\www\PGA-Management-System\public\index.php(79): CodeIgniter\CodeIgniter->run()
#11 C:\laragon\www\PGA-Management-System\system\Commands\Server\rewrite.php(47): require_once('C:\\laragon\\www\\...')
#12 {main}
CRITICAL - 2024-05-30 00:17:40 --> Unknown column 'section_name' in 'field list'
in SYSTEMPATH\Database\BaseConnection.php on line 646.
 1 SYSTEMPATH\Database\BaseBuilder.php(1615): CodeIgniter\Database\BaseConnection->query('SELECT `school_year`, CONCAT(last_name, ", ", `first_name`, " ", middle_name) as student, `age`, `yr_lvl`, `section_name`, `gender`, `admissions`.`student_id`
FROM `admissions`
INNER JOIN `student_learner` ON `admissions`.`account_id` = `student_learner`.`account_id`
INNER JOIN `sections` ON `admissions`.`section` = `sections`.`id`
WHERE `student_grades`.`student_id` = :student_grades.student_id:
AND `school_year` = :school_year:
 LIMIT 1', [...], false)
 2 SYSTEMPATH\Model.php(264): CodeIgniter\Database\BaseBuilder->get()
 3 SYSTEMPATH\BaseModel.php(662): CodeIgniter\Model->doFirst()
 4 APPPATH\Controllers\TeacherController.php(358): CodeIgniter\BaseModel->first()
 5 SYSTEMPATH\CodeIgniter.php(919): App\Controllers\TeacherController->generateGrade()
 6 SYSTEMPATH\CodeIgniter.php(494): CodeIgniter\CodeIgniter->runController(Object(App\Controllers\TeacherController))
 7 SYSTEMPATH\CodeIgniter.php(353): CodeIgniter\CodeIgniter->handleRequest(null, Object(Config\Cache), false)
 8 FCPATH\index.php(79): CodeIgniter\CodeIgniter->run()
 9 SYSTEMPATH\Commands\Server\rewrite.php(47): require_once('C:\\laragon\\www\\PGA-Management-System\\public\\index.php')
CRITICAL - 2024-05-30 00:20:03 --> hex2bin(): Input string must be hexadecimal string
in APPPATH\Controllers\TeacherController.php on line 155.
 1 [internal function]: CodeIgniter\Debug\Exceptions->errorHandler(2, 'hex2bin(): Input string must be hexadecimal string', 'C:\\laragon\\www\\PGA-Management-System\\app\\Controllers\\TeacherController.php', 155)
 2 APPPATH\Controllers\TeacherController.php(155): hex2bin('assets')
 3 SYSTEMPATH\CodeIgniter.php(919): App\Controllers\TeacherController->expandStudent('assets', 'js', 'book.js')
 4 SYSTEMPATH\CodeIgniter.php(494): CodeIgniter\CodeIgniter->runController(Object(App\Controllers\TeacherController))
 5 SYSTEMPATH\CodeIgniter.php(353): CodeIgniter\CodeIgniter->handleRequest(null, Object(Config\Cache), false)
 6 FCPATH\index.php(79): CodeIgniter\CodeIgniter->run()
 7 SYSTEMPATH\Commands\Server\rewrite.php(47): require_once('C:\\laragon\\www\\PGA-Management-System\\public\\index.php')
ERROR - 2024-05-30 00:20:05 --> mysqli_sql_exception: Unknown column 'student_grades.student_id' in 'where clause' in C:\laragon\www\PGA-Management-System\system\Database\MySQLi\Connection.php:306
Stack trace:
#0 C:\laragon\www\PGA-Management-System\system\Database\MySQLi\Connection.php(306): mysqli->query('SELECT `school_...', 0)
#1 C:\laragon\www\PGA-Management-System\system\Database\BaseConnection.php(692): CodeIgniter\Database\MySQLi\Connection->execute('SELECT `school_...')
#2 C:\laragon\www\PGA-Management-System\system\Database\BaseConnection.php(606): CodeIgniter\Database\BaseConnection->simpleQuery('SELECT `school_...')
#3 C:\laragon\www\PGA-Management-System\system\Database\BaseBuilder.php(1615): CodeIgniter\Database\BaseConnection->query('SELECT `school_...', Array, false)
#4 C:\laragon\www\PGA-Management-System\system\Model.php(264): CodeIgniter\Database\BaseBuilder->get()
#5 C:\laragon\www\PGA-Management-System\system\BaseModel.php(662): CodeIgniter\Model->doFirst()
#6 C:\laragon\www\PGA-Management-System\app\Controllers\TeacherController.php(358): CodeIgniter\BaseModel->first()
#7 C:\laragon\www\PGA-Management-System\system\CodeIgniter.php(919): App\Controllers\TeacherController->generateGrade()
#8 C:\laragon\www\PGA-Management-System\system\CodeIgniter.php(494): CodeIgniter\CodeIgniter->runController(Object(App\Controllers\TeacherController))
#9 C:\laragon\www\PGA-Management-System\system\CodeIgniter.php(353): CodeIgniter\CodeIgniter->handleRequest(NULL, Object(Config\Cache), false)
#10 C:\laragon\www\PGA-Management-System\public\index.php(79): CodeIgniter\CodeIgniter->run()
#11 C:\laragon\www\PGA-Management-System\system\Commands\Server\rewrite.php(47): require_once('C:\\laragon\\www\\...')
#12 {main}
CRITICAL - 2024-05-30 00:20:05 --> Unknown column 'student_grades.student_id' in 'where clause'
in SYSTEMPATH\Database\BaseConnection.php on line 646.
 1 SYSTEMPATH\Database\BaseBuilder.php(1615): CodeIgniter\Database\BaseConnection->query('SELECT `school_year`, CONCAT(last_name, ", ", `first_name`, " ", middle_name) as student, `age`, `yr_lvl`, `name`, `gender`, `admissions`.`student_id`
FROM `admissions`
INNER JOIN `student_learner` ON `admissions`.`account_id` = `student_learner`.`account_id`
INNER JOIN `sections` ON `admissions`.`section` = `sections`.`id`
WHERE `student_grades`.`student_id` = :student_grades.student_id:
AND `school_year` = :school_year:
 LIMIT 1', [...], false)
 2 SYSTEMPATH\Model.php(264): CodeIgniter\Database\BaseBuilder->get()
 3 SYSTEMPATH\BaseModel.php(662): CodeIgniter\Model->doFirst()
 4 APPPATH\Controllers\TeacherController.php(358): CodeIgniter\BaseModel->first()
 5 SYSTEMPATH\CodeIgniter.php(919): App\Controllers\TeacherController->generateGrade()
 6 SYSTEMPATH\CodeIgniter.php(494): CodeIgniter\CodeIgniter->runController(Object(App\Controllers\TeacherController))
 7 SYSTEMPATH\CodeIgniter.php(353): CodeIgniter\CodeIgniter->handleRequest(null, Object(Config\Cache), false)
 8 FCPATH\index.php(79): CodeIgniter\CodeIgniter->run()
 9 SYSTEMPATH\Commands\Server\rewrite.php(47): require_once('C:\\laragon\\www\\PGA-Management-System\\public\\index.php')
CRITICAL - 2024-05-30 00:22:38 --> hex2bin(): Input string must be hexadecimal string
in APPPATH\Controllers\TeacherController.php on line 155.
 1 [internal function]: CodeIgniter\Debug\Exceptions->errorHandler(2, 'hex2bin(): Input string must be hexadecimal string', 'C:\\laragon\\www\\PGA-Management-System\\app\\Controllers\\TeacherController.php', 155)
 2 APPPATH\Controllers\TeacherController.php(155): hex2bin('assets')
 3 SYSTEMPATH\CodeIgniter.php(919): App\Controllers\TeacherController->expandStudent('assets', 'js', 'book.js')
 4 SYSTEMPATH\CodeIgniter.php(494): CodeIgniter\CodeIgniter->runController(Object(App\Controllers\TeacherController))
 5 SYSTEMPATH\CodeIgniter.php(353): CodeIgniter\CodeIgniter->handleRequest(null, Object(Config\Cache), false)
 6 FCPATH\index.php(79): CodeIgniter\CodeIgniter->run()
 7 SYSTEMPATH\Commands\Server\rewrite.php(47): require_once('C:\\laragon\\www\\PGA-Management-System\\public\\index.php')
CRITICAL - 2024-05-30 00:22:49 --> hex2bin(): Input string must be hexadecimal string
in APPPATH\Controllers\TeacherController.php on line 155.
 1 [internal function]: CodeIgniter\Debug\Exceptions->errorHandler(2, 'hex2bin(): Input string must be hexadecimal string', 'C:\\laragon\\www\\PGA-Management-System\\app\\Controllers\\TeacherController.php', 155)
 2 APPPATH\Controllers\TeacherController.php(155): hex2bin('assets')
 3 SYSTEMPATH\CodeIgniter.php(919): App\Controllers\TeacherController->expandStudent('assets', 'js', 'book.js')
 4 SYSTEMPATH\CodeIgniter.php(494): CodeIgniter\CodeIgniter->runController(Object(App\Controllers\TeacherController))
 5 SYSTEMPATH\CodeIgniter.php(353): CodeIgniter\CodeIgniter->handleRequest(null, Object(Config\Cache), false)
 6 FCPATH\index.php(79): CodeIgniter\CodeIgniter->run()
 7 SYSTEMPATH\Commands\Server\rewrite.php(47): require_once('C:\\laragon\\www\\PGA-Management-System\\public\\index.php')
CRITICAL - 2024-05-30 00:33:53 --> hex2bin(): Input string must be hexadecimal string
in APPPATH\Controllers\TeacherController.php on line 155.
 1 [internal function]: CodeIgniter\Debug\Exceptions->errorHandler(2, 'hex2bin(): Input string must be hexadecimal string', 'C:\\laragon\\www\\PGA-Management-System\\app\\Controllers\\TeacherController.php', 155)
 2 APPPATH\Controllers\TeacherController.php(155): hex2bin('assets')
 3 SYSTEMPATH\CodeIgniter.php(919): App\Controllers\TeacherController->expandStudent('assets', 'js', 'book.js')
 4 SYSTEMPATH\CodeIgniter.php(494): CodeIgniter\CodeIgniter->runController(Object(App\Controllers\TeacherController))
 5 SYSTEMPATH\CodeIgniter.php(353): CodeIgniter\CodeIgniter->handleRequest(null, Object(Config\Cache), false)
 6 FCPATH\index.php(79): CodeIgniter\CodeIgniter->run()
 7 SYSTEMPATH\Commands\Server\rewrite.php(47): require_once('C:\\laragon\\www\\PGA-Management-System\\public\\index.php')
CRITICAL - 2024-05-30 00:34:06 --> fopen(MCC2021-8888.xlsx): Failed to open stream: Resource temporarily unavailable
in VENDORPATH\phpoffice\phpspreadsheet\src\PhpSpreadsheet\Writer\BaseWriter.php on line 117.
 1 [internal function]: CodeIgniter\Debug\Exceptions->errorHandler(2, 'fopen(MCC2021-8888.xlsx): Failed to open stream: Resource temporarily unavailable', 'C:\\laragon\\www\\PGA-Management-System\\vendor\\phpoffice\\phpspreadsheet\\src\\PhpSpreadsheet\\Writer\\BaseWriter.php', 117)
 2 VENDORPATH\phpoffice\phpspreadsheet\src\PhpSpreadsheet\Writer\BaseWriter.php(117): fopen('MCC2021-8888.xlsx', 'wb')
 3 VENDORPATH\phpoffice\phpspreadsheet\src\PhpSpreadsheet\Writer\Xlsx.php(496): PhpOffice\PhpSpreadsheet\Writer\BaseWriter->openFileHandle('MCC2021-8888.xlsx')
 4 APPPATH\Controllers\TeacherController.php(507): PhpOffice\PhpSpreadsheet\Writer\Xlsx->save('MCC2021-8888.xlsx')
 5 SYSTEMPATH\CodeIgniter.php(919): App\Controllers\TeacherController->generateGrade()
 6 SYSTEMPATH\CodeIgniter.php(494): CodeIgniter\CodeIgniter->runController(Object(App\Controllers\TeacherController))
 7 SYSTEMPATH\CodeIgniter.php(353): CodeIgniter\CodeIgniter->handleRequest(null, Object(Config\Cache), false)
 8 FCPATH\index.php(79): CodeIgniter\CodeIgniter->run()
 9 SYSTEMPATH\Commands\Server\rewrite.php(47): require_once('C:\\laragon\\www\\PGA-Management-System\\public\\index.php')
CRITICAL - 2024-05-30 00:34:25 --> hex2bin(): Input string must be hexadecimal string
in APPPATH\Controllers\TeacherController.php on line 155.
 1 [internal function]: CodeIgniter\Debug\Exceptions->errorHandler(2, 'hex2bin(): Input string must be hexadecimal string', 'C:\\laragon\\www\\PGA-Management-System\\app\\Controllers\\TeacherController.php', 155)
 2 APPPATH\Controllers\TeacherController.php(155): hex2bin('assets')
 3 SYSTEMPATH\CodeIgniter.php(919): App\Controllers\TeacherController->expandStudent('assets', 'js', 'book.js')
 4 SYSTEMPATH\CodeIgniter.php(494): CodeIgniter\CodeIgniter->runController(Object(App\Controllers\TeacherController))
 5 SYSTEMPATH\CodeIgniter.php(353): CodeIgniter\CodeIgniter->handleRequest(null, Object(Config\Cache), false)
 6 FCPATH\index.php(79): CodeIgniter\CodeIgniter->run()
 7 SYSTEMPATH\Commands\Server\rewrite.php(47): require_once('C:\\laragon\\www\\PGA-Management-System\\public\\index.php')
CRITICAL - 2024-05-30 00:34:35 --> hex2bin(): Input string must be hexadecimal string
in APPPATH\Controllers\TeacherController.php on line 155.
 1 [internal function]: CodeIgniter\Debug\Exceptions->errorHandler(2, 'hex2bin(): Input string must be hexadecimal string', 'C:\\laragon\\www\\PGA-Management-System\\app\\Controllers\\TeacherController.php', 155)
 2 APPPATH\Controllers\TeacherController.php(155): hex2bin('assets')
 3 SYSTEMPATH\CodeIgniter.php(919): App\Controllers\TeacherController->expandStudent('assets', 'js', 'book.js')
 4 SYSTEMPATH\CodeIgniter.php(494): CodeIgniter\CodeIgniter->runController(Object(App\Controllers\TeacherController))
 5 SYSTEMPATH\CodeIgniter.php(353): CodeIgniter\CodeIgniter->handleRequest(null, Object(Config\Cache), false)
 6 FCPATH\index.php(79): CodeIgniter\CodeIgniter->run()
 7 SYSTEMPATH\Commands\Server\rewrite.php(47): require_once('C:\\laragon\\www\\PGA-Management-System\\public\\index.php')
CRITICAL - 2024-05-30 00:38:51 --> hex2bin(): Input string must be hexadecimal string
in APPPATH\Controllers\TeacherController.php on line 155.
 1 [internal function]: CodeIgniter\Debug\Exceptions->errorHandler(2, 'hex2bin(): Input string must be hexadecimal string', 'C:\\laragon\\www\\PGA-Management-System\\app\\Controllers\\TeacherController.php', 155)
 2 APPPATH\Controllers\TeacherController.php(155): hex2bin('assets')
 3 SYSTEMPATH\CodeIgniter.php(919): App\Controllers\TeacherController->expandStudent('assets', 'js', 'book.js')
 4 SYSTEMPATH\CodeIgniter.php(494): CodeIgniter\CodeIgniter->runController(Object(App\Controllers\TeacherController))
 5 SYSTEMPATH\CodeIgniter.php(353): CodeIgniter\CodeIgniter->handleRequest(null, Object(Config\Cache), false)
 6 FCPATH\index.php(79): CodeIgniter\CodeIgniter->run()
 7 SYSTEMPATH\Commands\Server\rewrite.php(47): require_once('C:\\laragon\\www\\PGA-Management-System\\public\\index.php')
CRITICAL - 2024-05-30 00:45:25 --> hex2bin(): Input string must be hexadecimal string
in APPPATH\Controllers\TeacherController.php on line 155.
 1 [internal function]: CodeIgniter\Debug\Exceptions->errorHandler(2, 'hex2bin(): Input string must be hexadecimal string', 'C:\\laragon\\www\\PGA-Management-System\\app\\Controllers\\TeacherController.php', 155)
 2 APPPATH\Controllers\TeacherController.php(155): hex2bin('assets')
 3 SYSTEMPATH\CodeIgniter.php(919): App\Controllers\TeacherController->expandStudent('assets', 'js', 'book.js')
 4 SYSTEMPATH\CodeIgniter.php(494): CodeIgniter\CodeIgniter->runController(Object(App\Controllers\TeacherController))
 5 SYSTEMPATH\CodeIgniter.php(353): CodeIgniter\CodeIgniter->handleRequest(null, Object(Config\Cache), false)
 6 FCPATH\index.php(79): CodeIgniter\CodeIgniter->run()
 7 SYSTEMPATH\Commands\Server\rewrite.php(47): require_once('C:\\laragon\\www\\PGA-Management-System\\public\\index.php')
CRITICAL - 2024-05-30 00:55:05 --> Allowed memory size of 536870912 bytes exhausted (tried to allocate 268435464 bytes)
in VENDORPATH\phpoffice\phpspreadsheet\src\PhpSpreadsheet\Cell\Coordinate.php on line 550.
 1 [internal function]: CodeIgniter\Debug\Exceptions->shutdownHandler()
CRITICAL - 2024-05-30 00:56:39 --> hex2bin(): Input string must be hexadecimal string
in APPPATH\Controllers\TeacherController.php on line 155.
 1 [internal function]: CodeIgniter\Debug\Exceptions->errorHandler(2, 'hex2bin(): Input string must be hexadecimal string', 'C:\\laragon\\www\\PGA-Management-System\\app\\Controllers\\TeacherController.php', 155)
 2 APPPATH\Controllers\TeacherController.php(155): hex2bin('assets')
 3 SYSTEMPATH\CodeIgniter.php(919): App\Controllers\TeacherController->expandStudent('assets', 'js', 'book.js')
 4 SYSTEMPATH\CodeIgniter.php(494): CodeIgniter\CodeIgniter->runController(Object(App\Controllers\TeacherController))
 5 SYSTEMPATH\CodeIgniter.php(353): CodeIgniter\CodeIgniter->handleRequest(null, Object(Config\Cache), false)
 6 FCPATH\index.php(79): CodeIgniter\CodeIgniter->run()
 7 SYSTEMPATH\Commands\Server\rewrite.php(47): require_once('C:\\laragon\\www\\PGA-Management-System\\public\\index.php')
CRITICAL - 2024-05-30 00:56:45 --> Allowed memory size of 536870912 bytes exhausted (tried to allocate 268435464 bytes)
in VENDORPATH\phpoffice\phpspreadsheet\src\PhpSpreadsheet\Cell\Coordinate.php on line 550.
 1 [internal function]: CodeIgniter\Debug\Exceptions->shutdownHandler()
CRITICAL - 2024-05-30 00:56:51 --> hex2bin(): Input string must be hexadecimal string
in APPPATH\Controllers\TeacherController.php on line 155.
 1 [internal function]: CodeIgniter\Debug\Exceptions->errorHandler(2, 'hex2bin(): Input string must be hexadecimal string', 'C:\\laragon\\www\\PGA-Management-System\\app\\Controllers\\TeacherController.php', 155)
 2 APPPATH\Controllers\TeacherController.php(155): hex2bin('assets')
 3 SYSTEMPATH\CodeIgniter.php(919): App\Controllers\TeacherController->expandStudent('assets', 'js', 'book.js')
 4 SYSTEMPATH\CodeIgniter.php(494): CodeIgniter\CodeIgniter->runController(Object(App\Controllers\TeacherController))
 5 SYSTEMPATH\CodeIgniter.php(353): CodeIgniter\CodeIgniter->handleRequest(null, Object(Config\Cache), false)
 6 FCPATH\index.php(79): CodeIgniter\CodeIgniter->run()
 7 SYSTEMPATH\Commands\Server\rewrite.php(47): require_once('C:\\laragon\\www\\PGA-Management-System\\public\\index.php')
CRITICAL - 2024-05-30 00:57:51 --> Allowed memory size of 536870912 bytes exhausted (tried to allocate 268435464 bytes)
in VENDORPATH\phpoffice\phpspreadsheet\src\PhpSpreadsheet\Cell\Coordinate.php on line 550.
 1 [internal function]: CodeIgniter\Debug\Exceptions->shutdownHandler()
CRITICAL - 2024-05-30 00:59:25 --> hex2bin(): Input string must be hexadecimal string
in APPPATH\Controllers\TeacherController.php on line 155.
 1 [internal function]: CodeIgniter\Debug\Exceptions->errorHandler(2, 'hex2bin(): Input string must be hexadecimal string', 'C:\\laragon\\www\\PGA-Management-System\\app\\Controllers\\TeacherController.php', 155)
 2 APPPATH\Controllers\TeacherController.php(155): hex2bin('assets')
 3 SYSTEMPATH\CodeIgniter.php(919): App\Controllers\TeacherController->expandStudent('assets', 'js', 'book.js')
 4 SYSTEMPATH\CodeIgniter.php(494): CodeIgniter\CodeIgniter->runController(Object(App\Controllers\TeacherController))
 5 SYSTEMPATH\CodeIgniter.php(353): CodeIgniter\CodeIgniter->handleRequest(null, Object(Config\Cache), false)
 6 FCPATH\index.php(79): CodeIgniter\CodeIgniter->run()
 7 SYSTEMPATH\Commands\Server\rewrite.php(47): require_once('C:\\laragon\\www\\PGA-Management-System\\public\\index.php')
CRITICAL - 2024-05-30 00:59:28 --> Allowed memory size of 67108864 bytes exhausted (tried to allocate 16777224 bytes)
in VENDORPATH\phpoffice\phpspreadsheet\src\PhpSpreadsheet\Cell\Coordinate.php on line 550.
 1 [internal function]: CodeIgniter\Debug\Exceptions->shutdownHandler()
CRITICAL - 2024-05-30 00:59:48 --> hex2bin(): Input string must be hexadecimal string
in APPPATH\Controllers\TeacherController.php on line 155.
 1 [internal function]: CodeIgniter\Debug\Exceptions->errorHandler(2, 'hex2bin(): Input string must be hexadecimal string', 'C:\\laragon\\www\\PGA-Management-System\\app\\Controllers\\TeacherController.php', 155)
 2 APPPATH\Controllers\TeacherController.php(155): hex2bin('assets')
 3 SYSTEMPATH\CodeIgniter.php(919): App\Controllers\TeacherController->expandStudent('assets', 'js', 'book.js')
 4 SYSTEMPATH\CodeIgniter.php(494): CodeIgniter\CodeIgniter->runController(Object(App\Controllers\TeacherController))
 5 SYSTEMPATH\CodeIgniter.php(353): CodeIgniter\CodeIgniter->handleRequest(null, Object(Config\Cache), false)
 6 FCPATH\index.php(79): CodeIgniter\CodeIgniter->run()
 7 SYSTEMPATH\Commands\Server\rewrite.php(47): require_once('C:\\laragon\\www\\PGA-Management-System\\public\\index.php')
CRITICAL - 2024-05-30 00:59:51 --> Allowed memory size of 134217728 bytes exhausted (tried to allocate 67108872 bytes)
in VENDORPATH\phpoffice\phpspreadsheet\src\PhpSpreadsheet\Cell\Coordinate.php on line 550.
 1 [internal function]: CodeIgniter\Debug\Exceptions->shutdownHandler()
CRITICAL - 2024-05-30 01:00:19 --> hex2bin(): Input string must be hexadecimal string
in APPPATH\Controllers\TeacherController.php on line 155.
 1 [internal function]: CodeIgniter\Debug\Exceptions->errorHandler(2, 'hex2bin(): Input string must be hexadecimal string', 'C:\\laragon\\www\\PGA-Management-System\\app\\Controllers\\TeacherController.php', 155)
 2 APPPATH\Controllers\TeacherController.php(155): hex2bin('assets')
 3 SYSTEMPATH\CodeIgniter.php(919): App\Controllers\TeacherController->expandStudent('assets', 'js', 'book.js')
 4 SYSTEMPATH\CodeIgniter.php(494): CodeIgniter\CodeIgniter->runController(Object(App\Controllers\TeacherController))
 5 SYSTEMPATH\CodeIgniter.php(353): CodeIgniter\CodeIgniter->handleRequest(null, Object(Config\Cache), false)
 6 FCPATH\index.php(79): CodeIgniter\CodeIgniter->run()
 7 SYSTEMPATH\Commands\Server\rewrite.php(47): require_once('C:\\laragon\\www\\PGA-Management-System\\public\\index.php')
CRITICAL - 2024-05-30 01:00:57 --> hex2bin(): Input string must be hexadecimal string
in APPPATH\Controllers\TeacherController.php on line 155.
 1 [internal function]: CodeIgniter\Debug\Exceptions->errorHandler(2, 'hex2bin(): Input string must be hexadecimal string', 'C:\\laragon\\www\\PGA-Management-System\\app\\Controllers\\TeacherController.php', 155)
 2 APPPATH\Controllers\TeacherController.php(155): hex2bin('assets')
 3 SYSTEMPATH\CodeIgniter.php(919): App\Controllers\TeacherController->expandStudent('assets', 'js', 'book.js')
 4 SYSTEMPATH\CodeIgniter.php(494): CodeIgniter\CodeIgniter->runController(Object(App\Controllers\TeacherController))
 5 SYSTEMPATH\CodeIgniter.php(353): CodeIgniter\CodeIgniter->handleRequest(null, Object(Config\Cache), false)
 6 FCPATH\index.php(79): CodeIgniter\CodeIgniter->run()
 7 SYSTEMPATH\Commands\Server\rewrite.php(47): require_once('C:\\laragon\\www\\PGA-Management-System\\public\\index.php')
CRITICAL - 2024-05-30 01:01:21 --> hex2bin(): Input string must be hexadecimal string
in APPPATH\Controllers\TeacherController.php on line 155.
 1 [internal function]: CodeIgniter\Debug\Exceptions->errorHandler(2, 'hex2bin(): Input string must be hexadecimal string', 'C:\\laragon\\www\\PGA-Management-System\\app\\Controllers\\TeacherController.php', 155)
 2 APPPATH\Controllers\TeacherController.php(155): hex2bin('assets')
 3 SYSTEMPATH\CodeIgniter.php(919): App\Controllers\TeacherController->expandStudent('assets', 'js', 'book.js')
 4 SYSTEMPATH\CodeIgniter.php(494): CodeIgniter\CodeIgniter->runController(Object(App\Controllers\TeacherController))
 5 SYSTEMPATH\CodeIgniter.php(353): CodeIgniter\CodeIgniter->handleRequest(null, Object(Config\Cache), false)
 6 FCPATH\index.php(79): CodeIgniter\CodeIgniter->run()
 7 SYSTEMPATH\Commands\Server\rewrite.php(47): require_once('C:\\laragon\\www\\PGA-Management-System\\public\\index.php')
CRITICAL - 2024-05-30 01:02:41 --> hex2bin(): Input string must be hexadecimal string
in APPPATH\Controllers\TeacherController.php on line 155.
 1 [internal function]: CodeIgniter\Debug\Exceptions->errorHandler(2, 'hex2bin(): Input string must be hexadecimal string', 'C:\\laragon\\www\\PGA-Management-System\\app\\Controllers\\TeacherController.php', 155)
 2 APPPATH\Controllers\TeacherController.php(155): hex2bin('assets')
 3 SYSTEMPATH\CodeIgniter.php(919): App\Controllers\TeacherController->expandStudent('assets', 'js', 'book.js')
 4 SYSTEMPATH\CodeIgniter.php(494): CodeIgniter\CodeIgniter->runController(Object(App\Controllers\TeacherController))
 5 SYSTEMPATH\CodeIgniter.php(353): CodeIgniter\CodeIgniter->handleRequest(null, Object(Config\Cache), false)
 6 FCPATH\index.php(79): CodeIgniter\CodeIgniter->run()
 7 SYSTEMPATH\Commands\Server\rewrite.php(47): require_once('C:\\laragon\\www\\PGA-Management-System\\public\\index.php')
CRITICAL - 2024-05-30 04:23:52 --> hex2bin(): Input string must be hexadecimal string
in APPPATH\Controllers\TeacherController.php on line 155.
 1 [internal function]: CodeIgniter\Debug\Exceptions->errorHandler(2, 'hex2bin(): Input string must be hexadecimal string', 'C:\\laragon\\www\\PGA-Management-System\\app\\Controllers\\TeacherController.php', 155)
 2 APPPATH\Controllers\TeacherController.php(155): hex2bin('assets')
 3 SYSTEMPATH\CodeIgniter.php(919): App\Controllers\TeacherController->expandStudent('assets', 'js', 'book.js')
 4 SYSTEMPATH\CodeIgniter.php(494): CodeIgniter\CodeIgniter->runController(Object(App\Controllers\TeacherController))
 5 SYSTEMPATH\CodeIgniter.php(353): CodeIgniter\CodeIgniter->handleRequest(null, Object(Config\Cache), false)
 6 FCPATH\index.php(79): CodeIgniter\CodeIgniter->run()
 7 SYSTEMPATH\Commands\Server\rewrite.php(47): require_once('C:\\laragon\\www\\PGA-Management-System\\public\\index.php')
CRITICAL - 2024-05-30 04:33:29 --> hex2bin(): Input string must be hexadecimal string
in APPPATH\Controllers\TeacherController.php on line 155.
 1 [internal function]: CodeIgniter\Debug\Exceptions->errorHandler(2, 'hex2bin(): Input string must be hexadecimal string', 'C:\\laragon\\www\\PGA-Management-System\\app\\Controllers\\TeacherController.php', 155)
 2 APPPATH\Controllers\TeacherController.php(155): hex2bin('assets')
 3 SYSTEMPATH\CodeIgniter.php(919): App\Controllers\TeacherController->expandStudent('assets', 'js', 'book.js')
 4 SYSTEMPATH\CodeIgniter.php(494): CodeIgniter\CodeIgniter->runController(Object(App\Controllers\TeacherController))
 5 SYSTEMPATH\CodeIgniter.php(353): CodeIgniter\CodeIgniter->handleRequest(null, Object(Config\Cache), false)
 6 FCPATH\index.php(79): CodeIgniter\CodeIgniter->run()
 7 SYSTEMPATH\Commands\Server\rewrite.php(47): require_once('C:\\laragon\\www\\PGA-Management-System\\public\\index.php')
CRITICAL - 2024-05-30 04:38:49 --> hex2bin(): Input string must be hexadecimal string
in APPPATH\Controllers\TeacherController.php on line 155.
 1 [internal function]: CodeIgniter\Debug\Exceptions->errorHandler(2, 'hex2bin(): Input string must be hexadecimal string', 'C:\\laragon\\www\\PGA-Management-System\\app\\Controllers\\TeacherController.php', 155)
 2 APPPATH\Controllers\TeacherController.php(155): hex2bin('assets')
 3 SYSTEMPATH\CodeIgniter.php(919): App\Controllers\TeacherController->expandStudent('assets', 'js', 'book.js')
 4 SYSTEMPATH\CodeIgniter.php(494): CodeIgniter\CodeIgniter->runController(Object(App\Controllers\TeacherController))
 5 SYSTEMPATH\CodeIgniter.php(353): CodeIgniter\CodeIgniter->handleRequest(null, Object(Config\Cache), false)
 6 FCPATH\index.php(79): CodeIgniter\CodeIgniter->run()
 7 SYSTEMPATH\Commands\Server\rewrite.php(47): require_once('C:\\laragon\\www\\PGA-Management-System\\public\\index.php')
