CRITICAL - 2024-02-19 18:03:34 --> CodeIgniter\Router\RouteCollection::getFilterForRoute(): Return value must be of type string, array returned
in SYSTEMPATH\Router\RouteCollection.php on line 1246.
 1 SYSTEMPATH\Router\Router.php(191): CodeIgniter\Router\RouteCollection->getFilterForRoute('password')
 2 SYSTEMPATH\CodeIgniter.php(800): CodeIgniter\Router\Router->handle('password')
 3 SYSTEMPATH\CodeIgniter.php(442): CodeIgniter\CodeIgniter->tryToRouteIt(Object(CodeIgniter\Router\RouteCollection))
 4 SYSTEMPATH\CodeIgniter.php(353): CodeIgniter\CodeIgniter->handleRequest(null, Object(Config\Cache), false)
 5 FCPATH\index.php(79): CodeIgniter\CodeIgniter->run()
 6 SYSTEMPATH\Commands\Server\rewrite.php(47): require_once('C:\\laragon\\www\\PGA-Management-System\\public\\index.php')
CRITICAL - 2024-02-19 18:15:31 --> Undefined array key "once"
in APPPATH\Views\verify\js.php on line 31.
 1 APPPATH\Views\verify\js.php(31): CodeIgniter\Debug\Exceptions->errorHandler(2, 'Undefined array key "once"', 'C:\\laragon\\www\\PGA-Management-System\\app\\Views\\verify\\js.php', 31)
 2 SYSTEMPATH\View\View.php(226): include('C:\\laragon\\www\\PGA-Management-System\\app\\Views\\verify\\js.php')
 3 SYSTEMPATH\View\View.php(229): CodeIgniter\View\View->CodeIgniter\View\{closure}()
 4 SYSTEMPATH\View\View.php(467): CodeIgniter\View\View->render('verify/js', null, true)
 5 APPPATH\Views\recovery.php(3): CodeIgniter\View\View->include('verify/js')
 6 SYSTEMPATH\View\View.php(226): include('C:\\laragon\\www\\PGA-Management-System\\app\\Views\\recovery.php')
 7 SYSTEMPATH\View\View.php(229): CodeIgniter\View\View->CodeIgniter\View\{closure}()
 8 SYSTEMPATH\Common.php(1188): CodeIgniter\View\View->render('recovery', [], true)
 9 APPPATH\Controllers\Home.php(43): view('recovery')
10 SYSTEMPATH\CodeIgniter.php(919): App\Controllers\Home->password()
11 SYSTEMPATH\CodeIgniter.php(494): CodeIgniter\CodeIgniter->runController(Object(App\Controllers\Home))
12 SYSTEMPATH\CodeIgniter.php(353): CodeIgniter\CodeIgniter->handleRequest(null, Object(Config\Cache), false)
13 FCPATH\index.php(79): CodeIgniter\CodeIgniter->run()
14 SYSTEMPATH\Commands\Server\rewrite.php(47): require_once('C:\\laragon\\www\\PGA-Management-System\\public\\index.php')
CRITICAL - 2024-02-19 18:18:08 --> CodeIgniter\Router\RouteCollection::getFilterForRoute(): Return value must be of type string, array returned
in SYSTEMPATH\Router\RouteCollection.php on line 1246.
 1 SYSTEMPATH\Router\Router.php(191): CodeIgniter\Router\RouteCollection->getFilterForRoute('password')
 2 SYSTEMPATH\CodeIgniter.php(800): CodeIgniter\Router\Router->handle('password')
 3 SYSTEMPATH\CodeIgniter.php(442): CodeIgniter\CodeIgniter->tryToRouteIt(Object(CodeIgniter\Router\RouteCollection))
 4 SYSTEMPATH\CodeIgniter.php(353): CodeIgniter\CodeIgniter->handleRequest(null, Object(Config\Cache), false)
 5 FCPATH\index.php(79): CodeIgniter\CodeIgniter->run()
 6 SYSTEMPATH\Commands\Server\rewrite.php(47): require_once('C:\\laragon\\www\\PGA-Management-System\\public\\index.php')
