CRITICAL - 2024-03-19 12:15:18 --> Trying to access array offset on value of type null
in APPPATH\Views\student\studentbody.php on line 32.
 1 APPPATH\Views\student\studentbody.php(32): CodeIgniter\Debug\Exceptions->errorHandler(2, 'Trying to access array offset on value of type null', 'C:\\laragon\\www\\PGA-Management-System\\app\\Views\\student\\studentbody.php', 32)
 2 SYSTEMPATH\View\View.php(226): include('C:\\laragon\\www\\PGA-Management-System\\app\\Views\\student\\studentbody.php')
 3 SYSTEMPATH\View\View.php(229): CodeIgniter\View\View->CodeIgniter\View\{closure}()
 4 SYSTEMPATH\View\View.php(467): CodeIgniter\View\View->render('student/studentbody', null, true)
 5 APPPATH\Views\student.php(2): CodeIgniter\View\View->include('student/studentbody')
 6 SYSTEMPATH\View\View.php(226): include('C:\\laragon\\www\\PGA-Management-System\\app\\Views\\student.php')
 7 SYSTEMPATH\View\View.php(229): CodeIgniter\View\View->CodeIgniter\View\{closure}()
 8 SYSTEMPATH\Common.php(1188): CodeIgniter\View\View->render('student', [], true)
 9 APPPATH\Controllers\StudentController.php(38): view('student', [...])
10 SYSTEMPATH\CodeIgniter.php(919): App\Controllers\StudentController->index()
11 SYSTEMPATH\CodeIgniter.php(494): CodeIgniter\CodeIgniter->runController(Object(App\Controllers\StudentController))
12 SYSTEMPATH\CodeIgniter.php(353): CodeIgniter\CodeIgniter->handleRequest(null, Object(Config\Cache), false)
13 FCPATH\index.php(79): CodeIgniter\CodeIgniter->run()
14 SYSTEMPATH\Commands\Server\rewrite.php(47): require_once('C:\\laragon\\www\\PGA-Management-System\\public\\index.php')
CRITICAL - 2024-03-19 13:34:36 --> Cannot access offset of type string on string
in APPPATH\Views\student\studentbody.php on line 95.
 1 SYSTEMPATH\View\View.php(226): include()
 2 SYSTEMPATH\View\View.php(229): CodeIgniter\View\View->CodeIgniter\View\{closure}()
 3 SYSTEMPATH\View\View.php(467): CodeIgniter\View\View->render('student/studentbody', null, true)
 4 APPPATH\Views\student.php(2): CodeIgniter\View\View->include('student/studentbody')
 5 SYSTEMPATH\View\View.php(226): include('C:\\laragon\\www\\PGA-Management-System\\app\\Views\\student.php')
 6 SYSTEMPATH\View\View.php(229): CodeIgniter\View\View->CodeIgniter\View\{closure}()
 7 SYSTEMPATH\Common.php(1188): CodeIgniter\View\View->render('student', [], true)
 8 APPPATH\Controllers\StudentController.php(40): view('student', [...])
 9 SYSTEMPATH\CodeIgniter.php(919): App\Controllers\StudentController->index()
10 SYSTEMPATH\CodeIgniter.php(494): CodeIgniter\CodeIgniter->runController(Object(App\Controllers\StudentController))
11 SYSTEMPATH\CodeIgniter.php(353): CodeIgniter\CodeIgniter->handleRequest(null, Object(Config\Cache), false)
12 FCPATH\index.php(79): CodeIgniter\CodeIgniter->run()
13 SYSTEMPATH\Commands\Server\rewrite.php(47): require_once('C:\\laragon\\www\\PGA-Management-System\\public\\index.php')
CRITICAL - 2024-03-19 14:15:06 --> Undefined array key "grade"
in APPPATH\Views\student\studentbody.php on line 204.
 1 APPPATH\Views\student\studentbody.php(204): CodeIgniter\Debug\Exceptions->errorHandler(2, 'Undefined array key "grade"', 'C:\\laragon\\www\\PGA-Management-System\\app\\Views\\student\\studentbody.php', 204)
 2 SYSTEMPATH\View\View.php(226): include('C:\\laragon\\www\\PGA-Management-System\\app\\Views\\student\\studentbody.php')
 3 SYSTEMPATH\View\View.php(229): CodeIgniter\View\View->CodeIgniter\View\{closure}()
 4 SYSTEMPATH\View\View.php(467): CodeIgniter\View\View->render('student/studentbody', null, true)
 5 APPPATH\Views\student.php(2): CodeIgniter\View\View->include('student/studentbody')
 6 SYSTEMPATH\View\View.php(226): include('C:\\laragon\\www\\PGA-Management-System\\app\\Views\\student.php')
 7 SYSTEMPATH\View\View.php(229): CodeIgniter\View\View->CodeIgniter\View\{closure}()
 8 SYSTEMPATH\Common.php(1188): CodeIgniter\View\View->render('student', [], true)
 9 APPPATH\Controllers\StudentController.php(43): view('student', [...])
10 SYSTEMPATH\CodeIgniter.php(919): App\Controllers\StudentController->index()
11 SYSTEMPATH\CodeIgniter.php(494): CodeIgniter\CodeIgniter->runController(Object(App\Controllers\StudentController))
12 SYSTEMPATH\CodeIgniter.php(353): CodeIgniter\CodeIgniter->handleRequest(null, Object(Config\Cache), false)
13 FCPATH\index.php(79): CodeIgniter\CodeIgniter->run()
14 SYSTEMPATH\Commands\Server\rewrite.php(47): require_once('C:\\laragon\\www\\PGA-Management-System\\public\\index.php')
CRITICAL - 2024-03-19 14:15:23 --> Undefined array key "grade"
in APPPATH\Views\student\studentbody.php on line 204.
 1 APPPATH\Views\student\studentbody.php(204): CodeIgniter\Debug\Exceptions->errorHandler(2, 'Undefined array key "grade"', 'C:\\laragon\\www\\PGA-Management-System\\app\\Views\\student\\studentbody.php', 204)
 2 SYSTEMPATH\View\View.php(226): include('C:\\laragon\\www\\PGA-Management-System\\app\\Views\\student\\studentbody.php')
 3 SYSTEMPATH\View\View.php(229): CodeIgniter\View\View->CodeIgniter\View\{closure}()
 4 SYSTEMPATH\View\View.php(467): CodeIgniter\View\View->render('student/studentbody', null, true)
 5 APPPATH\Views\student.php(2): CodeIgniter\View\View->include('student/studentbody')
 6 SYSTEMPATH\View\View.php(226): include('C:\\laragon\\www\\PGA-Management-System\\app\\Views\\student.php')
 7 SYSTEMPATH\View\View.php(229): CodeIgniter\View\View->CodeIgniter\View\{closure}()
 8 SYSTEMPATH\Common.php(1188): CodeIgniter\View\View->render('student', [], true)
 9 APPPATH\Controllers\StudentController.php(43): view('student', [...])
10 SYSTEMPATH\CodeIgniter.php(919): App\Controllers\StudentController->index()
11 SYSTEMPATH\CodeIgniter.php(494): CodeIgniter\CodeIgniter->runController(Object(App\Controllers\StudentController))
12 SYSTEMPATH\CodeIgniter.php(353): CodeIgniter\CodeIgniter->handleRequest(null, Object(Config\Cache), false)
13 FCPATH\index.php(79): CodeIgniter\CodeIgniter->run()
14 SYSTEMPATH\Commands\Server\rewrite.php(47): require_once('C:\\laragon\\www\\PGA-Management-System\\public\\index.php')
CRITICAL - 2024-03-19 14:15:24 --> Undefined array key "grade"
in APPPATH\Views\student\studentbody.php on line 204.
 1 APPPATH\Views\student\studentbody.php(204): CodeIgniter\Debug\Exceptions->errorHandler(2, 'Undefined array key "grade"', 'C:\\laragon\\www\\PGA-Management-System\\app\\Views\\student\\studentbody.php', 204)
 2 SYSTEMPATH\View\View.php(226): include('C:\\laragon\\www\\PGA-Management-System\\app\\Views\\student\\studentbody.php')
 3 SYSTEMPATH\View\View.php(229): CodeIgniter\View\View->CodeIgniter\View\{closure}()
 4 SYSTEMPATH\View\View.php(467): CodeIgniter\View\View->render('student/studentbody', null, true)
 5 APPPATH\Views\student.php(2): CodeIgniter\View\View->include('student/studentbody')
 6 SYSTEMPATH\View\View.php(226): include('C:\\laragon\\www\\PGA-Management-System\\app\\Views\\student.php')
 7 SYSTEMPATH\View\View.php(229): CodeIgniter\View\View->CodeIgniter\View\{closure}()
 8 SYSTEMPATH\Common.php(1188): CodeIgniter\View\View->render('student', [], true)
 9 APPPATH\Controllers\StudentController.php(43): view('student', [...])
10 SYSTEMPATH\CodeIgniter.php(919): App\Controllers\StudentController->index()
11 SYSTEMPATH\CodeIgniter.php(494): CodeIgniter\CodeIgniter->runController(Object(App\Controllers\StudentController))
12 SYSTEMPATH\CodeIgniter.php(353): CodeIgniter\CodeIgniter->handleRequest(null, Object(Config\Cache), false)
13 FCPATH\index.php(79): CodeIgniter\CodeIgniter->run()
14 SYSTEMPATH\Commands\Server\rewrite.php(47): require_once('C:\\laragon\\www\\PGA-Management-System\\public\\index.php')
CRITICAL - 2024-03-19 14:15:26 --> Undefined array key "grade"
in APPPATH\Views\student\studentbody.php on line 204.
 1 APPPATH\Views\student\studentbody.php(204): CodeIgniter\Debug\Exceptions->errorHandler(2, 'Undefined array key "grade"', 'C:\\laragon\\www\\PGA-Management-System\\app\\Views\\student\\studentbody.php', 204)
 2 SYSTEMPATH\View\View.php(226): include('C:\\laragon\\www\\PGA-Management-System\\app\\Views\\student\\studentbody.php')
 3 SYSTEMPATH\View\View.php(229): CodeIgniter\View\View->CodeIgniter\View\{closure}()
 4 SYSTEMPATH\View\View.php(467): CodeIgniter\View\View->render('student/studentbody', null, true)
 5 APPPATH\Views\student.php(2): CodeIgniter\View\View->include('student/studentbody')
 6 SYSTEMPATH\View\View.php(226): include('C:\\laragon\\www\\PGA-Management-System\\app\\Views\\student.php')
 7 SYSTEMPATH\View\View.php(229): CodeIgniter\View\View->CodeIgniter\View\{closure}()
 8 SYSTEMPATH\Common.php(1188): CodeIgniter\View\View->render('student', [], true)
 9 APPPATH\Controllers\StudentController.php(43): view('student', [...])
10 SYSTEMPATH\CodeIgniter.php(919): App\Controllers\StudentController->index()
11 SYSTEMPATH\CodeIgniter.php(494): CodeIgniter\CodeIgniter->runController(Object(App\Controllers\StudentController))
12 SYSTEMPATH\CodeIgniter.php(353): CodeIgniter\CodeIgniter->handleRequest(null, Object(Config\Cache), false)
13 FCPATH\index.php(79): CodeIgniter\CodeIgniter->run()
14 SYSTEMPATH\Commands\Server\rewrite.php(47): require_once('C:\\laragon\\www\\PGA-Management-System\\public\\index.php')
