CRITICAL - 2024-05-11 02:21:53 --> Undefined variable $grade
in APPPATH\Views\registrar\applicationbody.php on line 144.
 1 APPPATH\Views\registrar\applicationbody.php(144): CodeIgniter\Debug\Exceptions->errorHandler(2, 'Undefined variable $grade', 'C:\\laragon\\www\\PGA-Management-System\\app\\Views\\registrar\\applicationbody.php', 144)
 2 SYSTEMPATH\View\View.php(226): include('C:\\laragon\\www\\PGA-Management-System\\app\\Views\\registrar\\applicationbody.php')
 3 SYSTEMPATH\View\View.php(229): CodeIgniter\View\View->CodeIgniter\View\{closure}()
 4 SYSTEMPATH\View\View.php(467): CodeIgniter\View\View->render('registrar/applicationbody', null, true)
 5 APPPATH\Views\application.php(2): CodeIgniter\View\View->include('registrar/applicationbody')
 6 SYSTEMPATH\View\View.php(226): include('C:\\laragon\\www\\PGA-Management-System\\app\\Views\\application.php')
 7 SYSTEMPATH\View\View.php(229): CodeIgniter\View\View->CodeIgniter\View\{closure}()
 8 SYSTEMPATH\Common.php(1188): CodeIgniter\View\View->render('application', [], true)
 9 APPPATH\Controllers\RegistrarController.php(59): view('application', [...])
10 SYSTEMPATH\CodeIgniter.php(919): App\Controllers\RegistrarController->application()
11 SYSTEMPATH\CodeIgniter.php(494): CodeIgniter\CodeIgniter->runController(Object(App\Controllers\RegistrarController))
12 SYSTEMPATH\CodeIgniter.php(353): CodeIgniter\CodeIgniter->handleRequest(null, Object(Config\Cache), false)
13 FCPATH\index.php(79): CodeIgniter\CodeIgniter->run()
14 SYSTEMPATH\Commands\Server\rewrite.php(47): require_once('C:\\laragon\\www\\PGA-Management-System\\public\\index.php')
CRITICAL - 2024-05-11 02:25:03 --> Undefined variable $applica
in APPPATH\Views\registrar\applicationbody.php on line 144.
 1 APPPATH\Views\registrar\applicationbody.php(144): CodeIgniter\Debug\Exceptions->errorHandler(2, 'Undefined variable $applica', 'C:\\laragon\\www\\PGA-Management-System\\app\\Views\\registrar\\applicationbody.php', 144)
 2 SYSTEMPATH\View\View.php(226): include('C:\\laragon\\www\\PGA-Management-System\\app\\Views\\registrar\\applicationbody.php')
 3 SYSTEMPATH\View\View.php(229): CodeIgniter\View\View->CodeIgniter\View\{closure}()
 4 SYSTEMPATH\View\View.php(467): CodeIgniter\View\View->render('registrar/applicationbody', null, true)
 5 APPPATH\Views\application.php(2): CodeIgniter\View\View->include('registrar/applicationbody')
 6 SYSTEMPATH\View\View.php(226): include('C:\\laragon\\www\\PGA-Management-System\\app\\Views\\application.php')
 7 SYSTEMPATH\View\View.php(229): CodeIgniter\View\View->CodeIgniter\View\{closure}()
 8 SYSTEMPATH\Common.php(1188): CodeIgniter\View\View->render('application', [], true)
 9 APPPATH\Controllers\RegistrarController.php(59): view('application', [...])
10 SYSTEMPATH\CodeIgniter.php(919): App\Controllers\RegistrarController->application()
11 SYSTEMPATH\CodeIgniter.php(494): CodeIgniter\CodeIgniter->runController(Object(App\Controllers\RegistrarController))
12 SYSTEMPATH\CodeIgniter.php(353): CodeIgniter\CodeIgniter->handleRequest(null, Object(Config\Cache), false)
13 FCPATH\index.php(79): CodeIgniter\CodeIgniter->run()
14 SYSTEMPATH\Commands\Server\rewrite.php(47): require_once('C:\\laragon\\www\\PGA-Management-System\\public\\index.php')
ERROR - 2024-05-11 02:31:12 --> mysqli_sql_exception: Unknown column 'name' in 'order clause' in C:\laragon\www\PGA-Management-System\system\Database\MySQLi\Connection.php:306
Stack trace:
#0 C:\laragon\www\PGA-Management-System\system\Database\MySQLi\Connection.php(306): mysqli->query('SELECT *\nFROM `...', 0)
#1 C:\laragon\www\PGA-Management-System\system\Database\BaseConnection.php(692): CodeIgniter\Database\MySQLi\Connection->execute('SELECT *\nFROM `...')
#2 C:\laragon\www\PGA-Management-System\system\Database\BaseConnection.php(606): CodeIgniter\Database\BaseConnection->simpleQuery('SELECT *\nFROM `...')
#3 C:\laragon\www\PGA-Management-System\system\Database\BaseBuilder.php(1615): CodeIgniter\Database\BaseConnection->query('SELECT *\nFROM `...', Array, false)
#4 C:\laragon\www\PGA-Management-System\system\Model.php(237): CodeIgniter\Database\BaseBuilder->get()
#5 C:\laragon\www\PGA-Management-System\system\BaseModel.php(624): CodeIgniter\Model->doFindAll(0, 0)
#6 C:\laragon\www\PGA-Management-System\app\Controllers\RegistrarController.php(255): CodeIgniter\BaseModel->findAll()
#7 C:\laragon\www\PGA-Management-System\system\CodeIgniter.php(919): App\Controllers\RegistrarController->subjects()
#8 C:\laragon\www\PGA-Management-System\system\CodeIgniter.php(494): CodeIgniter\CodeIgniter->runController(Object(App\Controllers\RegistrarController))
#9 C:\laragon\www\PGA-Management-System\system\CodeIgniter.php(353): CodeIgniter\CodeIgniter->handleRequest(NULL, Object(Config\Cache), false)
#10 C:\laragon\www\PGA-Management-System\public\index.php(79): CodeIgniter\CodeIgniter->run()
#11 C:\laragon\www\PGA-Management-System\system\Commands\Server\rewrite.php(47): require_once('C:\\laragon\\www\\...')
#12 {main}
CRITICAL - 2024-05-11 02:31:12 --> Unknown column 'name' in 'order clause'
in SYSTEMPATH\Database\BaseConnection.php on line 646.
 1 SYSTEMPATH\Database\BaseBuilder.php(1615): CodeIgniter\Database\BaseConnection->query('SELECT *
FROM `subjects`
ORDER BY `name`', [], false)
 2 SYSTEMPATH\Model.php(237): CodeIgniter\Database\BaseBuilder->get()
 3 SYSTEMPATH\BaseModel.php(624): CodeIgniter\Model->doFindAll(0, 0)
 4 APPPATH\Controllers\RegistrarController.php(255): CodeIgniter\BaseModel->findAll()
 5 SYSTEMPATH\CodeIgniter.php(919): App\Controllers\RegistrarController->subjects()
 6 SYSTEMPATH\CodeIgniter.php(494): CodeIgniter\CodeIgniter->runController(Object(App\Controllers\RegistrarController))
 7 SYSTEMPATH\CodeIgniter.php(353): CodeIgniter\CodeIgniter->handleRequest(null, Object(Config\Cache), false)
 8 FCPATH\index.php(79): CodeIgniter\CodeIgniter->run()
 9 SYSTEMPATH\Commands\Server\rewrite.php(47): require_once('C:\\laragon\\www\\PGA-Management-System\\public\\index.php')
CRITICAL - 2024-05-11 02:37:18 --> Undefined variable $teacher
in APPPATH\Views\registrar\subject.php on line 215.
 1 APPPATH\Views\registrar\subject.php(215): CodeIgniter\Debug\Exceptions->errorHandler(2, 'Undefined variable $teacher', 'C:\\laragon\\www\\PGA-Management-System\\app\\Views\\registrar\\subject.php', 215)
 2 SYSTEMPATH\View\View.php(226): include('C:\\laragon\\www\\PGA-Management-System\\app\\Views\\registrar\\subject.php')
 3 SYSTEMPATH\View\View.php(229): CodeIgniter\View\View->CodeIgniter\View\{closure}()
 4 SYSTEMPATH\View\View.php(467): CodeIgniter\View\View->render('registrar/subject', null, true)
 5 APPPATH\Views\subjects.php(2): CodeIgniter\View\View->include('registrar/subject')
 6 SYSTEMPATH\View\View.php(226): include('C:\\laragon\\www\\PGA-Management-System\\app\\Views\\subjects.php')
 7 SYSTEMPATH\View\View.php(229): CodeIgniter\View\View->CodeIgniter\View\{closure}()
 8 SYSTEMPATH\Common.php(1188): CodeIgniter\View\View->render('subjects', [], true)
 9 APPPATH\Controllers\RegistrarController.php(319): view('subjects', [...])
10 SYSTEMPATH\CodeIgniter.php(919): App\Controllers\RegistrarController->editSubject('11')
11 SYSTEMPATH\CodeIgniter.php(494): CodeIgniter\CodeIgniter->runController(Object(App\Controllers\RegistrarController))
12 SYSTEMPATH\CodeIgniter.php(353): CodeIgniter\CodeIgniter->handleRequest(null, Object(Config\Cache), false)
13 FCPATH\index.php(79): CodeIgniter\CodeIgniter->run()
14 SYSTEMPATH\Commands\Server\rewrite.php(47): require_once('C:\\laragon\\www\\PGA-Management-System\\public\\index.php')
CRITICAL - 2024-05-11 02:38:07 --> Undefined property: App\Controllers\RegistrarController::$teacher
in APPPATH\Controllers\RegistrarController.php on line 318.
 1 APPPATH\Controllers\RegistrarController.php(318): CodeIgniter\Debug\Exceptions->errorHandler(2, 'Undefined property: App\\Controllers\\RegistrarController::$teacher', 'C:\\laragon\\www\\PGA-Management-System\\app\\Controllers\\RegistrarController.php', 318)
 2 SYSTEMPATH\CodeIgniter.php(919): App\Controllers\RegistrarController->editSubject('11')
 3 SYSTEMPATH\CodeIgniter.php(494): CodeIgniter\CodeIgniter->runController(Object(App\Controllers\RegistrarController))
 4 SYSTEMPATH\CodeIgniter.php(353): CodeIgniter\CodeIgniter->handleRequest(null, Object(Config\Cache), false)
 5 FCPATH\index.php(79): CodeIgniter\CodeIgniter->run()
 6 SYSTEMPATH\Commands\Server\rewrite.php(47): require_once('C:\\laragon\\www\\PGA-Management-System\\public\\index.php')
ERROR - 2024-05-11 05:07:16 --> mysqli_sql_exception: Table 'pga.acounts' doesn't exist in C:\laragon\www\PGA-Management-System\system\Database\MySQLi\Connection.php:306
Stack trace:
#0 C:\laragon\www\PGA-Management-System\system\Database\MySQLi\Connection.php(306): mysqli->query('SELECT `admissi...', 0)
#1 C:\laragon\www\PGA-Management-System\system\Database\BaseConnection.php(692): CodeIgniter\Database\MySQLi\Connection->execute('SELECT `admissi...')
#2 C:\laragon\www\PGA-Management-System\system\Database\BaseConnection.php(606): CodeIgniter\Database\BaseConnection->simpleQuery('SELECT `admissi...')
#3 C:\laragon\www\PGA-Management-System\system\Database\BaseBuilder.php(1615): CodeIgniter\Database\BaseConnection->query('SELECT `admissi...', Array, false)
#4 C:\laragon\www\PGA-Management-System\system\Model.php(237): CodeIgniter\Database\BaseBuilder->get()
#5 C:\laragon\www\PGA-Management-System\system\BaseModel.php(624): CodeIgniter\Model->doFindAll(0, 0)
#6 C:\laragon\www\PGA-Management-System\app\Controllers\RegistrarController.php(737): CodeIgniter\BaseModel->findAll()
#7 C:\laragon\www\PGA-Management-System\system\CodeIgniter.php(919): App\Controllers\RegistrarController->enrollmentform()
#8 C:\laragon\www\PGA-Management-System\system\CodeIgniter.php(494): CodeIgniter\CodeIgniter->runController(Object(App\Controllers\RegistrarController))
#9 C:\laragon\www\PGA-Management-System\system\CodeIgniter.php(353): CodeIgniter\CodeIgniter->handleRequest(NULL, Object(Config\Cache), false)
#10 C:\laragon\www\PGA-Management-System\public\index.php(79): CodeIgniter\CodeIgniter->run()
#11 C:\laragon\www\PGA-Management-System\system\Commands\Server\rewrite.php(47): require_once('C:\\laragon\\www\\...')
#12 {main}
CRITICAL - 2024-05-11 05:07:16 --> Table 'pga.acounts' doesn't exist
in SYSTEMPATH\Database\BaseConnection.php on line 646.
 1 SYSTEMPATH\Database\BaseBuilder.php(1615): CodeIgniter\Database\BaseConnection->query('SELECT `admissions`.`id` as `id`, `first_name`, `middle_name`, `last_name`, `student_id`, `name`, `category`, `yr_lvl`, `program`, `status`, `birth_cert`, `report_card`, `good_moral`, `admissions`.`photo`, `schedule`, `fname`, `mname`, `lname`, `email`, `account_id`
FROM `student_learner`
INNER JOIN `admissions` ON `admissions`.`account_id` = `student_learner`.`account_id`
INNER JOIN `acounts` ON `acounts`.`id` = `student_learner`.`account_id`
LEFT JOIN `sections` ON `sections`.`id` = `admissions`.`section`
LEFT JOIN `teachers` ON `sections`.`adviser` = `teachers`.`idnum`
ORDER BY `student_learner`.`last_name`', [], false)
 2 SYSTEMPATH\Model.php(237): CodeIgniter\Database\BaseBuilder->get()
 3 SYSTEMPATH\BaseModel.php(624): CodeIgniter\Model->doFindAll(0, 0)
 4 APPPATH\Controllers\RegistrarController.php(737): CodeIgniter\BaseModel->findAll()
 5 SYSTEMPATH\CodeIgniter.php(919): App\Controllers\RegistrarController->enrollmentform()
 6 SYSTEMPATH\CodeIgniter.php(494): CodeIgniter\CodeIgniter->runController(Object(App\Controllers\RegistrarController))
 7 SYSTEMPATH\CodeIgniter.php(353): CodeIgniter\CodeIgniter->handleRequest(null, Object(Config\Cache), false)
 8 FCPATH\index.php(79): CodeIgniter\CodeIgniter->run()
 9 SYSTEMPATH\Commands\Server\rewrite.php(47): require_once('C:\\laragon\\www\\PGA-Management-System\\public\\index.php')
ERROR - 2024-05-11 05:07:36 --> mysqli_sql_exception: Column 'status' in field list is ambiguous in C:\laragon\www\PGA-Management-System\system\Database\MySQLi\Connection.php:306
Stack trace:
#0 C:\laragon\www\PGA-Management-System\system\Database\MySQLi\Connection.php(306): mysqli->query('SELECT `admissi...', 0)
#1 C:\laragon\www\PGA-Management-System\system\Database\BaseConnection.php(692): CodeIgniter\Database\MySQLi\Connection->execute('SELECT `admissi...')
#2 C:\laragon\www\PGA-Management-System\system\Database\BaseConnection.php(606): CodeIgniter\Database\BaseConnection->simpleQuery('SELECT `admissi...')
#3 C:\laragon\www\PGA-Management-System\system\Database\BaseBuilder.php(1615): CodeIgniter\Database\BaseConnection->query('SELECT `admissi...', Array, false)
#4 C:\laragon\www\PGA-Management-System\system\Model.php(237): CodeIgniter\Database\BaseBuilder->get()
#5 C:\laragon\www\PGA-Management-System\system\BaseModel.php(624): CodeIgniter\Model->doFindAll(0, 0)
#6 C:\laragon\www\PGA-Management-System\app\Controllers\RegistrarController.php(737): CodeIgniter\BaseModel->findAll()
#7 C:\laragon\www\PGA-Management-System\system\CodeIgniter.php(919): App\Controllers\RegistrarController->enrollmentform()
#8 C:\laragon\www\PGA-Management-System\system\CodeIgniter.php(494): CodeIgniter\CodeIgniter->runController(Object(App\Controllers\RegistrarController))
#9 C:\laragon\www\PGA-Management-System\system\CodeIgniter.php(353): CodeIgniter\CodeIgniter->handleRequest(NULL, Object(Config\Cache), false)
#10 C:\laragon\www\PGA-Management-System\public\index.php(79): CodeIgniter\CodeIgniter->run()
#11 C:\laragon\www\PGA-Management-System\system\Commands\Server\rewrite.php(47): require_once('C:\\laragon\\www\\...')
#12 {main}
CRITICAL - 2024-05-11 05:07:36 --> Column 'status' in field list is ambiguous
in SYSTEMPATH\Database\BaseConnection.php on line 646.
 1 SYSTEMPATH\Database\BaseBuilder.php(1615): CodeIgniter\Database\BaseConnection->query('SELECT `admissions`.`id` as `id`, `first_name`, `middle_name`, `last_name`, `student_id`, `name`, `category`, `yr_lvl`, `program`, `status`, `birth_cert`, `report_card`, `good_moral`, `admissions`.`photo`, `schedule`, `fname`, `mname`, `lname`, `email`, `account_id`
FROM `student_learner`
INNER JOIN `admissions` ON `admissions`.`account_id` = `student_learner`.`account_id`
INNER JOIN `accounts` ON `accounts`.`id` = `student_learner`.`account_id`
LEFT JOIN `sections` ON `sections`.`id` = `admissions`.`section`
LEFT JOIN `teachers` ON `sections`.`adviser` = `teachers`.`idnum`
ORDER BY `student_learner`.`last_name`', [], false)
 2 SYSTEMPATH\Model.php(237): CodeIgniter\Database\BaseBuilder->get()
 3 SYSTEMPATH\BaseModel.php(624): CodeIgniter\Model->doFindAll(0, 0)
 4 APPPATH\Controllers\RegistrarController.php(737): CodeIgniter\BaseModel->findAll()
 5 SYSTEMPATH\CodeIgniter.php(919): App\Controllers\RegistrarController->enrollmentform()
 6 SYSTEMPATH\CodeIgniter.php(494): CodeIgniter\CodeIgniter->runController(Object(App\Controllers\RegistrarController))
 7 SYSTEMPATH\CodeIgniter.php(353): CodeIgniter\CodeIgniter->handleRequest(null, Object(Config\Cache), false)
 8 FCPATH\index.php(79): CodeIgniter\CodeIgniter->run()
 9 SYSTEMPATH\Commands\Server\rewrite.php(47): require_once('C:\\laragon\\www\\PGA-Management-System\\public\\index.php')
ERROR - 2024-05-11 05:08:00 --> mysqli_sql_exception: Column 'account_id' in field list is ambiguous in C:\laragon\www\PGA-Management-System\system\Database\MySQLi\Connection.php:306
Stack trace:
#0 C:\laragon\www\PGA-Management-System\system\Database\MySQLi\Connection.php(306): mysqli->query('SELECT `admissi...', 0)
#1 C:\laragon\www\PGA-Management-System\system\Database\BaseConnection.php(692): CodeIgniter\Database\MySQLi\Connection->execute('SELECT `admissi...')
#2 C:\laragon\www\PGA-Management-System\system\Database\BaseConnection.php(606): CodeIgniter\Database\BaseConnection->simpleQuery('SELECT `admissi...')
#3 C:\laragon\www\PGA-Management-System\system\Database\BaseBuilder.php(1615): CodeIgniter\Database\BaseConnection->query('SELECT `admissi...', Array, false)
#4 C:\laragon\www\PGA-Management-System\system\Model.php(237): CodeIgniter\Database\BaseBuilder->get()
#5 C:\laragon\www\PGA-Management-System\system\BaseModel.php(624): CodeIgniter\Model->doFindAll(0, 0)
#6 C:\laragon\www\PGA-Management-System\app\Controllers\RegistrarController.php(737): CodeIgniter\BaseModel->findAll()
#7 C:\laragon\www\PGA-Management-System\system\CodeIgniter.php(919): App\Controllers\RegistrarController->enrollmentform()
#8 C:\laragon\www\PGA-Management-System\system\CodeIgniter.php(494): CodeIgniter\CodeIgniter->runController(Object(App\Controllers\RegistrarController))
#9 C:\laragon\www\PGA-Management-System\system\CodeIgniter.php(353): CodeIgniter\CodeIgniter->handleRequest(NULL, Object(Config\Cache), false)
#10 C:\laragon\www\PGA-Management-System\public\index.php(79): CodeIgniter\CodeIgniter->run()
#11 C:\laragon\www\PGA-Management-System\system\Commands\Server\rewrite.php(47): require_once('C:\\laragon\\www\\...')
#12 {main}
CRITICAL - 2024-05-11 05:08:00 --> Column 'account_id' in field list is ambiguous
in SYSTEMPATH\Database\BaseConnection.php on line 646.
 1 SYSTEMPATH\Database\BaseBuilder.php(1615): CodeIgniter\Database\BaseConnection->query('SELECT `admissions`.`id` as `id`, `first_name`, `middle_name`, `last_name`, `student_id`, `name`, `category`, `yr_lvl`, `program`, `admissions`.`status`, `birth_cert`, `report_card`, `good_moral`, `admissions`.`photo`, `schedule`, `fname`, `mname`, `lname`, `email`, `account_id`
FROM `student_learner`
INNER JOIN `admissions` ON `admissions`.`account_id` = `student_learner`.`account_id`
INNER JOIN `accounts` ON `accounts`.`id` = `student_learner`.`account_id`
LEFT JOIN `sections` ON `sections`.`id` = `admissions`.`section`
LEFT JOIN `teachers` ON `sections`.`adviser` = `teachers`.`idnum`
ORDER BY `student_learner`.`last_name`', [], false)
 2 SYSTEMPATH\Model.php(237): CodeIgniter\Database\BaseBuilder->get()
 3 SYSTEMPATH\BaseModel.php(624): CodeIgniter\Model->doFindAll(0, 0)
 4 APPPATH\Controllers\RegistrarController.php(737): CodeIgniter\BaseModel->findAll()
 5 SYSTEMPATH\CodeIgniter.php(919): App\Controllers\RegistrarController->enrollmentform()
 6 SYSTEMPATH\CodeIgniter.php(494): CodeIgniter\CodeIgniter->runController(Object(App\Controllers\RegistrarController))
 7 SYSTEMPATH\CodeIgniter.php(353): CodeIgniter\CodeIgniter->handleRequest(null, Object(Config\Cache), false)
 8 FCPATH\index.php(79): CodeIgniter\CodeIgniter->run()
 9 SYSTEMPATH\Commands\Server\rewrite.php(47): require_once('C:\\laragon\\www\\PGA-Management-System\\public\\index.php')
ERROR - 2024-05-11 06:06:44 --> mysqli_sql_exception: Column 'account_id' in where clause is ambiguous in C:\laragon\www\PGA-Management-System\system\Database\MySQLi\Connection.php:306
Stack trace:
#0 C:\laragon\www\PGA-Management-System\system\Database\MySQLi\Connection.php(306): mysqli->query('SELECT `admissi...', 0)
#1 C:\laragon\www\PGA-Management-System\system\Database\BaseConnection.php(692): CodeIgniter\Database\MySQLi\Connection->execute('SELECT `admissi...')
#2 C:\laragon\www\PGA-Management-System\system\Database\BaseConnection.php(606): CodeIgniter\Database\BaseConnection->simpleQuery('SELECT `admissi...')
#3 C:\laragon\www\PGA-Management-System\system\Database\BaseBuilder.php(1615): CodeIgniter\Database\BaseConnection->query('SELECT `admissi...', Array, false)
#4 C:\laragon\www\PGA-Management-System\system\Model.php(264): CodeIgniter\Database\BaseBuilder->get()
#5 C:\laragon\www\PGA-Management-System\system\BaseModel.php(662): CodeIgniter\Model->doFirst()
#6 C:\laragon\www\PGA-Management-System\app\Controllers\StudentController.php(44): CodeIgniter\BaseModel->first()
#7 C:\laragon\www\PGA-Management-System\system\CodeIgniter.php(919): App\Controllers\StudentController->index()
#8 C:\laragon\www\PGA-Management-System\system\CodeIgniter.php(494): CodeIgniter\CodeIgniter->runController(Object(App\Controllers\StudentController))
#9 C:\laragon\www\PGA-Management-System\system\CodeIgniter.php(353): CodeIgniter\CodeIgniter->handleRequest(NULL, Object(Config\Cache), false)
#10 C:\laragon\www\PGA-Management-System\public\index.php(79): CodeIgniter\CodeIgniter->run()
#11 C:\laragon\www\PGA-Management-System\system\Commands\Server\rewrite.php(47): require_once('C:\\laragon\\www\\...')
#12 {main}
CRITICAL - 2024-05-11 06:06:44 --> Column 'account_id' in where clause is ambiguous
in SYSTEMPATH\Database\BaseConnection.php on line 646.
 1 SYSTEMPATH\Database\BaseBuilder.php(1615): CodeIgniter\Database\BaseConnection->query('SELECT `admissions`.`id` as `id`, `student_id`, `name`, `category`, `yr_lvl`, `program`, `status`, `birth_cert`, `report_card`, `good_moral`, `admissions`.`photo`, `schedule`, `fname`, `mname`, `lname`
FROM `admissions`
LEFT JOIN `sections` ON `sections`.`id` = `admissions`.`section`
LEFT JOIN `teachers` ON `sections`.`adviser` = `teachers`.`idnum`
WHERE `account_id` = :account_id:
 LIMIT 1', [...], false)
 2 SYSTEMPATH\Model.php(264): CodeIgniter\Database\BaseBuilder->get()
 3 SYSTEMPATH\BaseModel.php(662): CodeIgniter\Model->doFirst()
 4 APPPATH\Controllers\StudentController.php(44): CodeIgniter\BaseModel->first()
 5 SYSTEMPATH\CodeIgniter.php(919): App\Controllers\StudentController->index()
 6 SYSTEMPATH\CodeIgniter.php(494): CodeIgniter\CodeIgniter->runController(Object(App\Controllers\StudentController))
 7 SYSTEMPATH\CodeIgniter.php(353): CodeIgniter\CodeIgniter->handleRequest(null, Object(Config\Cache), false)
 8 FCPATH\index.php(79): CodeIgniter\CodeIgniter->run()
 9 SYSTEMPATH\Commands\Server\rewrite.php(47): require_once('C:\\laragon\\www\\PGA-Management-System\\public\\index.php')
CRITICAL - 2024-05-11 06:07:52 --> Undefined array key "section"
in APPPATH\Views\student\studentbody.php on line 119.
 1 APPPATH\Views\student\studentbody.php(119): CodeIgniter\Debug\Exceptions->errorHandler(2, 'Undefined array key "section"', 'C:\\laragon\\www\\PGA-Management-System\\app\\Views\\student\\studentbody.php', 119)
 2 SYSTEMPATH\View\View.php(226): include('C:\\laragon\\www\\PGA-Management-System\\app\\Views\\student\\studentbody.php')
 3 SYSTEMPATH\View\View.php(229): CodeIgniter\View\View->CodeIgniter\View\{closure}()
 4 SYSTEMPATH\View\View.php(467): CodeIgniter\View\View->render('student/studentbody', null, true)
 5 APPPATH\Views\student.php(2): CodeIgniter\View\View->include('student/studentbody')
 6 SYSTEMPATH\View\View.php(226): include('C:\\laragon\\www\\PGA-Management-System\\app\\Views\\student.php')
 7 SYSTEMPATH\View\View.php(229): CodeIgniter\View\View->CodeIgniter\View\{closure}()
 8 SYSTEMPATH\Common.php(1188): CodeIgniter\View\View->render('student', [], true)
 9 APPPATH\Controllers\StudentController.php(52): view('student', [...])
10 SYSTEMPATH\CodeIgniter.php(919): App\Controllers\StudentController->index()
11 SYSTEMPATH\CodeIgniter.php(494): CodeIgniter\CodeIgniter->runController(Object(App\Controllers\StudentController))
12 SYSTEMPATH\CodeIgniter.php(353): CodeIgniter\CodeIgniter->handleRequest(null, Object(Config\Cache), false)
13 FCPATH\index.php(79): CodeIgniter\CodeIgniter->run()
14 SYSTEMPATH\Commands\Server\rewrite.php(47): require_once('C:\\laragon\\www\\PGA-Management-System\\public\\index.php')
CRITICAL - 2024-05-11 06:09:41 --> Undefined array key "middle_name"
in APPPATH\Views\student\studentbody.php on line 123.
 1 APPPATH\Views\student\studentbody.php(123): CodeIgniter\Debug\Exceptions->errorHandler(2, 'Undefined array key "middle_name"', 'C:\\laragon\\www\\PGA-Management-System\\app\\Views\\student\\studentbody.php', 123)
 2 SYSTEMPATH\View\View.php(226): include('C:\\laragon\\www\\PGA-Management-System\\app\\Views\\student\\studentbody.php')
 3 SYSTEMPATH\View\View.php(229): CodeIgniter\View\View->CodeIgniter\View\{closure}()
 4 SYSTEMPATH\View\View.php(467): CodeIgniter\View\View->render('student/studentbody', null, true)
 5 APPPATH\Views\student.php(2): CodeIgniter\View\View->include('student/studentbody')
 6 SYSTEMPATH\View\View.php(226): include('C:\\laragon\\www\\PGA-Management-System\\app\\Views\\student.php')
 7 SYSTEMPATH\View\View.php(229): CodeIgniter\View\View->CodeIgniter\View\{closure}()
 8 SYSTEMPATH\Common.php(1188): CodeIgniter\View\View->render('student', [], true)
 9 APPPATH\Controllers\StudentController.php(52): view('student', [...])
10 SYSTEMPATH\CodeIgniter.php(919): App\Controllers\StudentController->index()
11 SYSTEMPATH\CodeIgniter.php(494): CodeIgniter\CodeIgniter->runController(Object(App\Controllers\StudentController))
12 SYSTEMPATH\CodeIgniter.php(353): CodeIgniter\CodeIgniter->handleRequest(null, Object(Config\Cache), false)
13 FCPATH\index.php(79): CodeIgniter\CodeIgniter->run()
14 SYSTEMPATH\Commands\Server\rewrite.php(47): require_once('C:\\laragon\\www\\PGA-Management-System\\public\\index.php')
CRITICAL - 2024-05-11 06:15:06 --> Undefined property: App\Controllers\RegistrarController::$acc
in APPPATH\Controllers\RegistrarController.php on line 745.
 1 APPPATH\Controllers\RegistrarController.php(745): CodeIgniter\Debug\Exceptions->errorHandler(2, 'Undefined property: App\\Controllers\\RegistrarController::$acc', 'C:\\laragon\\www\\PGA-Management-System\\app\\Controllers\\RegistrarController.php', 745)
 2 SYSTEMPATH\CodeIgniter.php(919): App\Controllers\RegistrarController->expandAdmissions('2')
 3 SYSTEMPATH\CodeIgniter.php(494): CodeIgniter\CodeIgniter->runController(Object(App\Controllers\RegistrarController))
 4 SYSTEMPATH\CodeIgniter.php(353): CodeIgniter\CodeIgniter->handleRequest(null, Object(Config\Cache), false)
 5 FCPATH\index.php(79): CodeIgniter\CodeIgniter->run()
 6 SYSTEMPATH\Commands\Server\rewrite.php(47): require_once('C:\\laragon\\www\\PGA-Management-System\\public\\index.php')
CRITICAL - 2024-05-11 06:15:51 --> Undefined property: App\Controllers\RegistrarController::$acc
in APPPATH\Controllers\RegistrarController.php on line 745.
 1 APPPATH\Controllers\RegistrarController.php(745): CodeIgniter\Debug\Exceptions->errorHandler(2, 'Undefined property: App\\Controllers\\RegistrarController::$acc', 'C:\\laragon\\www\\PGA-Management-System\\app\\Controllers\\RegistrarController.php', 745)
 2 SYSTEMPATH\CodeIgniter.php(919): App\Controllers\RegistrarController->expandAdmissions('2')
 3 SYSTEMPATH\CodeIgniter.php(494): CodeIgniter\CodeIgniter->runController(Object(App\Controllers\RegistrarController))
 4 SYSTEMPATH\CodeIgniter.php(353): CodeIgniter\CodeIgniter->handleRequest(null, Object(Config\Cache), false)
 5 FCPATH\index.php(79): CodeIgniter\CodeIgniter->run()
 6 SYSTEMPATH\Commands\Server\rewrite.php(47): require_once('C:\\laragon\\www\\PGA-Management-System\\public\\index.php')
CRITICAL - 2024-05-11 06:17:29 --> Undefined variable $expand
in APPPATH\Controllers\RegistrarController.php on line 745.
 1 APPPATH\Controllers\RegistrarController.php(745): CodeIgniter\Debug\Exceptions->errorHandler(2, 'Undefined variable $expand', 'C:\\laragon\\www\\PGA-Management-System\\app\\Controllers\\RegistrarController.php', 745)
 2 SYSTEMPATH\CodeIgniter.php(919): App\Controllers\RegistrarController->expandAdmissions('2')
 3 SYSTEMPATH\CodeIgniter.php(494): CodeIgniter\CodeIgniter->runController(Object(App\Controllers\RegistrarController))
 4 SYSTEMPATH\CodeIgniter.php(353): CodeIgniter\CodeIgniter->handleRequest(null, Object(Config\Cache), false)
 5 FCPATH\index.php(79): CodeIgniter\CodeIgniter->run()
 6 SYSTEMPATH\Commands\Server\rewrite.php(47): require_once('C:\\laragon\\www\\PGA-Management-System\\public\\index.php')
ERROR - 2024-05-11 06:17:58 --> mysqli_sql_exception: Column 'id' in where clause is ambiguous in C:\laragon\www\PGA-Management-System\system\Database\MySQLi\Connection.php:306
Stack trace:
#0 C:\laragon\www\PGA-Management-System\system\Database\MySQLi\Connection.php(306): mysqli->query('SELECT `admissi...', 0)
#1 C:\laragon\www\PGA-Management-System\system\Database\BaseConnection.php(692): CodeIgniter\Database\MySQLi\Connection->execute('SELECT `admissi...')
#2 C:\laragon\www\PGA-Management-System\system\Database\BaseConnection.php(606): CodeIgniter\Database\BaseConnection->simpleQuery('SELECT `admissi...')
#3 C:\laragon\www\PGA-Management-System\system\Database\BaseBuilder.php(1615): CodeIgniter\Database\BaseConnection->query('SELECT `admissi...', Array, false)
#4 C:\laragon\www\PGA-Management-System\system\Model.php(264): CodeIgniter\Database\BaseBuilder->get()
#5 C:\laragon\www\PGA-Management-System\system\BaseModel.php(662): CodeIgniter\Model->doFirst()
#6 C:\laragon\www\PGA-Management-System\app\Controllers\RegistrarController.php(749): CodeIgniter\BaseModel->first()
#7 C:\laragon\www\PGA-Management-System\system\CodeIgniter.php(919): App\Controllers\RegistrarController->expandAdmissions('2')
#8 C:\laragon\www\PGA-Management-System\system\CodeIgniter.php(494): CodeIgniter\CodeIgniter->runController(Object(App\Controllers\RegistrarController))
#9 C:\laragon\www\PGA-Management-System\system\CodeIgniter.php(353): CodeIgniter\CodeIgniter->handleRequest(NULL, Object(Config\Cache), false)
#10 C:\laragon\www\PGA-Management-System\public\index.php(79): CodeIgniter\CodeIgniter->run()
#11 C:\laragon\www\PGA-Management-System\system\Commands\Server\rewrite.php(47): require_once('C:\\laragon\\www\\...')
#12 {main}
CRITICAL - 2024-05-11 06:17:58 --> Column 'id' in where clause is ambiguous
in SYSTEMPATH\Database\BaseConnection.php on line 646.
 1 SYSTEMPATH\Database\BaseBuilder.php(1615): CodeIgniter\Database\BaseConnection->query('SELECT `admissions`.`id` as `id`, `student_id`, `name`, `category`, `yr_lvl`, `program`, `status`, `birth_cert`, `report_card`, `good_moral`, `admissions`.`photo`, `schedule`, `fname`, `mname`, `lname`
FROM `admissions`
LEFT JOIN `sections` ON `sections`.`id` = `admissions`.`section`
LEFT JOIN `teachers` ON `sections`.`adviser` = `teachers`.`idnum`
WHERE `id` = :id:
 LIMIT 1', [...], false)
 2 SYSTEMPATH\Model.php(264): CodeIgniter\Database\BaseBuilder->get()
 3 SYSTEMPATH\BaseModel.php(662): CodeIgniter\Model->doFirst()
 4 APPPATH\Controllers\RegistrarController.php(749): CodeIgniter\BaseModel->first()
 5 SYSTEMPATH\CodeIgniter.php(919): App\Controllers\RegistrarController->expandAdmissions('2')
 6 SYSTEMPATH\CodeIgniter.php(494): CodeIgniter\CodeIgniter->runController(Object(App\Controllers\RegistrarController))
 7 SYSTEMPATH\CodeIgniter.php(353): CodeIgniter\CodeIgniter->handleRequest(null, Object(Config\Cache), false)
 8 FCPATH\index.php(79): CodeIgniter\CodeIgniter->run()
 9 SYSTEMPATH\Commands\Server\rewrite.php(47): require_once('C:\\laragon\\www\\PGA-Management-System\\public\\index.php')
ERROR - 2024-05-11 06:21:48 --> mysqli_sql_exception: Column 'id' in where clause is ambiguous in C:\laragon\www\PGA-Management-System\system\Database\MySQLi\Connection.php:306
Stack trace:
#0 C:\laragon\www\PGA-Management-System\system\Database\MySQLi\Connection.php(306): mysqli->query('SELECT `admissi...', 0)
#1 C:\laragon\www\PGA-Management-System\system\Database\BaseConnection.php(692): CodeIgniter\Database\MySQLi\Connection->execute('SELECT `admissi...')
#2 C:\laragon\www\PGA-Management-System\system\Database\BaseConnection.php(606): CodeIgniter\Database\BaseConnection->simpleQuery('SELECT `admissi...')
#3 C:\laragon\www\PGA-Management-System\system\Database\BaseBuilder.php(1615): CodeIgniter\Database\BaseConnection->query('SELECT `admissi...', Array, false)
#4 C:\laragon\www\PGA-Management-System\system\Model.php(264): CodeIgniter\Database\BaseBuilder->get()
#5 C:\laragon\www\PGA-Management-System\system\BaseModel.php(662): CodeIgniter\Model->doFirst()
#6 C:\laragon\www\PGA-Management-System\app\Controllers\RegistrarController.php(751): CodeIgniter\BaseModel->first()
#7 C:\laragon\www\PGA-Management-System\system\CodeIgniter.php(919): App\Controllers\RegistrarController->expandAdmissions('2')
#8 C:\laragon\www\PGA-Management-System\system\CodeIgniter.php(494): CodeIgniter\CodeIgniter->runController(Object(App\Controllers\RegistrarController))
#9 C:\laragon\www\PGA-Management-System\system\CodeIgniter.php(353): CodeIgniter\CodeIgniter->handleRequest(NULL, Object(Config\Cache), false)
#10 C:\laragon\www\PGA-Management-System\public\index.php(79): CodeIgniter\CodeIgniter->run()
#11 C:\laragon\www\PGA-Management-System\system\Commands\Server\rewrite.php(47): require_once('C:\\laragon\\www\\...')
#12 {main}
CRITICAL - 2024-05-11 06:21:48 --> Column 'id' in where clause is ambiguous
in SYSTEMPATH\Database\BaseConnection.php on line 646.
 1 SYSTEMPATH\Database\BaseBuilder.php(1615): CodeIgniter\Database\BaseConnection->query('SELECT `admissions`.`id` as `id`, `student_id`, `name`, `category`, `yr_lvl`, `program`, `status`, `birth_cert`, `report_card`, `good_moral`, `admissions`.`photo`, `schedule`, `fname`, `mname`, `lname`
FROM `admissions`
LEFT JOIN `sections` ON `sections`.`id` = `admissions`.`section`
LEFT JOIN `teachers` ON `sections`.`adviser` = `teachers`.`idnum`
WHERE `id` = :id:
 LIMIT 1', [...], false)
 2 SYSTEMPATH\Model.php(264): CodeIgniter\Database\BaseBuilder->get()
 3 SYSTEMPATH\BaseModel.php(662): CodeIgniter\Model->doFirst()
 4 APPPATH\Controllers\RegistrarController.php(751): CodeIgniter\BaseModel->first()
 5 SYSTEMPATH\CodeIgniter.php(919): App\Controllers\RegistrarController->expandAdmissions('2')
 6 SYSTEMPATH\CodeIgniter.php(494): CodeIgniter\CodeIgniter->runController(Object(App\Controllers\RegistrarController))
 7 SYSTEMPATH\CodeIgniter.php(353): CodeIgniter\CodeIgniter->handleRequest(null, Object(Config\Cache), false)
 8 FCPATH\index.php(79): CodeIgniter\CodeIgniter->run()
 9 SYSTEMPATH\Commands\Server\rewrite.php(47): require_once('C:\\laragon\\www\\PGA-Management-System\\public\\index.php')
ERROR - 2024-05-11 06:22:54 --> mysqli_sql_exception: Column 'account_id' in where clause is ambiguous in C:\laragon\www\PGA-Management-System\system\Database\MySQLi\Connection.php:306
Stack trace:
#0 C:\laragon\www\PGA-Management-System\system\Database\MySQLi\Connection.php(306): mysqli->query('SELECT `student...', 0)
#1 C:\laragon\www\PGA-Management-System\system\Database\BaseConnection.php(692): CodeIgniter\Database\MySQLi\Connection->execute('SELECT `student...')
#2 C:\laragon\www\PGA-Management-System\system\Database\BaseConnection.php(606): CodeIgniter\Database\BaseConnection->simpleQuery('SELECT `student...')
#3 C:\laragon\www\PGA-Management-System\system\Database\BaseBuilder.php(1615): CodeIgniter\Database\BaseConnection->query('SELECT `student...', Array, false)
#4 C:\laragon\www\PGA-Management-System\system\Model.php(264): CodeIgniter\Database\BaseBuilder->get()
#5 C:\laragon\www\PGA-Management-System\system\BaseModel.php(662): CodeIgniter\Model->doFirst()
#6 C:\laragon\www\PGA-Management-System\app\Controllers\RegistrarController.php(751): CodeIgniter\BaseModel->first()
#7 C:\laragon\www\PGA-Management-System\system\CodeIgniter.php(919): App\Controllers\RegistrarController->expandAdmissions('2')
#8 C:\laragon\www\PGA-Management-System\system\CodeIgniter.php(494): CodeIgniter\CodeIgniter->runController(Object(App\Controllers\RegistrarController))
#9 C:\laragon\www\PGA-Management-System\system\CodeIgniter.php(353): CodeIgniter\CodeIgniter->handleRequest(NULL, Object(Config\Cache), false)
#10 C:\laragon\www\PGA-Management-System\public\index.php(79): CodeIgniter\CodeIgniter->run()
#11 C:\laragon\www\PGA-Management-System\system\Commands\Server\rewrite.php(47): require_once('C:\\laragon\\www\\...')
#12 {main}
CRITICAL - 2024-05-11 06:22:54 --> Column 'account_id' in where clause is ambiguous
in SYSTEMPATH\Database\BaseConnection.php on line 646.
 1 SYSTEMPATH\Database\BaseBuilder.php(1615): CodeIgniter\Database\BaseConnection->query('SELECT `student_id`, `name`, `category`, `yr_lvl`, `program`, `status`, `birth_cert`, `report_card`, `good_moral`, `admissions`.`photo`, `schedule`, `fname`, `mname`, `lname`
FROM `admissions`
LEFT JOIN `sections` ON `sections`.`id` = `admissions`.`section`
LEFT JOIN `teachers` ON `sections`.`adviser` = `teachers`.`idnum`
WHERE `account_id` = :account_id:
 LIMIT 1', [...], false)
 2 SYSTEMPATH\Model.php(264): CodeIgniter\Database\BaseBuilder->get()
 3 SYSTEMPATH\BaseModel.php(662): CodeIgniter\Model->doFirst()
 4 APPPATH\Controllers\RegistrarController.php(751): CodeIgniter\BaseModel->first()
 5 SYSTEMPATH\CodeIgniter.php(919): App\Controllers\RegistrarController->expandAdmissions('2')
 6 SYSTEMPATH\CodeIgniter.php(494): CodeIgniter\CodeIgniter->runController(Object(App\Controllers\RegistrarController))
 7 SYSTEMPATH\CodeIgniter.php(353): CodeIgniter\CodeIgniter->handleRequest(null, Object(Config\Cache), false)
 8 FCPATH\index.php(79): CodeIgniter\CodeIgniter->run()
 9 SYSTEMPATH\Commands\Server\rewrite.php(47): require_once('C:\\laragon\\www\\PGA-Management-System\\public\\index.php')
CRITICAL - 2024-05-11 07:27:59 --> count(): Argument #1 ($value) must be of type Countable|array, null given
in APPPATH\Views\AAC\joseph_husband_of_mary.php on line 7.
 1 SYSTEMPATH\View\View.php(226): include()
 2 SYSTEMPATH\View\View.php(229): CodeIgniter\View\View->CodeIgniter\View\{closure}()
 3 SYSTEMPATH\View\View.php(467): CodeIgniter\View\View->render('AAC/joseph_husband_of_mary', null, true)
 4 APPPATH\Views\St_Joseph_Husband_of_Mary.php(2): CodeIgniter\View\View->include('AAC/joseph_husband_of_mary')
 5 SYSTEMPATH\View\View.php(226): include('C:\\laragon\\www\\PGA-Management-System\\app\\Views\\St_Joseph_Husband_of_Mary.php')
 6 SYSTEMPATH\View\View.php(229): CodeIgniter\View\View->CodeIgniter\View\{closure}()
 7 SYSTEMPATH\Common.php(1188): CodeIgniter\View\View->render('St_Joseph_Husband_of_Mary', [], true)
 8 APPPATH\Controllers\AACController.php(201): view('St_Joseph_Husband_of_Mary', [...])
 9 SYSTEMPATH\CodeIgniter.php(919): App\Controllers\AACController->St_Joseph_Husband_of_Mary()
10 SYSTEMPATH\CodeIgniter.php(494): CodeIgniter\CodeIgniter->runController(Object(App\Controllers\AACController))
11 SYSTEMPATH\CodeIgniter.php(353): CodeIgniter\CodeIgniter->handleRequest(null, Object(Config\Cache), false)
12 FCPATH\index.php(79): CodeIgniter\CodeIgniter->run()
13 SYSTEMPATH\Commands\Server\rewrite.php(47): require_once('C:\\laragon\\www\\PGA-Management-System\\public\\index.php')
