CRITICAL - 2024-05-28 20:29:00 --> hex2bin(): Input string must be hexadecimal string
in APPPATH\Controllers\StudentController.php on line 409.
 1 [internal function]: CodeIgniter\Debug\Exceptions->errorHandler(2, 'hex2bin(): Input string must be hexadecimal string', 'C:\\laragon\\www\\PGA-Management-System\\app\\Controllers\\StudentController.php', 409)
 2 APPPATH\Controllers\StudentController.php(409): hex2bin('assets')
 3 SYSTEMPATH\CodeIgniter.php(919): App\Controllers\StudentController->editschool('assets', 'js', 'book.js')
 4 SYSTEMPATH\CodeIgniter.php(494): CodeIgniter\CodeIgniter->runController(Object(App\Controllers\StudentController))
 5 SYSTEMPATH\CodeIgniter.php(353): CodeIgniter\CodeIgniter->handleRequest(null, Object(Config\Cache), false)
 6 FCPATH\index.php(79): CodeIgniter\CodeIgniter->run()
 7 SYSTEMPATH\Commands\Server\rewrite.php(47): require_once('C:\\laragon\\www\\PGA-Management-System\\public\\index.php')
CRITICAL - 2024-05-28 20:29:01 --> hex2bin(): Input string must be hexadecimal string
in APPPATH\Controllers\StudentController.php on line 409.
 1 [internal function]: CodeIgniter\Debug\Exceptions->errorHandler(2, 'hex2bin(): Input string must be hexadecimal string', 'C:\\laragon\\www\\PGA-Management-System\\app\\Controllers\\StudentController.php', 409)
 2 APPPATH\Controllers\StudentController.php(409): hex2bin('assets')
 3 SYSTEMPATH\CodeIgniter.php(919): App\Controllers\StudentController->editschool('assets', 'js', 'book.js')
 4 SYSTEMPATH\CodeIgniter.php(494): CodeIgniter\CodeIgniter->runController(Object(App\Controllers\StudentController))
 5 SYSTEMPATH\CodeIgniter.php(353): CodeIgniter\CodeIgniter->handleRequest(null, Object(Config\Cache), false)
 6 FCPATH\index.php(79): CodeIgniter\CodeIgniter->run()
 7 SYSTEMPATH\Commands\Server\rewrite.php(47): require_once('C:\\laragon\\www\\PGA-Management-System\\public\\index.php')
CRITICAL - 2024-05-28 20:31:34 --> hex2bin(): Input string must be hexadecimal string
in APPPATH\Controllers\TeacherController.php on line 155.
 1 [internal function]: CodeIgniter\Debug\Exceptions->errorHandler(2, 'hex2bin(): Input string must be hexadecimal string', 'C:\\laragon\\www\\PGA-Management-System\\app\\Controllers\\TeacherController.php', 155)
 2 APPPATH\Controllers\TeacherController.php(155): hex2bin('assets')
 3 SYSTEMPATH\CodeIgniter.php(919): App\Controllers\TeacherController->expandStudent('assets', 'js', 'book.js')
 4 SYSTEMPATH\CodeIgniter.php(494): CodeIgniter\CodeIgniter->runController(Object(App\Controllers\TeacherController))
 5 SYSTEMPATH\CodeIgniter.php(353): CodeIgniter\CodeIgniter->handleRequest(null, Object(Config\Cache), false)
 6 FCPATH\index.php(79): CodeIgniter\CodeIgniter->run()
 7 SYSTEMPATH\Commands\Server\rewrite.php(47): require_once('C:\\laragon\\www\\PGA-Management-System\\public\\index.php')
CRITICAL - 2024-05-28 21:03:08 --> hex2bin(): Input string must be hexadecimal string
in APPPATH\Controllers\TeacherController.php on line 155.
 1 [internal function]: CodeIgniter\Debug\Exceptions->errorHandler(2, 'hex2bin(): Input string must be hexadecimal string', 'C:\\laragon\\www\\PGA-Management-System\\app\\Controllers\\TeacherController.php', 155)
 2 APPPATH\Controllers\TeacherController.php(155): hex2bin('assets')
 3 SYSTEMPATH\CodeIgniter.php(919): App\Controllers\TeacherController->expandStudent('assets', 'js', 'book.js')
 4 SYSTEMPATH\CodeIgniter.php(494): CodeIgniter\CodeIgniter->runController(Object(App\Controllers\TeacherController))
 5 SYSTEMPATH\CodeIgniter.php(353): CodeIgniter\CodeIgniter->handleRequest(null, Object(Config\Cache), false)
 6 FCPATH\index.php(79): CodeIgniter\CodeIgniter->run()
 7 SYSTEMPATH\Commands\Server\rewrite.php(47): require_once('C:\\laragon\\www\\PGA-Management-System\\public\\index.php')
