CRITICAL - 2024-05-08 05:45:14 --> Undefined array key "section.name"
in APPPATH\Views\teacher\gradebody.php on line 147.
 1 APPPATH\Views\teacher\gradebody.php(147): CodeIgniter\Debug\Exceptions->errorHandler(2, 'Undefined array key "section.name"', 'C:\\laragon\\www\\PGA-Management-System\\app\\Views\\teacher\\gradebody.php', 147)
 2 SYSTEMPATH\View\View.php(226): include('C:\\laragon\\www\\PGA-Management-System\\app\\Views\\teacher\\gradebody.php')
 3 SYSTEMPATH\View\View.php(229): CodeIgniter\View\View->CodeIgniter\View\{closure}()
 4 SYSTEMPATH\View\View.php(467): CodeIgniter\View\View->render('teacher/gradebody', null, true)
 5 APPPATH\Views\grade.php(2): CodeIgniter\View\View->include('teacher/gradebody')
 6 SYSTEMPATH\View\View.php(226): include('C:\\laragon\\www\\PGA-Management-System\\app\\Views\\grade.php')
 7 SYSTEMPATH\View\View.php(229): CodeIgniter\View\View->CodeIgniter\View\{closure}()
 8 SYSTEMPATH\Common.php(1188): CodeIgniter\View\View->render('grade', [], true)
 9 APPPATH\Controllers\TeacherController.php(104): view('grade', [...])
10 SYSTEMPATH\CodeIgniter.php(919): App\Controllers\TeacherController->grade()
11 SYSTEMPATH\CodeIgniter.php(494): CodeIgniter\CodeIgniter->runController(Object(App\Controllers\TeacherController))
12 SYSTEMPATH\CodeIgniter.php(353): CodeIgniter\CodeIgniter->handleRequest(null, Object(Config\Cache), false)
13 FCPATH\index.php(79): CodeIgniter\CodeIgniter->run()
14 SYSTEMPATH\Commands\Server\rewrite.php(47): require_once('C:\\laragon\\www\\PGA-Management-System\\public\\index.php')
CRITICAL - 2024-05-08 05:45:22 --> Undefined array key "sections.name"
in APPPATH\Views\teacher\gradebody.php on line 147.
 1 APPPATH\Views\teacher\gradebody.php(147): CodeIgniter\Debug\Exceptions->errorHandler(2, 'Undefined array key "sections.name"', 'C:\\laragon\\www\\PGA-Management-System\\app\\Views\\teacher\\gradebody.php', 147)
 2 SYSTEMPATH\View\View.php(226): include('C:\\laragon\\www\\PGA-Management-System\\app\\Views\\teacher\\gradebody.php')
 3 SYSTEMPATH\View\View.php(229): CodeIgniter\View\View->CodeIgniter\View\{closure}()
 4 SYSTEMPATH\View\View.php(467): CodeIgniter\View\View->render('teacher/gradebody', null, true)
 5 APPPATH\Views\grade.php(2): CodeIgniter\View\View->include('teacher/gradebody')
 6 SYSTEMPATH\View\View.php(226): include('C:\\laragon\\www\\PGA-Management-System\\app\\Views\\grade.php')
 7 SYSTEMPATH\View\View.php(229): CodeIgniter\View\View->CodeIgniter\View\{closure}()
 8 SYSTEMPATH\Common.php(1188): CodeIgniter\View\View->render('grade', [], true)
 9 APPPATH\Controllers\TeacherController.php(104): view('grade', [...])
10 SYSTEMPATH\CodeIgniter.php(919): App\Controllers\TeacherController->grade()
11 SYSTEMPATH\CodeIgniter.php(494): CodeIgniter\CodeIgniter->runController(Object(App\Controllers\TeacherController))
12 SYSTEMPATH\CodeIgniter.php(353): CodeIgniter\CodeIgniter->handleRequest(null, Object(Config\Cache), false)
13 FCPATH\index.php(79): CodeIgniter\CodeIgniter->run()
14 SYSTEMPATH\Commands\Server\rewrite.php(47): require_once('C:\\laragon\\www\\PGA-Management-System\\public\\index.php')
CRITICAL - 2024-05-08 05:46:45 --> Undefined array key "subjects.name"
in APPPATH\Views\teacher\gradebody.php on line 148.
 1 APPPATH\Views\teacher\gradebody.php(148): CodeIgniter\Debug\Exceptions->errorHandler(2, 'Undefined array key "subjects.name"', 'C:\\laragon\\www\\PGA-Management-System\\app\\Views\\teacher\\gradebody.php', 148)
 2 SYSTEMPATH\View\View.php(226): include('C:\\laragon\\www\\PGA-Management-System\\app\\Views\\teacher\\gradebody.php')
 3 SYSTEMPATH\View\View.php(229): CodeIgniter\View\View->CodeIgniter\View\{closure}()
 4 SYSTEMPATH\View\View.php(467): CodeIgniter\View\View->render('teacher/gradebody', null, true)
 5 APPPATH\Views\grade.php(2): CodeIgniter\View\View->include('teacher/gradebody')
 6 SYSTEMPATH\View\View.php(226): include('C:\\laragon\\www\\PGA-Management-System\\app\\Views\\grade.php')
 7 SYSTEMPATH\View\View.php(229): CodeIgniter\View\View->CodeIgniter\View\{closure}()
 8 SYSTEMPATH\Common.php(1188): CodeIgniter\View\View->render('grade', [], true)
 9 APPPATH\Controllers\TeacherController.php(104): view('grade', [...])
10 SYSTEMPATH\CodeIgniter.php(919): App\Controllers\TeacherController->grade()
11 SYSTEMPATH\CodeIgniter.php(494): CodeIgniter\CodeIgniter->runController(Object(App\Controllers\TeacherController))
12 SYSTEMPATH\CodeIgniter.php(353): CodeIgniter\CodeIgniter->handleRequest(null, Object(Config\Cache), false)
13 FCPATH\index.php(79): CodeIgniter\CodeIgniter->run()
14 SYSTEMPATH\Commands\Server\rewrite.php(47): require_once('C:\\laragon\\www\\PGA-Management-System\\public\\index.php')
CRITICAL - 2024-05-08 05:49:41 --> Undefined array key "name"
in APPPATH\Views\teacher\gradebody.php on line 216.
 1 APPPATH\Views\teacher\gradebody.php(216): CodeIgniter\Debug\Exceptions->errorHandler(2, 'Undefined array key "name"', 'C:\\laragon\\www\\PGA-Management-System\\app\\Views\\teacher\\gradebody.php', 216)
 2 SYSTEMPATH\View\View.php(226): include('C:\\laragon\\www\\PGA-Management-System\\app\\Views\\teacher\\gradebody.php')
 3 SYSTEMPATH\View\View.php(229): CodeIgniter\View\View->CodeIgniter\View\{closure}()
 4 SYSTEMPATH\View\View.php(467): CodeIgniter\View\View->render('teacher/gradebody', null, true)
 5 APPPATH\Views\grade.php(2): CodeIgniter\View\View->include('teacher/gradebody')
 6 SYSTEMPATH\View\View.php(226): include('C:\\laragon\\www\\PGA-Management-System\\app\\Views\\grade.php')
 7 SYSTEMPATH\View\View.php(229): CodeIgniter\View\View->CodeIgniter\View\{closure}()
 8 SYSTEMPATH\Common.php(1188): CodeIgniter\View\View->render('grade', [], true)
 9 APPPATH\Controllers\TeacherController.php(104): view('grade', [...])
10 SYSTEMPATH\CodeIgniter.php(919): App\Controllers\TeacherController->grade()
11 SYSTEMPATH\CodeIgniter.php(494): CodeIgniter\CodeIgniter->runController(Object(App\Controllers\TeacherController))
12 SYSTEMPATH\CodeIgniter.php(353): CodeIgniter\CodeIgniter->handleRequest(null, Object(Config\Cache), false)
13 FCPATH\index.php(79): CodeIgniter\CodeIgniter->run()
14 SYSTEMPATH\Commands\Server\rewrite.php(47): require_once('C:\\laragon\\www\\PGA-Management-System\\public\\index.php')
ERROR - 2024-05-08 06:00:56 --> mysqli_sql_exception: Unknown column 'name' in 'field list' in C:\laragon\www\PGA-Management-System\system\Database\MySQLi\Connection.php:306
Stack trace:
#0 C:\laragon\www\PGA-Management-System\system\Database\MySQLi\Connection.php(306): mysqli->query('SELECT `subject...', 0)
#1 C:\laragon\www\PGA-Management-System\system\Database\BaseConnection.php(692): CodeIgniter\Database\MySQLi\Connection->execute('SELECT `subject...')
#2 C:\laragon\www\PGA-Management-System\system\Database\BaseConnection.php(606): CodeIgniter\Database\BaseConnection->simpleQuery('SELECT `subject...')
#3 C:\laragon\www\PGA-Management-System\system\Database\BaseBuilder.php(1615): CodeIgniter\Database\BaseConnection->query('SELECT `subject...', Array, false)
#4 C:\laragon\www\PGA-Management-System\system\Model.php(237): CodeIgniter\Database\BaseBuilder->get()
#5 C:\laragon\www\PGA-Management-System\system\BaseModel.php(624): CodeIgniter\Model->doFindAll(0, 0)
#6 C:\laragon\www\PGA-Management-System\app\Controllers\AACController.php(97): CodeIgniter\BaseModel->findAll()
#7 C:\laragon\www\PGA-Management-System\system\CodeIgniter.php(919): App\Controllers\AACController->aacsubjects()
#8 C:\laragon\www\PGA-Management-System\system\CodeIgniter.php(494): CodeIgniter\CodeIgniter->runController(Object(App\Controllers\AACController))
#9 C:\laragon\www\PGA-Management-System\system\CodeIgniter.php(353): CodeIgniter\CodeIgniter->handleRequest(NULL, Object(Config\Cache), false)
#10 C:\laragon\www\PGA-Management-System\public\index.php(79): CodeIgniter\CodeIgniter->run()
#11 C:\laragon\www\PGA-Management-System\system\Commands\Server\rewrite.php(47): require_once('C:\\laragon\\www\\...')
#12 {main}
CRITICAL - 2024-05-08 06:00:56 --> Unknown column 'name' in 'field list'
in SYSTEMPATH\Database\BaseConnection.php on line 646.
 1 SYSTEMPATH\Database\BaseBuilder.php(1615): CodeIgniter\Database\BaseConnection->query('SELECT `subjects`.`id` as `id`, `name`, `type`, `teacher_id`, `yr_lvl`, `fname`, `mname`, `lname`
FROM `subjects`
INNER JOIN `teachers` ON `subjects`.`teacher_id` = `teachers`.`idnum`
ORDER BY `name`', [], false)
 2 SYSTEMPATH\Model.php(237): CodeIgniter\Database\BaseBuilder->get()
 3 SYSTEMPATH\BaseModel.php(624): CodeIgniter\Model->doFindAll(0, 0)
 4 APPPATH\Controllers\AACController.php(97): CodeIgniter\BaseModel->findAll()
 5 SYSTEMPATH\CodeIgniter.php(919): App\Controllers\AACController->aacsubjects()
 6 SYSTEMPATH\CodeIgniter.php(494): CodeIgniter\CodeIgniter->runController(Object(App\Controllers\AACController))
 7 SYSTEMPATH\CodeIgniter.php(353): CodeIgniter\CodeIgniter->handleRequest(null, Object(Config\Cache), false)
 8 FCPATH\index.php(79): CodeIgniter\CodeIgniter->run()
 9 SYSTEMPATH\Commands\Server\rewrite.php(47): require_once('C:\\laragon\\www\\PGA-Management-System\\public\\index.php')
ERROR - 2024-05-08 06:02:10 --> mysqli_sql_exception: Unknown column 'subject.name' in 'field list' in C:\laragon\www\PGA-Management-System\system\Database\MySQLi\Connection.php:306
Stack trace:
#0 C:\laragon\www\PGA-Management-System\system\Database\MySQLi\Connection.php(306): mysqli->query('SELECT `subject...', 0)
#1 C:\laragon\www\PGA-Management-System\system\Database\BaseConnection.php(692): CodeIgniter\Database\MySQLi\Connection->execute('SELECT `subject...')
#2 C:\laragon\www\PGA-Management-System\system\Database\BaseConnection.php(606): CodeIgniter\Database\BaseConnection->simpleQuery('SELECT `subject...')
#3 C:\laragon\www\PGA-Management-System\system\Database\BaseBuilder.php(1615): CodeIgniter\Database\BaseConnection->query('SELECT `subject...', Array, false)
#4 C:\laragon\www\PGA-Management-System\system\Model.php(237): CodeIgniter\Database\BaseBuilder->get()
#5 C:\laragon\www\PGA-Management-System\system\BaseModel.php(624): CodeIgniter\Model->doFindAll(0, 0)
#6 C:\laragon\www\PGA-Management-System\app\Controllers\AACController.php(97): CodeIgniter\BaseModel->findAll()
#7 C:\laragon\www\PGA-Management-System\system\CodeIgniter.php(919): App\Controllers\AACController->aacsubjects()
#8 C:\laragon\www\PGA-Management-System\system\CodeIgniter.php(494): CodeIgniter\CodeIgniter->runController(Object(App\Controllers\AACController))
#9 C:\laragon\www\PGA-Management-System\system\CodeIgniter.php(353): CodeIgniter\CodeIgniter->handleRequest(NULL, Object(Config\Cache), false)
#10 C:\laragon\www\PGA-Management-System\public\index.php(79): CodeIgniter\CodeIgniter->run()
#11 C:\laragon\www\PGA-Management-System\system\Commands\Server\rewrite.php(47): require_once('C:\\laragon\\www\\...')
#12 {main}
CRITICAL - 2024-05-08 06:02:10 --> Unknown column 'subject.name' in 'field list'
in SYSTEMPATH\Database\BaseConnection.php on line 646.
 1 SYSTEMPATH\Database\BaseBuilder.php(1615): CodeIgniter\Database\BaseConnection->query('SELECT `subjects`.`id` as `id`, `subject`.`name`, `type`, `teacher_id`, `yr_lvl`, `fname`, `mname`, `lname`
FROM `subjects`
INNER JOIN `teachers` ON `subjects`.`teacher_id` = `teachers`.`idnum`
ORDER BY `name`', [], false)
 2 SYSTEMPATH\Model.php(237): CodeIgniter\Database\BaseBuilder->get()
 3 SYSTEMPATH\BaseModel.php(624): CodeIgniter\Model->doFindAll(0, 0)
 4 APPPATH\Controllers\AACController.php(97): CodeIgniter\BaseModel->findAll()
 5 SYSTEMPATH\CodeIgniter.php(919): App\Controllers\AACController->aacsubjects()
 6 SYSTEMPATH\CodeIgniter.php(494): CodeIgniter\CodeIgniter->runController(Object(App\Controllers\AACController))
 7 SYSTEMPATH\CodeIgniter.php(353): CodeIgniter\CodeIgniter->handleRequest(null, Object(Config\Cache), false)
 8 FCPATH\index.php(79): CodeIgniter\CodeIgniter->run()
 9 SYSTEMPATH\Commands\Server\rewrite.php(47): require_once('C:\\laragon\\www\\PGA-Management-System\\public\\index.php')
ERROR - 2024-05-08 06:02:48 --> mysqli_sql_exception: Unknown column 'name' in 'order clause' in C:\laragon\www\PGA-Management-System\system\Database\MySQLi\Connection.php:306
Stack trace:
#0 C:\laragon\www\PGA-Management-System\system\Database\MySQLi\Connection.php(306): mysqli->query('SELECT `subject...', 0)
#1 C:\laragon\www\PGA-Management-System\system\Database\BaseConnection.php(692): CodeIgniter\Database\MySQLi\Connection->execute('SELECT `subject...')
#2 C:\laragon\www\PGA-Management-System\system\Database\BaseConnection.php(606): CodeIgniter\Database\BaseConnection->simpleQuery('SELECT `subject...')
#3 C:\laragon\www\PGA-Management-System\system\Database\BaseBuilder.php(1615): CodeIgniter\Database\BaseConnection->query('SELECT `subject...', Array, false)
#4 C:\laragon\www\PGA-Management-System\system\Model.php(237): CodeIgniter\Database\BaseBuilder->get()
#5 C:\laragon\www\PGA-Management-System\system\BaseModel.php(624): CodeIgniter\Model->doFindAll(0, 0)
#6 C:\laragon\www\PGA-Management-System\app\Controllers\AACController.php(97): CodeIgniter\BaseModel->findAll()
#7 C:\laragon\www\PGA-Management-System\system\CodeIgniter.php(919): App\Controllers\AACController->aacsubjects()
#8 C:\laragon\www\PGA-Management-System\system\CodeIgniter.php(494): CodeIgniter\CodeIgniter->runController(Object(App\Controllers\AACController))
#9 C:\laragon\www\PGA-Management-System\system\CodeIgniter.php(353): CodeIgniter\CodeIgniter->handleRequest(NULL, Object(Config\Cache), false)
#10 C:\laragon\www\PGA-Management-System\public\index.php(79): CodeIgniter\CodeIgniter->run()
#11 C:\laragon\www\PGA-Management-System\system\Commands\Server\rewrite.php(47): require_once('C:\\laragon\\www\\...')
#12 {main}
CRITICAL - 2024-05-08 06:02:48 --> Unknown column 'name' in 'order clause'
in SYSTEMPATH\Database\BaseConnection.php on line 646.
 1 SYSTEMPATH\Database\BaseBuilder.php(1615): CodeIgniter\Database\BaseConnection->query('SELECT `subjects`.`id` as `id`, `subject_name`, `type`, `teacher_id`, `yr_lvl`, `fname`, `mname`, `lname`
FROM `subjects`
INNER JOIN `teachers` ON `subjects`.`teacher_id` = `teachers`.`idnum`
ORDER BY `name`', [], false)
 2 SYSTEMPATH\Model.php(237): CodeIgniter\Database\BaseBuilder->get()
 3 SYSTEMPATH\BaseModel.php(624): CodeIgniter\Model->doFindAll(0, 0)
 4 APPPATH\Controllers\AACController.php(97): CodeIgniter\BaseModel->findAll()
 5 SYSTEMPATH\CodeIgniter.php(919): App\Controllers\AACController->aacsubjects()
 6 SYSTEMPATH\CodeIgniter.php(494): CodeIgniter\CodeIgniter->runController(Object(App\Controllers\AACController))
 7 SYSTEMPATH\CodeIgniter.php(353): CodeIgniter\CodeIgniter->handleRequest(null, Object(Config\Cache), false)
 8 FCPATH\index.php(79): CodeIgniter\CodeIgniter->run()
 9 SYSTEMPATH\Commands\Server\rewrite.php(47): require_once('C:\\laragon\\www\\PGA-Management-System\\public\\index.php')
ERROR - 2024-05-08 06:03:54 --> mysqli_sql_exception: Unknown column 'name' in 'where clause' in C:\laragon\www\PGA-Management-System\system\Database\MySQLi\Connection.php:306
Stack trace:
#0 C:\laragon\www\PGA-Management-System\system\Database\MySQLi\Connection.php(306): mysqli->query('SELECT `subject...', 0)
#1 C:\laragon\www\PGA-Management-System\system\Database\BaseConnection.php(692): CodeIgniter\Database\MySQLi\Connection->execute('SELECT `subject...')
#2 C:\laragon\www\PGA-Management-System\system\Database\BaseConnection.php(606): CodeIgniter\Database\BaseConnection->simpleQuery('SELECT `subject...')
#3 C:\laragon\www\PGA-Management-System\system\Database\BaseBuilder.php(1615): CodeIgniter\Database\BaseConnection->query('SELECT `subject...', Array, false)
#4 C:\laragon\www\PGA-Management-System\system\Model.php(237): CodeIgniter\Database\BaseBuilder->get()
#5 C:\laragon\www\PGA-Management-System\system\BaseModel.php(624): CodeIgniter\Model->doFindAll(0, 0)
#6 C:\laragon\www\PGA-Management-System\app\Controllers\AACController.php(108): CodeIgniter\BaseModel->findAll()
#7 C:\laragon\www\PGA-Management-System\system\CodeIgniter.php(919): App\Controllers\AACController->searchAacsubject()
#8 C:\laragon\www\PGA-Management-System\system\CodeIgniter.php(494): CodeIgniter\CodeIgniter->runController(Object(App\Controllers\AACController))
#9 C:\laragon\www\PGA-Management-System\system\CodeIgniter.php(353): CodeIgniter\CodeIgniter->handleRequest(NULL, Object(Config\Cache), false)
#10 C:\laragon\www\PGA-Management-System\public\index.php(79): CodeIgniter\CodeIgniter->run()
#11 C:\laragon\www\PGA-Management-System\system\Commands\Server\rewrite.php(47): require_once('C:\\laragon\\www\\...')
#12 {main}
CRITICAL - 2024-05-08 06:03:54 --> Unknown column 'name' in 'where clause'
in SYSTEMPATH\Database\BaseConnection.php on line 646.
 1 SYSTEMPATH\Database\BaseBuilder.php(1615): CodeIgniter\Database\BaseConnection->query('SELECT `subjects`.`id` as `id`, `subject_name`, `type`, `teacher_id`, `yr_lvl`, `fname`, `mname`, `lname`
FROM `subjects`
INNER JOIN `teachers` ON `subjects`.`teacher_id` = `teachers`.`idnum`
WHERE `name` LIKE :name: ESCAPE \'!\'
ORDER BY `subject_name`', [...], false)
 2 SYSTEMPATH\Model.php(237): CodeIgniter\Database\BaseBuilder->get()
 3 SYSTEMPATH\BaseModel.php(624): CodeIgniter\Model->doFindAll(0, 0)
 4 APPPATH\Controllers\AACController.php(108): CodeIgniter\BaseModel->findAll()
 5 SYSTEMPATH\CodeIgniter.php(919): App\Controllers\AACController->searchAacsubject()
 6 SYSTEMPATH\CodeIgniter.php(494): CodeIgniter\CodeIgniter->runController(Object(App\Controllers\AACController))
 7 SYSTEMPATH\CodeIgniter.php(353): CodeIgniter\CodeIgniter->handleRequest(null, Object(Config\Cache), false)
 8 FCPATH\index.php(79): CodeIgniter\CodeIgniter->run()
 9 SYSTEMPATH\Commands\Server\rewrite.php(47): require_once('C:\\laragon\\www\\PGA-Management-System\\public\\index.php')
ERROR - 2024-05-08 11:55:43 --> mysqli_sql_exception: Unknown column 'grade_lvl_id' in 'field list' in C:\laragon\www\PGA-Management-System\system\Database\MySQLi\Connection.php:306
Stack trace:
#0 C:\laragon\www\PGA-Management-System\system\Database\MySQLi\Connection.php(306): mysqli->query('SELECT `section...', 0)
#1 C:\laragon\www\PGA-Management-System\system\Database\BaseConnection.php(692): CodeIgniter\Database\MySQLi\Connection->execute('SELECT `section...')
#2 C:\laragon\www\PGA-Management-System\system\Database\BaseConnection.php(606): CodeIgniter\Database\BaseConnection->simpleQuery('SELECT `section...')
#3 C:\laragon\www\PGA-Management-System\system\Database\BaseBuilder.php(1615): CodeIgniter\Database\BaseConnection->query('SELECT `section...', Array, false)
#4 C:\laragon\www\PGA-Management-System\system\Model.php(237): CodeIgniter\Database\BaseBuilder->get()
#5 C:\laragon\www\PGA-Management-System\system\BaseModel.php(624): CodeIgniter\Model->doFindAll(0, 0)
#6 C:\laragon\www\PGA-Management-System\app\Controllers\AACController.php(30): CodeIgniter\BaseModel->findAll()
#7 C:\laragon\www\PGA-Management-System\system\CodeIgniter.php(919): App\Controllers\AACController->aacsections()
#8 C:\laragon\www\PGA-Management-System\system\CodeIgniter.php(494): CodeIgniter\CodeIgniter->runController(Object(App\Controllers\AACController))
#9 C:\laragon\www\PGA-Management-System\system\CodeIgniter.php(353): CodeIgniter\CodeIgniter->handleRequest(NULL, Object(Config\Cache), false)
#10 C:\laragon\www\PGA-Management-System\public\index.php(79): CodeIgniter\CodeIgniter->run()
#11 C:\laragon\www\PGA-Management-System\system\Commands\Server\rewrite.php(47): require_once('C:\\laragon\\www\\...')
#12 {main}
CRITICAL - 2024-05-08 11:55:43 --> Unknown column 'grade_lvl_id' in 'field list'
in SYSTEMPATH\Database\BaseConnection.php on line 646.
 1 SYSTEMPATH\Database\BaseBuilder.php(1615): CodeIgniter\Database\BaseConnection->query('SELECT `sections`.`id` as `id`, `name`, `grade_lvl_id`, `adviser`, `fname`, `mname`, `lname`
FROM `sections`
INNER JOIN `teachers` ON `sections`.`adviser` = `teachers`.`idnum`', [], false)
 2 SYSTEMPATH\Model.php(237): CodeIgniter\Database\BaseBuilder->get()
 3 SYSTEMPATH\BaseModel.php(624): CodeIgniter\Model->doFindAll(0, 0)
 4 APPPATH\Controllers\AACController.php(30): CodeIgniter\BaseModel->findAll()
 5 SYSTEMPATH\CodeIgniter.php(919): App\Controllers\AACController->aacsections()
 6 SYSTEMPATH\CodeIgniter.php(494): CodeIgniter\CodeIgniter->runController(Object(App\Controllers\AACController))
 7 SYSTEMPATH\CodeIgniter.php(353): CodeIgniter\CodeIgniter->handleRequest(null, Object(Config\Cache), false)
 8 FCPATH\index.php(79): CodeIgniter\CodeIgniter->run()
 9 SYSTEMPATH\Commands\Server\rewrite.php(47): require_once('C:\\laragon\\www\\PGA-Management-System\\public\\index.php')
ERROR - 2024-05-08 12:12:34 --> mysqli_sql_exception: Cannot add or update a child row: a foreign key constraint fails (`pga`.`sections`, CONSTRAINT `ad_ibfk_1` FOREIGN KEY (`adviser`) REFERENCES `teachers` (`idnum`) ON DELETE CASCADE ON UPDATE CASCADE) in C:\laragon\www\PGA-Management-System\system\Database\MySQLi\Connection.php:306
Stack trace:
#0 C:\laragon\www\PGA-Management-System\system\Database\MySQLi\Connection.php(306): mysqli->query('INSERT INTO `se...', 0)
#1 C:\laragon\www\PGA-Management-System\system\Database\BaseConnection.php(692): CodeIgniter\Database\MySQLi\Connection->execute('INSERT INTO `se...')
#2 C:\laragon\www\PGA-Management-System\system\Database\BaseConnection.php(606): CodeIgniter\Database\BaseConnection->simpleQuery('INSERT INTO `se...')
#3 C:\laragon\www\PGA-Management-System\system\Database\BaseBuilder.php(2308): CodeIgniter\Database\BaseConnection->query('INSERT INTO `se...', Array, false)
#4 C:\laragon\www\PGA-Management-System\system\Model.php(319): CodeIgniter\Database\BaseBuilder->insert()
#5 C:\laragon\www\PGA-Management-System\system\BaseModel.php(788): CodeIgniter\Model->doInsert(Array)
#6 C:\laragon\www\PGA-Management-System\system\Model.php(715): CodeIgniter\BaseModel->insert(Array, false)
#7 C:\laragon\www\PGA-Management-System\system\BaseModel.php(698): CodeIgniter\Model->insert(Array, false)
#8 C:\laragon\www\PGA-Management-System\app\Controllers\AACController.php(72): CodeIgniter\BaseModel->save(Array)
#9 C:\laragon\www\PGA-Management-System\system\CodeIgniter.php(919): App\Controllers\AACController->aacsaveSection()
#10 C:\laragon\www\PGA-Management-System\system\CodeIgniter.php(494): CodeIgniter\CodeIgniter->runController(Object(App\Controllers\AACController))
#11 C:\laragon\www\PGA-Management-System\system\CodeIgniter.php(353): CodeIgniter\CodeIgniter->handleRequest(NULL, Object(Config\Cache), false)
#12 C:\laragon\www\PGA-Management-System\public\index.php(79): CodeIgniter\CodeIgniter->run()
#13 C:\laragon\www\PGA-Management-System\system\Commands\Server\rewrite.php(47): require_once('C:\\laragon\\www\\...')
#14 {main}
CRITICAL - 2024-05-08 12:12:34 --> Cannot add or update a child row: a foreign key constraint fails (`pga`.`sections`, CONSTRAINT `ad_ibfk_1` FOREIGN KEY (`adviser`) REFERENCES `teachers` (`idnum`) ON DELETE CASCADE ON UPDATE CASCADE)
in SYSTEMPATH\Database\BaseConnection.php on line 646.
 1 SYSTEMPATH\Database\BaseBuilder.php(2308): CodeIgniter\Database\BaseConnection->query('INSERT INTO `sections` (`name`, `grade_level_id`) VALUES (:name:, :grade_level_id:)', [...], false)
 2 SYSTEMPATH\Model.php(319): CodeIgniter\Database\BaseBuilder->insert()
 3 SYSTEMPATH\BaseModel.php(788): CodeIgniter\Model->doInsert([...])
 4 SYSTEMPATH\Model.php(715): CodeIgniter\BaseModel->insert([...], false)
 5 SYSTEMPATH\BaseModel.php(698): CodeIgniter\Model->insert([...], false)
 6 APPPATH\Controllers\AACController.php(72): CodeIgniter\BaseModel->save([...])
 7 SYSTEMPATH\CodeIgniter.php(919): App\Controllers\AACController->aacsaveSection()
 8 SYSTEMPATH\CodeIgniter.php(494): CodeIgniter\CodeIgniter->runController(Object(App\Controllers\AACController))
 9 SYSTEMPATH\CodeIgniter.php(353): CodeIgniter\CodeIgniter->handleRequest(null, Object(Config\Cache), false)
10 FCPATH\index.php(79): CodeIgniter\CodeIgniter->run()
11 SYSTEMPATH\Commands\Server\rewrite.php(47): require_once('C:\\laragon\\www\\PGA-Management-System\\public\\index.php')
ERROR - 2024-05-08 12:57:57 --> mysqli_sql_exception: Unknown column 'section' in 'where clause' in C:\laragon\www\PGA-Management-System\system\Database\MySQLi\Connection.php:306
Stack trace:
#0 C:\laragon\www\PGA-Management-System\system\Database\MySQLi\Connection.php(306): mysqli->query('SELECT *\nFROM `...', 0)
#1 C:\laragon\www\PGA-Management-System\system\Database\BaseConnection.php(692): CodeIgniter\Database\MySQLi\Connection->execute('SELECT *\nFROM `...')
#2 C:\laragon\www\PGA-Management-System\system\Database\BaseConnection.php(606): CodeIgniter\Database\BaseConnection->simpleQuery('SELECT *\nFROM `...')
#3 C:\laragon\www\PGA-Management-System\system\Database\BaseBuilder.php(1615): CodeIgniter\Database\BaseConnection->query('SELECT *\nFROM `...', Array, false)
#4 C:\laragon\www\PGA-Management-System\system\Model.php(264): CodeIgniter\Database\BaseBuilder->get()
#5 C:\laragon\www\PGA-Management-System\system\BaseModel.php(662): CodeIgniter\Model->doFirst()
#6 C:\laragon\www\PGA-Management-System\app\Controllers\AACController.php(226): CodeIgniter\BaseModel->first()
#7 C:\laragon\www\PGA-Management-System\system\CodeIgniter.php(919): App\Controllers\AACController->St_Joseph_Husband_of_Mary()
#8 C:\laragon\www\PGA-Management-System\system\CodeIgniter.php(494): CodeIgniter\CodeIgniter->runController(Object(App\Controllers\AACController))
#9 C:\laragon\www\PGA-Management-System\system\CodeIgniter.php(353): CodeIgniter\CodeIgniter->handleRequest(NULL, Object(Config\Cache), false)
#10 C:\laragon\www\PGA-Management-System\public\index.php(79): CodeIgniter\CodeIgniter->run()
#11 C:\laragon\www\PGA-Management-System\system\Commands\Server\rewrite.php(47): require_once('C:\\laragon\\www\\...')
#12 {main}
CRITICAL - 2024-05-08 12:57:57 --> Unknown column 'section' in 'where clause'
in SYSTEMPATH\Database\BaseConnection.php on line 646.
 1 SYSTEMPATH\Database\BaseBuilder.php(1615): CodeIgniter\Database\BaseConnection->query('SELECT *
FROM `sections`
WHERE `section` = :section:
 LIMIT 1', [...], false)
 2 SYSTEMPATH\Model.php(264): CodeIgniter\Database\BaseBuilder->get()
 3 SYSTEMPATH\BaseModel.php(662): CodeIgniter\Model->doFirst()
 4 APPPATH\Controllers\AACController.php(226): CodeIgniter\BaseModel->first()
 5 SYSTEMPATH\CodeIgniter.php(919): App\Controllers\AACController->St_Joseph_Husband_of_Mary()
 6 SYSTEMPATH\CodeIgniter.php(494): CodeIgniter\CodeIgniter->runController(Object(App\Controllers\AACController))
 7 SYSTEMPATH\CodeIgniter.php(353): CodeIgniter\CodeIgniter->handleRequest(null, Object(Config\Cache), false)
 8 FCPATH\index.php(79): CodeIgniter\CodeIgniter->run()
 9 SYSTEMPATH\Commands\Server\rewrite.php(47): require_once('C:\\laragon\\www\\PGA-Management-System\\public\\index.php')
