CRITICAL - 2024-05-31 05:02:46 --> hex2bin(): Input string must be hexadecimal string
in APPPATH\Controllers\TeacherController.php on line 155.
 1 [internal function]: CodeIgniter\Debug\Exceptions->errorHandler(2, 'hex2bin(): Input string must be hexadecimal string', 'C:\\laragon\\www\\PGA-Management-System\\app\\Controllers\\TeacherController.php', 155)
 2 APPPATH\Controllers\TeacherController.php(155): hex2bin('assets')
 3 SYSTEMPATH\CodeIgniter.php(919): App\Controllers\TeacherController->expandStudent('assets', 'js', 'book.js')
 4 SYSTEMPATH\CodeIgniter.php(494): CodeIgniter\CodeIgniter->runController(Object(App\Controllers\TeacherController))
 5 SYSTEMPATH\CodeIgniter.php(353): CodeIgniter\CodeIgniter->handleRequest(null, Object(Config\Cache), false)
 6 FCPATH\index.php(79): CodeIgniter\CodeIgniter->run()
 7 SYSTEMPATH\Commands\Server\rewrite.php(47): require_once('C:\\laragon\\www\\PGA-Management-System\\public\\index.php')
CRITICAL - 2024-05-31 05:03:02 --> hex2bin(): Input string must be hexadecimal string
in APPPATH\Controllers\TeacherController.php on line 155.
 1 [internal function]: CodeIgniter\Debug\Exceptions->errorHandler(2, 'hex2bin(): Input string must be hexadecimal string', 'C:\\laragon\\www\\PGA-Management-System\\app\\Controllers\\TeacherController.php', 155)
 2 APPPATH\Controllers\TeacherController.php(155): hex2bin('assets')
 3 SYSTEMPATH\CodeIgniter.php(919): App\Controllers\TeacherController->expandStudent('assets', 'js', 'book.js')
 4 SYSTEMPATH\CodeIgniter.php(494): CodeIgniter\CodeIgniter->runController(Object(App\Controllers\TeacherController))
 5 SYSTEMPATH\CodeIgniter.php(353): CodeIgniter\CodeIgniter->handleRequest(null, Object(Config\Cache), false)
 6 FCPATH\index.php(79): CodeIgniter\CodeIgniter->run()
 7 SYSTEMPATH\Commands\Server\rewrite.php(47): require_once('C:\\laragon\\www\\PGA-Management-System\\public\\index.php')
CRITICAL - 2024-05-31 06:26:01 --> hex2bin(): Input string must be hexadecimal string
in APPPATH\Controllers\TeacherController.php on line 155.
 1 [internal function]: CodeIgniter\Debug\Exceptions->errorHandler(2, 'hex2bin(): Input string must be hexadecimal string', 'C:\\laragon\\www\\PGA-Management-System\\app\\Controllers\\TeacherController.php', 155)
 2 APPPATH\Controllers\TeacherController.php(155): hex2bin('assets')
 3 SYSTEMPATH\CodeIgniter.php(919): App\Controllers\TeacherController->expandStudent('assets', 'js', 'book.js')
 4 SYSTEMPATH\CodeIgniter.php(494): CodeIgniter\CodeIgniter->runController(Object(App\Controllers\TeacherController))
 5 SYSTEMPATH\CodeIgniter.php(353): CodeIgniter\CodeIgniter->handleRequest(null, Object(Config\Cache), false)
 6 FCPATH\index.php(79): CodeIgniter\CodeIgniter->run()
 7 SYSTEMPATH\Commands\Server\rewrite.php(47): require_once('C:\\laragon\\www\\PGA-Management-System\\public\\index.php')
CRITICAL - 2024-05-31 06:26:20 --> hex2bin(): Input string must be hexadecimal string
in APPPATH\Controllers\TeacherController.php on line 155.
 1 [internal function]: CodeIgniter\Debug\Exceptions->errorHandler(2, 'hex2bin(): Input string must be hexadecimal string', 'C:\\laragon\\www\\PGA-Management-System\\app\\Controllers\\TeacherController.php', 155)
 2 APPPATH\Controllers\TeacherController.php(155): hex2bin('assets')
 3 SYSTEMPATH\CodeIgniter.php(919): App\Controllers\TeacherController->expandStudent('assets', 'js', 'book.js')
 4 SYSTEMPATH\CodeIgniter.php(494): CodeIgniter\CodeIgniter->runController(Object(App\Controllers\TeacherController))
 5 SYSTEMPATH\CodeIgniter.php(353): CodeIgniter\CodeIgniter->handleRequest(null, Object(Config\Cache), false)
 6 FCPATH\index.php(79): CodeIgniter\CodeIgniter->run()
 7 SYSTEMPATH\Commands\Server\rewrite.php(47): require_once('C:\\laragon\\www\\PGA-Management-System\\public\\index.php')
