CRITICAL - 2024-04-12 09:09:06 --> Undefined variable $region
in APPPATH\Views\student\enrollment\addressinfo.php on line 48.
 1 APPPATH\Views\student\enrollment\addressinfo.php(48): CodeIgniter\Debug\Exceptions->errorHandler(2, 'Undefined variable $region', 'C:\\laragon\\www\\PGA-Management-System\\app\\Views\\student\\enrollment\\addressinfo.php', 48)
 2 SYSTEMPATH\View\View.php(226): include('C:\\laragon\\www\\PGA-Management-System\\app\\Views\\student\\enrollment\\addressinfo.php')
 3 SYSTEMPATH\View\View.php(229): CodeIgniter\View\View->CodeIgniter\View\{closure}()
 4 SYSTEMPATH\View\View.php(467): CodeIgniter\View\View->render('student/enrollment/addressinfo', null, true)
 5 APPPATH\Views\address.php(2): CodeIgniter\View\View->include('student/enrollment/addressinfo')
 6 SYSTEMPATH\View\View.php(226): include('C:\\laragon\\www\\PGA-Management-System\\app\\Views\\address.php')
 7 SYSTEMPATH\View\View.php(229): CodeIgniter\View\View->CodeIgniter\View\{closure}()
 8 SYSTEMPATH\Common.php(1188): CodeIgniter\View\View->render('address', [], true)
 9 APPPATH\Controllers\EnrollmentController.php(93): view('address')
10 SYSTEMPATH\CodeIgniter.php(919): App\Controllers\EnrollmentController->address()
11 SYSTEMPATH\CodeIgniter.php(494): CodeIgniter\CodeIgniter->runController(Object(App\Controllers\EnrollmentController))
12 SYSTEMPATH\CodeIgniter.php(353): CodeIgniter\CodeIgniter->handleRequest(null, Object(Config\Cache), false)
13 FCPATH\index.php(79): CodeIgniter\CodeIgniter->run()
14 SYSTEMPATH\Commands\Server\rewrite.php(47): require_once('C:\\laragon\\www\\PGA-Management-System\\public\\index.php')
CRITICAL - 2024-04-12 09:10:38 --> Undefined variable $region
in APPPATH\Views\student\enrollment\addressinfo.php on line 48.
 1 APPPATH\Views\student\enrollment\addressinfo.php(48): CodeIgniter\Debug\Exceptions->errorHandler(2, 'Undefined variable $region', 'C:\\laragon\\www\\PGA-Management-System\\app\\Views\\student\\enrollment\\addressinfo.php', 48)
 2 SYSTEMPATH\View\View.php(226): include('C:\\laragon\\www\\PGA-Management-System\\app\\Views\\student\\enrollment\\addressinfo.php')
 3 SYSTEMPATH\View\View.php(229): CodeIgniter\View\View->CodeIgniter\View\{closure}()
 4 SYSTEMPATH\View\View.php(467): CodeIgniter\View\View->render('student/enrollment/addressinfo', null, true)
 5 APPPATH\Views\address.php(2): CodeIgniter\View\View->include('student/enrollment/addressinfo')
 6 SYSTEMPATH\View\View.php(226): include('C:\\laragon\\www\\PGA-Management-System\\app\\Views\\address.php')
 7 SYSTEMPATH\View\View.php(229): CodeIgniter\View\View->CodeIgniter\View\{closure}()
 8 SYSTEMPATH\Common.php(1188): CodeIgniter\View\View->render('address', [], true)
 9 APPPATH\Controllers\EnrollmentController.php(93): view('address')
10 SYSTEMPATH\CodeIgniter.php(919): App\Controllers\EnrollmentController->address()
11 SYSTEMPATH\CodeIgniter.php(494): CodeIgniter\CodeIgniter->runController(Object(App\Controllers\EnrollmentController))
12 SYSTEMPATH\CodeIgniter.php(353): CodeIgniter\CodeIgniter->handleRequest(null, Object(Config\Cache), false)
13 FCPATH\index.php(79): CodeIgniter\CodeIgniter->run()
14 SYSTEMPATH\Commands\Server\rewrite.php(47): require_once('C:\\laragon\\www\\PGA-Management-System\\public\\index.php')
CRITICAL - 2024-04-12 09:12:11 --> Undefined variable $region
in APPPATH\Views\student\enrollment\addressinfo.php on line 48.
 1 APPPATH\Views\student\enrollment\addressinfo.php(48): CodeIgniter\Debug\Exceptions->errorHandler(2, 'Undefined variable $region', 'C:\\laragon\\www\\PGA-Management-System\\app\\Views\\student\\enrollment\\addressinfo.php', 48)
 2 SYSTEMPATH\View\View.php(226): include('C:\\laragon\\www\\PGA-Management-System\\app\\Views\\student\\enrollment\\addressinfo.php')
 3 SYSTEMPATH\View\View.php(229): CodeIgniter\View\View->CodeIgniter\View\{closure}()
 4 SYSTEMPATH\View\View.php(467): CodeIgniter\View\View->render('student/enrollment/addressinfo', null, true)
 5 APPPATH\Views\address.php(2): CodeIgniter\View\View->include('student/enrollment/addressinfo')
 6 SYSTEMPATH\View\View.php(226): include('C:\\laragon\\www\\PGA-Management-System\\app\\Views\\address.php')
 7 SYSTEMPATH\View\View.php(229): CodeIgniter\View\View->CodeIgniter\View\{closure}()
 8 SYSTEMPATH\Common.php(1188): CodeIgniter\View\View->render('address', [], true)
 9 APPPATH\Controllers\EnrollmentController.php(93): view('address')
10 SYSTEMPATH\CodeIgniter.php(919): App\Controllers\EnrollmentController->address()
11 SYSTEMPATH\CodeIgniter.php(494): CodeIgniter\CodeIgniter->runController(Object(App\Controllers\EnrollmentController))
12 SYSTEMPATH\CodeIgniter.php(353): CodeIgniter\CodeIgniter->handleRequest(null, Object(Config\Cache), false)
13 FCPATH\index.php(79): CodeIgniter\CodeIgniter->run()
14 SYSTEMPATH\Commands\Server\rewrite.php(47): require_once('C:\\laragon\\www\\PGA-Management-System\\public\\index.php')
CRITICAL - 2024-04-12 09:15:45 --> Undefined variable $region
in APPPATH\Views\student\enrollment\addressinfo.php on line 48.
 1 APPPATH\Views\student\enrollment\addressinfo.php(48): CodeIgniter\Debug\Exceptions->errorHandler(2, 'Undefined variable $region', 'C:\\laragon\\www\\PGA-Management-System\\app\\Views\\student\\enrollment\\addressinfo.php', 48)
 2 SYSTEMPATH\View\View.php(226): include('C:\\laragon\\www\\PGA-Management-System\\app\\Views\\student\\enrollment\\addressinfo.php')
 3 SYSTEMPATH\View\View.php(229): CodeIgniter\View\View->CodeIgniter\View\{closure}()
 4 SYSTEMPATH\View\View.php(467): CodeIgniter\View\View->render('student/enrollment/addressinfo', null, true)
 5 APPPATH\Views\address.php(2): CodeIgniter\View\View->include('student/enrollment/addressinfo')
 6 SYSTEMPATH\View\View.php(226): include('C:\\laragon\\www\\PGA-Management-System\\app\\Views\\address.php')
 7 SYSTEMPATH\View\View.php(229): CodeIgniter\View\View->CodeIgniter\View\{closure}()
 8 SYSTEMPATH\Common.php(1188): CodeIgniter\View\View->render('address', [], true)
 9 APPPATH\Controllers\EnrollmentController.php(93): view('address')
10 SYSTEMPATH\CodeIgniter.php(919): App\Controllers\EnrollmentController->address()
11 SYSTEMPATH\CodeIgniter.php(494): CodeIgniter\CodeIgniter->runController(Object(App\Controllers\EnrollmentController))
12 SYSTEMPATH\CodeIgniter.php(353): CodeIgniter\CodeIgniter->handleRequest(null, Object(Config\Cache), false)
13 FCPATH\index.php(79): CodeIgniter\CodeIgniter->run()
14 SYSTEMPATH\Commands\Server\rewrite.php(47): require_once('C:\\laragon\\www\\PGA-Management-System\\public\\index.php')
CRITICAL - 2024-04-12 09:23:27 --> Undefined variable $region
in APPPATH\Views\student\enrollment\addressinfo.php on line 48.
 1 APPPATH\Views\student\enrollment\addressinfo.php(48): CodeIgniter\Debug\Exceptions->errorHandler(2, 'Undefined variable $region', 'C:\\laragon\\www\\PGA-Management-System\\app\\Views\\student\\enrollment\\addressinfo.php', 48)
 2 SYSTEMPATH\View\View.php(226): include('C:\\laragon\\www\\PGA-Management-System\\app\\Views\\student\\enrollment\\addressinfo.php')
 3 SYSTEMPATH\View\View.php(229): CodeIgniter\View\View->CodeIgniter\View\{closure}()
 4 SYSTEMPATH\View\View.php(467): CodeIgniter\View\View->render('student/enrollment/addressinfo', null, true)
 5 APPPATH\Views\address.php(2): CodeIgniter\View\View->include('student/enrollment/addressinfo')
 6 SYSTEMPATH\View\View.php(226): include('C:\\laragon\\www\\PGA-Management-System\\app\\Views\\address.php')
 7 SYSTEMPATH\View\View.php(229): CodeIgniter\View\View->CodeIgniter\View\{closure}()
 8 SYSTEMPATH\Common.php(1188): CodeIgniter\View\View->render('address', [], true)
 9 APPPATH\Controllers\EnrollmentController.php(93): view('address')
10 SYSTEMPATH\CodeIgniter.php(919): App\Controllers\EnrollmentController->address()
11 SYSTEMPATH\CodeIgniter.php(494): CodeIgniter\CodeIgniter->runController(Object(App\Controllers\EnrollmentController))
12 SYSTEMPATH\CodeIgniter.php(353): CodeIgniter\CodeIgniter->handleRequest(null, Object(Config\Cache), false)
13 FCPATH\index.php(79): CodeIgniter\CodeIgniter->run()
14 SYSTEMPATH\Commands\Server\rewrite.php(47): require_once('C:\\laragon\\www\\PGA-Management-System\\public\\index.php')
CRITICAL - 2024-04-12 09:33:17 --> Undefined variable $province
in APPPATH\Views\student\enrollment\addressinfo.php on line 55.
 1 APPPATH\Views\student\enrollment\addressinfo.php(55): CodeIgniter\Debug\Exceptions->errorHandler(2, 'Undefined variable $province', 'C:\\laragon\\www\\PGA-Management-System\\app\\Views\\student\\enrollment\\addressinfo.php', 55)
 2 SYSTEMPATH\View\View.php(226): include('C:\\laragon\\www\\PGA-Management-System\\app\\Views\\student\\enrollment\\addressinfo.php')
 3 SYSTEMPATH\View\View.php(229): CodeIgniter\View\View->CodeIgniter\View\{closure}()
 4 SYSTEMPATH\View\View.php(467): CodeIgniter\View\View->render('student/enrollment/addressinfo', null, true)
 5 APPPATH\Views\address.php(2): CodeIgniter\View\View->include('student/enrollment/addressinfo')
 6 SYSTEMPATH\View\View.php(226): include('C:\\laragon\\www\\PGA-Management-System\\app\\Views\\address.php')
 7 SYSTEMPATH\View\View.php(229): CodeIgniter\View\View->CodeIgniter\View\{closure}()
 8 SYSTEMPATH\Common.php(1188): CodeIgniter\View\View->render('address', [], true)
 9 APPPATH\Controllers\EnrollmentController.php(93): view('address')
10 SYSTEMPATH\CodeIgniter.php(919): App\Controllers\EnrollmentController->address()
11 SYSTEMPATH\CodeIgniter.php(494): CodeIgniter\CodeIgniter->runController(Object(App\Controllers\EnrollmentController))
12 SYSTEMPATH\CodeIgniter.php(353): CodeIgniter\CodeIgniter->handleRequest(null, Object(Config\Cache), false)
13 FCPATH\index.php(79): CodeIgniter\CodeIgniter->run()
14 SYSTEMPATH\Commands\Server\rewrite.php(47): require_once('C:\\laragon\\www\\PGA-Management-System\\public\\index.php')
CRITICAL - 2024-04-12 09:37:56 --> Undefined variable $province
in APPPATH\Views\student\enrollment\addressinfo.php on line 55.
 1 APPPATH\Views\student\enrollment\addressinfo.php(55): CodeIgniter\Debug\Exceptions->errorHandler(2, 'Undefined variable $province', 'C:\\laragon\\www\\PGA-Management-System\\app\\Views\\student\\enrollment\\addressinfo.php', 55)
 2 SYSTEMPATH\View\View.php(226): include('C:\\laragon\\www\\PGA-Management-System\\app\\Views\\student\\enrollment\\addressinfo.php')
 3 SYSTEMPATH\View\View.php(229): CodeIgniter\View\View->CodeIgniter\View\{closure}()
 4 SYSTEMPATH\View\View.php(467): CodeIgniter\View\View->render('student/enrollment/addressinfo', null, true)
 5 APPPATH\Views\address.php(2): CodeIgniter\View\View->include('student/enrollment/addressinfo')
 6 SYSTEMPATH\View\View.php(226): include('C:\\laragon\\www\\PGA-Management-System\\app\\Views\\address.php')
 7 SYSTEMPATH\View\View.php(229): CodeIgniter\View\View->CodeIgniter\View\{closure}()
 8 SYSTEMPATH\Common.php(1188): CodeIgniter\View\View->render('address', [], true)
 9 APPPATH\Controllers\EnrollmentController.php(97): view('address', [...])
10 SYSTEMPATH\CodeIgniter.php(919): App\Controllers\EnrollmentController->address()
11 SYSTEMPATH\CodeIgniter.php(494): CodeIgniter\CodeIgniter->runController(Object(App\Controllers\EnrollmentController))
12 SYSTEMPATH\CodeIgniter.php(353): CodeIgniter\CodeIgniter->handleRequest(null, Object(Config\Cache), false)
13 FCPATH\index.php(79): CodeIgniter\CodeIgniter->run()
14 SYSTEMPATH\Commands\Server\rewrite.php(47): require_once('C:\\laragon\\www\\PGA-Management-System\\public\\index.php')
CRITICAL - 2024-04-12 09:41:56 --> Undefined variable $region
in APPPATH\Views\student\enrollment\addressinfo.php on line 49223.
 1 APPPATH\Views\student\enrollment\addressinfo.php(49223): CodeIgniter\Debug\Exceptions->errorHandler(2, 'Undefined variable $region', 'C:\\laragon\\www\\PGA-Management-System\\app\\Views\\student\\enrollment\\addressinfo.php', 49223)
 2 SYSTEMPATH\View\View.php(226): include('C:\\laragon\\www\\PGA-Management-System\\app\\Views\\student\\enrollment\\addressinfo.php')
 3 SYSTEMPATH\View\View.php(229): CodeIgniter\View\View->CodeIgniter\View\{closure}()
 4 SYSTEMPATH\View\View.php(467): CodeIgniter\View\View->render('student/enrollment/addressinfo', null, true)
 5 APPPATH\Views\address.php(2): CodeIgniter\View\View->include('student/enrollment/addressinfo')
 6 SYSTEMPATH\View\View.php(226): include('C:\\laragon\\www\\PGA-Management-System\\app\\Views\\address.php')
 7 SYSTEMPATH\View\View.php(229): CodeIgniter\View\View->CodeIgniter\View\{closure}()
 8 SYSTEMPATH\Common.php(1188): CodeIgniter\View\View->render('address', [], true)
 9 APPPATH\Controllers\EnrollmentController.php(97): view('address', [...])
10 SYSTEMPATH\CodeIgniter.php(919): App\Controllers\EnrollmentController->address()
11 SYSTEMPATH\CodeIgniter.php(494): CodeIgniter\CodeIgniter->runController(Object(App\Controllers\EnrollmentController))
12 SYSTEMPATH\CodeIgniter.php(353): CodeIgniter\CodeIgniter->handleRequest(null, Object(Config\Cache), false)
13 FCPATH\index.php(79): CodeIgniter\CodeIgniter->run()
14 SYSTEMPATH\Commands\Server\rewrite.php(47): require_once('C:\\laragon\\www\\PGA-Management-System\\public\\index.php')
CRITICAL - 2024-04-12 10:32:26 --> Undefined array key "address"
in APPPATH\Views\student\studentbody.php on line 100.
 1 APPPATH\Views\student\studentbody.php(100): CodeIgniter\Debug\Exceptions->errorHandler(2, 'Undefined array key "address"', 'C:\\laragon\\www\\PGA-Management-System\\app\\Views\\student\\studentbody.php', 100)
 2 SYSTEMPATH\View\View.php(226): include('C:\\laragon\\www\\PGA-Management-System\\app\\Views\\student\\studentbody.php')
 3 SYSTEMPATH\View\View.php(229): CodeIgniter\View\View->CodeIgniter\View\{closure}()
 4 SYSTEMPATH\View\View.php(467): CodeIgniter\View\View->render('student/studentbody', null, true)
 5 APPPATH\Views\student.php(2): CodeIgniter\View\View->include('student/studentbody')
 6 SYSTEMPATH\View\View.php(226): include('C:\\laragon\\www\\PGA-Management-System\\app\\Views\\student.php')
 7 SYSTEMPATH\View\View.php(229): CodeIgniter\View\View->CodeIgniter\View\{closure}()
 8 SYSTEMPATH\Common.php(1188): CodeIgniter\View\View->render('student', [], true)
 9 APPPATH\Controllers\StudentController.php(48): view('student', [...])
10 SYSTEMPATH\CodeIgniter.php(919): App\Controllers\StudentController->index()
11 SYSTEMPATH\CodeIgniter.php(494): CodeIgniter\CodeIgniter->runController(Object(App\Controllers\StudentController))
12 SYSTEMPATH\CodeIgniter.php(353): CodeIgniter\CodeIgniter->handleRequest(null, Object(Config\Cache), false)
13 FCPATH\index.php(79): CodeIgniter\CodeIgniter->run()
14 SYSTEMPATH\Commands\Server\rewrite.php(47): require_once('C:\\laragon\\www\\PGA-Management-System\\public\\index.php')
CRITICAL - 2024-04-12 10:44:20 --> Invalid file: "family.php"
in SYSTEMPATH\Exceptions\FrameworkException.php on line 39.
 1 SYSTEMPATH\View\View.php(214): CodeIgniter\Exceptions\FrameworkException::forInvalidFile('family.php')
 2 SYSTEMPATH\Common.php(1188): CodeIgniter\View\View->render('family', [], true)
 3 APPPATH\Controllers\EnrollmentController.php(103): view('family')
 4 SYSTEMPATH\CodeIgniter.php(919): App\Controllers\EnrollmentController->family()
 5 SYSTEMPATH\CodeIgniter.php(494): CodeIgniter\CodeIgniter->runController(Object(App\Controllers\EnrollmentController))
 6 SYSTEMPATH\CodeIgniter.php(353): CodeIgniter\CodeIgniter->handleRequest(null, Object(Config\Cache), false)
 7 FCPATH\index.php(79): CodeIgniter\CodeIgniter->run()
 8 SYSTEMPATH\Commands\Server\rewrite.php(47): require_once('C:\\laragon\\www\\PGA-Management-System\\public\\index.php')
CRITICAL - 2024-04-12 11:12:59 --> Invalid file: "sibling.php"
in SYSTEMPATH\Exceptions\FrameworkException.php on line 39.
 1 SYSTEMPATH\View\View.php(214): CodeIgniter\Exceptions\FrameworkException::forInvalidFile('sibling.php')
 2 SYSTEMPATH\Common.php(1188): CodeIgniter\View\View->render('sibling', [], true)
 3 APPPATH\Controllers\EnrollmentController.php(108): view('sibling')
 4 SYSTEMPATH\CodeIgniter.php(919): App\Controllers\EnrollmentController->sibling()
 5 SYSTEMPATH\CodeIgniter.php(494): CodeIgniter\CodeIgniter->runController(Object(App\Controllers\EnrollmentController))
 6 SYSTEMPATH\CodeIgniter.php(353): CodeIgniter\CodeIgniter->handleRequest(null, Object(Config\Cache), false)
 7 FCPATH\index.php(79): CodeIgniter\CodeIgniter->run()
 8 SYSTEMPATH\Commands\Server\rewrite.php(47): require_once('C:\\laragon\\www\\PGA-Management-System\\public\\index.php')
ERROR - 2024-04-12 12:05:02 --> Error connecting to the database: mysqli_sql_exception: No connection could be made because the target machine actively refused it in C:\laragon\www\PGA-Management-System\system\Database\MySQLi\Connection.php:185
Stack trace:
#0 C:\laragon\www\PGA-Management-System\system\Database\MySQLi\Connection.php(185): mysqli->real_connect('localhost', 'root', '', 'pga', 3306, '', 0)
#1 C:\laragon\www\PGA-Management-System\system\Database\BaseConnection.php(391): CodeIgniter\Database\MySQLi\Connection->connect(false)
#2 C:\laragon\www\PGA-Management-System\system\Database\BaseConnection.php(574): CodeIgniter\Database\BaseConnection->initialize()
#3 C:\laragon\www\PGA-Management-System\system\Database\BaseBuilder.php(1615): CodeIgniter\Database\BaseConnection->query('SELECT *\nFROM `...', Array, false)
#4 C:\laragon\www\PGA-Management-System\system\Model.php(264): CodeIgniter\Database\BaseBuilder->get()
#5 C:\laragon\www\PGA-Management-System\system\BaseModel.php(662): CodeIgniter\Model->doFirst()
#6 C:\laragon\www\PGA-Management-System\app\Controllers\Authentication.php(44): CodeIgniter\BaseModel->first()
#7 C:\laragon\www\PGA-Management-System\system\CodeIgniter.php(919): App\Controllers\Authentication->LoginAuth()
#8 C:\laragon\www\PGA-Management-System\system\CodeIgniter.php(494): CodeIgniter\CodeIgniter->runController(Object(App\Controllers\Authentication))
#9 C:\laragon\www\PGA-Management-System\system\CodeIgniter.php(353): CodeIgniter\CodeIgniter->handleRequest(NULL, Object(Config\Cache), false)
#10 C:\laragon\www\PGA-Management-System\public\index.php(79): CodeIgniter\CodeIgniter->run()
#11 C:\laragon\www\PGA-Management-System\system\Commands\Server\rewrite.php(47): require_once('C:\\laragon\\www\\...')
#12 {main}

Next CodeIgniter\Database\Exceptions\DatabaseException: No connection could be made because the target machine actively refused it in C:\laragon\www\PGA-Management-System\system\Database\MySQLi\Connection.php:229
Stack trace:
#0 C:\laragon\www\PGA-Management-System\system\Database\BaseConnection.php(391): CodeIgniter\Database\MySQLi\Connection->connect(false)
#1 C:\laragon\www\PGA-Management-System\system\Database\BaseConnection.php(574): CodeIgniter\Database\BaseConnection->initialize()
#2 C:\laragon\www\PGA-Management-System\system\Database\BaseBuilder.php(1615): CodeIgniter\Database\BaseConnection->query('SELECT *\nFROM `...', Array, false)
#3 C:\laragon\www\PGA-Management-System\system\Model.php(264): CodeIgniter\Database\BaseBuilder->get()
#4 C:\laragon\www\PGA-Management-System\system\BaseModel.php(662): CodeIgniter\Model->doFirst()
#5 C:\laragon\www\PGA-Management-System\app\Controllers\Authentication.php(44): CodeIgniter\BaseModel->first()
#6 C:\laragon\www\PGA-Management-System\system\CodeIgniter.php(919): App\Controllers\Authentication->LoginAuth()
#7 C:\laragon\www\PGA-Management-System\system\CodeIgniter.php(494): CodeIgniter\CodeIgniter->runController(Object(App\Controllers\Authentication))
#8 C:\laragon\www\PGA-Management-System\system\CodeIgniter.php(353): CodeIgniter\CodeIgniter->handleRequest(NULL, Object(Config\Cache), false)
#9 C:\laragon\www\PGA-Management-System\public\index.php(79): CodeIgniter\CodeIgniter->run()
#10 C:\laragon\www\PGA-Management-System\system\Commands\Server\rewrite.php(47): require_once('C:\\laragon\\www\\...')
#11 {main}
CRITICAL - 2024-04-12 12:05:02 --> Unable to connect to the database.
Main connection [MySQLi]: No connection could be made because the target machine actively refused it
in SYSTEMPATH\Database\BaseConnection.php on line 427.
 1 SYSTEMPATH\Database\BaseConnection.php(574): CodeIgniter\Database\BaseConnection->initialize()
 2 SYSTEMPATH\Database\BaseBuilder.php(1615): CodeIgniter\Database\BaseConnection->query('SELECT *
FROM `accounts`
WHERE `username` = :username:
 LIMIT 1', [...], false)
 3 SYSTEMPATH\Model.php(264): CodeIgniter\Database\BaseBuilder->get()
 4 SYSTEMPATH\BaseModel.php(662): CodeIgniter\Model->doFirst()
 5 APPPATH\Controllers\Authentication.php(44): CodeIgniter\BaseModel->first()
 6 SYSTEMPATH\CodeIgniter.php(919): App\Controllers\Authentication->LoginAuth()
 7 SYSTEMPATH\CodeIgniter.php(494): CodeIgniter\CodeIgniter->runController(Object(App\Controllers\Authentication))
 8 SYSTEMPATH\CodeIgniter.php(353): CodeIgniter\CodeIgniter->handleRequest(null, Object(Config\Cache), false)
 9 FCPATH\index.php(79): CodeIgniter\CodeIgniter->run()
10 SYSTEMPATH\Commands\Server\rewrite.php(47): require_once('C:\\laragon\\www\\PGA-Management-System\\public\\index.php')
CRITICAL - 2024-04-12 13:08:21 --> Invalid file: "registar/head.php"
in SYSTEMPATH\Exceptions\FrameworkException.php on line 39.
 1 SYSTEMPATH\View\View.php(214): CodeIgniter\Exceptions\FrameworkException::forInvalidFile('registar/head.php')
 2 SYSTEMPATH\View\View.php(467): CodeIgniter\View\View->render('registar/head', null, true)
 3 APPPATH\Views\email.php(1): CodeIgniter\View\View->include('registar/head')
 4 SYSTEMPATH\View\View.php(226): include('C:\\laragon\\www\\PGA-Management-System\\app\\Views\\email.php')
 5 SYSTEMPATH\View\View.php(229): CodeIgniter\View\View->CodeIgniter\View\{closure}()
 6 SYSTEMPATH\Common.php(1188): CodeIgniter\View\View->render('email', [], true)
 7 APPPATH\Controllers\RegistrarController.php(41): view('email')
 8 SYSTEMPATH\CodeIgniter.php(919): App\Controllers\RegistrarController->mail()
 9 SYSTEMPATH\CodeIgniter.php(494): CodeIgniter\CodeIgniter->runController(Object(App\Controllers\RegistrarController))
10 SYSTEMPATH\CodeIgniter.php(353): CodeIgniter\CodeIgniter->handleRequest(null, Object(Config\Cache), false)
11 FCPATH\index.php(79): CodeIgniter\CodeIgniter->run()
12 SYSTEMPATH\Commands\Server\rewrite.php(47): require_once('C:\\laragon\\www\\PGA-Management-System\\public\\index.php')
